#
# There is insufficient memory for the Java Runtime Environment to continue.
# Native memory allocation (malloc) failed to allocate 510096 bytes for Chunk::new
# Possible reasons:
#   The system is out of physical RAM or swap space
#   In 32 bit mode, the process size limit was hit
# Possible solutions:
#   Reduce memory load on the system
#   Increase physical memory or swap space
#   Check if swap backing store is full
#   Use 64 bit Java on a 64 bit OS
#   Decrease Java heap size (-Xmx/-Xms)
#   Decrease number of Java threads
#   Decrease Java thread stack sizes (-Xss)
#   Set larger code cache with -XX:ReservedCodeCacheSize=
# This output file may be truncated or incomplete.
#
#  Out of Memory Error (allocation.cpp:390), pid=14184, tid=0x00000000000054c8
#
# JRE version: Java(TM) SE Runtime Environment (8.0_144-b01) (build 1.8.0_144-b01)
# Java VM: Java HotSpot(TM) 64-Bit Server VM (25.144-b01 mixed mode windows-amd64 compressed oops)
# Failed to write core dump. Minidumps are not enabled by default on client versions of Windows
#

---------------  T H R E A D  ---------------

Current thread (0x00000000173de800):  JavaThread "C2 CompilerThread0" daemon [_thread_in_native, id=21704, stack(0x0000000018a40000,0x0000000018b40000)]

Stack: [0x0000000018a40000,0x0000000018b40000]
[error occurred during error reporting (printing stack bounds), id 0xc0000005]

Native frames: (J=compiled Java code, j=interpreted, Vv=VM code, C=native code)


Current CompileTask:
C2:   7592 1021       4       sun.font.TrueTypeFont::initAllNames (177 bytes)


---------------  P R O C E S S  ---------------

Java Threads: ( => current thread )
  0x0000000000c8e000 JavaThread "DestroyJavaVM" [_thread_blocked, id=21088, stack(0x00000000025a0000,0x00000000026a0000)]
  0x0000000019111000 JavaThread "AWT-EventQueue-0" [_thread_blocked, id=10612, stack(0x0000000019cc0000,0x0000000019dc0000)]
  0x0000000019067800 JavaThread "AWT-Windows" daemon [_thread_in_native, id=3064, stack(0x0000000019680000,0x0000000019780000)]
  0x0000000019065000 JavaThread "AWT-Shutdown" [_thread_blocked, id=8772, stack(0x0000000019580000,0x0000000019680000)]
  0x0000000019064000 JavaThread "Java2D Disposer" daemon [_thread_blocked, id=12788, stack(0x0000000019480000,0x0000000019580000)]
  0x0000000018d61000 JavaThread "Service Thread" daemon [_thread_blocked, id=15396, stack(0x0000000019140000,0x0000000019240000)]
  0x000000001742c800 JavaThread "C1 CompilerThread2" daemon [_thread_blocked, id=12940, stack(0x0000000018c40000,0x0000000018d40000)]
  0x00000000173e2800 JavaThread "C2 CompilerThread1" daemon [_thread_blocked, id=15156, stack(0x0000000018b40000,0x0000000018c40000)]
=>0x00000000173de800 JavaThread "C2 CompilerThread0" daemon [_thread_in_native, id=21704, stack(0x0000000018a40000,0x0000000018b40000)]
  0x00000000173db800 JavaThread "Attach Listener" daemon [_thread_blocked, id=4616, stack(0x0000000018940000,0x0000000018a40000)]
  0x000000000286e800 JavaThread "Signal Dispatcher" daemon [_thread_blocked, id=8632, stack(0x0000000018840000,0x0000000018940000)]
  0x0000000002866800 JavaThread "Finalizer" daemon [_thread_blocked, id=13184, stack(0x0000000018640000,0x0000000018740000)]
  0x0000000002861000 JavaThread "Reference Handler" daemon [_thread_blocked, id=18412, stack(0x0000000018540000,0x0000000018640000)]

Other Threads:
  0x00000000173a7000 VMThread [stack: 0x0000000018440000,0x0000000018540000] [id=21340]
  0x0000000018d73000 WatcherThread [stack: 0x0000000019240000,0x0000000019340000] [id=22072]

VM state:not at safepoint (normal execution)

VM Mutex/Monitor currently owned by a thread: None

Heap:
 PSYoungGen      total 38400K, used 24380K [0x00000000d5c00000, 0x00000000d8680000, 0x0000000100000000)
  eden space 33280K, 73% used [0x00000000d5c00000,0x00000000d73cf090,0x00000000d7c80000)
  from space 5120K, 0% used [0x00000000d8180000,0x00000000d8180000,0x00000000d8680000)
  to   space 5120K, 0% used [0x00000000d7c80000,0x00000000d7c80000,0x00000000d8180000)
 ParOldGen       total 87552K, used 0K [0x0000000081400000, 0x0000000086980000, 0x00000000d5c00000)
  object space 87552K, 0% used [0x0000000081400000,0x0000000081400000,0x0000000086980000)
 Metaspace       used 12802K, capacity 12998K, committed 13312K, reserved 1060864K
  class space    used 1635K, capacity 1703K, committed 1792K, reserved 1048576K

Card table byte_map: [0x0000000011c30000,0x0000000012030000] byte_map_base: 0x0000000011826000

Marking Bits: (ParMarkBitMap*) 0x0000000066ffd850
 Begin Bits: [0x00000000126e0000, 0x0000000014690000)
 End Bits:   [0x0000000014690000, 0x0000000016640000)

Polling page: 0x00000000007f0000

CodeCache: size=245760Kb used=3806Kb max_used=3806Kb free=241953Kb
 bounds [0x0000000002870000, 0x0000000002c30000, 0x0000000011870000]
 total_blobs=1607 nmethods=1107 adapters=413
 compilation: enabled

Compilation events (10 events):
Event: 7.532 Thread 0x000000001742c800 nmethod 1095 0x0000000002c232d0 code [0x0000000002c23460, 0x0000000002c238f8]
Event: 7.532 Thread 0x000000001742c800 1096       3       sun.java2d.SunGraphics2D::validatePipe (29 bytes)
Event: 7.533 Thread 0x000000001742c800 nmethod 1096 0x0000000002c22c90 code [0x0000000002c22e20, 0x0000000002c231d8]
Event: 7.533 Thread 0x000000001742c800 1097       3       sun.java2d.pipe.DrawImage::closeToInteger (20 bytes)
Event: 7.533 Thread 0x000000001742c800 nmethod 1097 0x0000000002c24290 code [0x0000000002c24420, 0x0000000002c245f0]
Event: 7.533 Thread 0x000000001742c800 1098       1       javax.swing.JTextField::getUIClassID (3 bytes)
Event: 7.534 Thread 0x000000001742c800 nmethod 1098 0x0000000002c22910 code [0x0000000002c22a60, 0x0000000002c22b70]
Event: 7.535 Thread 0x000000001742c800 1099       3       sun.dc.pr.Rasterizer::getTypicalAlpha (54 bytes)
Event: 7.535 Thread 0x000000001742c800 nmethod 1099 0x0000000002c249d0 code [0x0000000002c24b40, 0x0000000002c24d48]
Event: 7.536 Thread 0x000000001742c800 1101       3       sun.java2d.SurfaceData::validatePipe (785 bytes)

GC Heap History (0 events):
No events

Deoptimization events (10 events):
Event: 3.270 Thread 0x0000000019111000 Uncommon trap: reason=class_check action=maybe_recompile pc=0x00000000029f8f1c method=java.lang.String.equals(Ljava/lang/Object;)Z @ 8
Event: 3.273 Thread 0x0000000019111000 Uncommon trap: reason=class_check action=maybe_recompile pc=0x00000000029f8f1c method=java.lang.String.equals(Ljava/lang/Object;)Z @ 8
Event: 3.276 Thread 0x0000000019111000 Uncommon trap: reason=class_check action=maybe_recompile pc=0x00000000029f8f1c method=java.lang.String.equals(Ljava/lang/Object;)Z @ 8
Event: 3.276 Thread 0x0000000019111000 Uncommon trap: reason=class_check action=maybe_recompile pc=0x00000000029f8f1c method=java.lang.String.equals(Ljava/lang/Object;)Z @ 8
Event: 3.417 Thread 0x0000000019067800 Uncommon trap: reason=unstable_if action=reinterpret pc=0x0000000002a76668 method=java.util.HashMap.putVal(ILjava/lang/Object;Ljava/lang/Object;ZZ)Ljava/lang/Object; @ 206
Event: 3.740 Thread 0x0000000019111000 Uncommon trap: reason=unstable_if action=reinterpret pc=0x0000000002abef38 method=java.awt.MultipleGradientPaintContext.indexIntoGradientsArrays(F)I @ 93
Event: 5.788 Thread 0x0000000019111000 Uncommon trap: reason=unstable_if action=reinterpret pc=0x0000000002a61e40 method=java.lang.CharacterData.of(I)Ljava/lang/CharacterData; @ 4
Event: 6.934 Thread 0x0000000019111000 Uncommon trap: reason=unstable_if action=reinterpret pc=0x0000000002bd1bb4 method=java.lang.Character.isSurrogate(C)Z @ 3
Event: 6.935 Thread 0x0000000019111000 Uncommon trap: reason=unstable_if action=reinterpret pc=0x0000000002b252a4 method=java.lang.String.toLowerCase(Ljava/util/Locale;)Ljava/lang/String; @ 37
Event: 7.396 Thread 0x0000000019111000 Uncommon trap: reason=unstable_if action=reinterpret pc=0x0000000002bf439c method=sun.nio.ch.Util$BufferCache.get(I)Ljava/nio/ByteBuffer; @ 47

Internal exceptions (10 events):
Event: 2.824 Thread 0x0000000000c8e000 Exception <a 'java/lang/ClassNotFoundException': ToolBar> (0x00000000d6014348) thrown at [C:\re\workspace\8-2-build-windows-amd64-cygwin\jdk8u144\9417\hotspot\src\share\vm\classfile\systemDictionary.cpp, line 210]
Event: 2.824 Thread 0x0000000000c8e000 Exception <a 'java/lang/ClassNotFoundException': ToggleButton> (0x00000000d60148f8) thrown at [C:\re\workspace\8-2-build-windows-amd64-cygwin\jdk8u144\9417\hotspot\src\share\vm\classfile\systemDictionary.cpp, line 210]
Event: 2.824 Thread 0x0000000000c8e000 Exception <a 'java/lang/ClassNotFoundException': javax/swing/JToolBarSeparator> (0x00000000d6014d58) thrown at [C:\re\workspace\8-2-build-windows-amd64-cygwin\jdk8u144\9417\hotspot\src\share\vm\classfile\systemDictionary.cpp, line 210]
Event: 2.824 Thread 0x0000000000c8e000 Exception <a 'java/lang/ClassNotFoundException': ToolBarSeparator> (0x00000000d60151f0) thrown at [C:\re\workspace\8-2-build-windows-amd64-cygwin\jdk8u144\9417\hotspot\src\share\vm\classfile\systemDictionary.cpp, line 210]
Event: 2.825 Thread 0x0000000000c8e000 Exception <a 'java/lang/ClassNotFoundException': ToolTip> (0x00000000d6015930) thrown at [C:\re\workspace\8-2-build-windows-amd64-cygwin\jdk8u144\9417\hotspot\src\share\vm\classfile\systemDictionary.cpp, line 210]
Event: 2.829 Thread 0x0000000000c8e000 Exception <a 'java/lang/ClassNotFoundException': Tree> (0x00000000d6016550) thrown at [C:\re\workspace\8-2-build-windows-amd64-cygwin\jdk8u144\9417\hotspot\src\share\vm\classfile\systemDictionary.cpp, line 210]
Event: 2.829 Thread 0x0000000000c8e000 Exception <a 'java/lang/ClassNotFoundException': Tree> (0x00000000d6016c90) thrown at [C:\re\workspace\8-2-build-windows-amd64-cygwin\jdk8u144\9417\hotspot\src\share\vm\classfile\systemDictionary.cpp, line 210]
Event: 2.829 Thread 0x0000000000c8e000 Exception <a 'java/lang/ClassNotFoundException': javax/swing/JTreeCell> (0x00000000d6017010) thrown at [C:\re\workspace\8-2-build-windows-amd64-cygwin\jdk8u144\9417\hotspot\src\share\vm\classfile\systemDictionary.cpp, line 210]
Event: 2.829 Thread 0x0000000000c8e000 Exception <a 'java/lang/ClassNotFoundException': TreeCell> (0x00000000d6017498) thrown at [C:\re\workspace\8-2-build-windows-amd64-cygwin\jdk8u144\9417\hotspot\src\share\vm\classfile\systemDictionary.cpp, line 210]
Event: 2.830 Thread 0x0000000000c8e000 Exception <a 'java/lang/ClassNotFoundException': RootPane> (0x00000000d6017ef8) thrown at [C:\re\workspace\8-2-build-windows-amd64-cygwin\jdk8u144\9417\hotspot\src\share\vm\classfile\systemDictionary.cpp, line 210]

Events (10 events):
Event: 7.396 Executing VM operation: RevokeBias
Event: 7.396 Executing VM operation: RevokeBias done
Event: 7.396 Thread 0x0000000019111000 DEOPT PACKING pc=0x0000000002bf439c sp=0x0000000019dbc0c0
Event: 7.396 Thread 0x0000000019111000 DEOPT UNPACKING pc=0x00000000028b582a sp=0x0000000019dbbeb0 mode 2
Event: 7.442 loading class javax/swing/plaf/basic/BasicTextFieldUI$I18nFieldView
Event: 7.442 loading class javax/swing/plaf/basic/BasicTextFieldUI$I18nFieldView done
Event: 7.513 Thread 0x0000000019111000 DEOPT PACKING pc=0x0000000002acf211 sp=0x0000000019dbbb40
Event: 7.513 Thread 0x0000000019111000 DEOPT UNPACKING pc=0x00000000028b787f sp=0x0000000019dbb850 mode 0
Event: 7.525 Thread 0x0000000019111000 DEOPT PACKING pc=0x0000000002acf211 sp=0x0000000019dbc0f0
Event: 7.525 Thread 0x0000000019111000 DEOPT UNPACKING pc=0x00000000028b787f sp=0x0000000019dbbe00 mode 0


Dynamic libraries:
0x00007ff7d86b0000 - 0x00007ff7d86e7000 	C:\Program Files\Java\jdk1.8.0_144\jre\bin\java.exe
0x00007ffcf5320000 - 0x00007ffcf550d000 	C:\WINDOWS\SYSTEM32\ntdll.dll
0x00007ffcc0390000 - 0x00007ffcc03a4000 	C:\Program Files\AVAST Software\Avast\aswhook.dll
0x00007ffcf2540000 - 0x00007ffcf25f3000 	C:\WINDOWS\System32\KERNEL32.DLL
0x00007ffcf1510000 - 0x00007ffcf17a3000 	C:\WINDOWS\System32\KERNELBASE.dll
0x00007ffcf2bc0000 - 0x00007ffcf2c63000 	C:\WINDOWS\System32\ADVAPI32.dll
0x00007ffcf3190000 - 0x00007ffcf322e000 	C:\WINDOWS\System32\msvcrt.dll
0x00007ffcf3300000 - 0x00007ffcf339e000 	C:\WINDOWS\System32\sechost.dll
0x00007ffcf2600000 - 0x00007ffcf2722000 	C:\WINDOWS\System32\RPCRT4.dll
0x00007ffcf3a90000 - 0x00007ffcf3c27000 	C:\WINDOWS\System32\USER32.dll
0x00007ffcf2280000 - 0x00007ffcf22a0000 	C:\WINDOWS\System32\win32u.dll
0x00007ffcf5140000 - 0x00007ffcf5169000 	C:\WINDOWS\System32\GDI32.dll
0x00007ffcf22a0000 - 0x00007ffcf2439000 	C:\WINDOWS\System32\gdi32full.dll
0x00007ffcf21e0000 - 0x00007ffcf2280000 	C:\WINDOWS\System32\msvcp_win.dll
0x00007ffcf2440000 - 0x00007ffcf253a000 	C:\WINDOWS\System32\ucrtbase.dll
0x00007ffce27c0000 - 0x00007ffce2a39000 	C:\WINDOWS\WinSxS\amd64_microsoft.windows.common-controls_6595b64144ccf1df_6.0.17763.973_none_05b245900721eb81\COMCTL32.dll
0x00007ffcf2d30000 - 0x00007ffcf305c000 	C:\WINDOWS\System32\combase.dll
0x00007ffcf1490000 - 0x00007ffcf150e000 	C:\WINDOWS\System32\bcryptPrimitives.dll
0x00007ffcf3550000 - 0x00007ffcf357e000 	C:\WINDOWS\System32\IMM32.DLL
0x0000000066700000 - 0x00000000667d2000 	C:\Program Files\Java\jdk1.8.0_144\jre\bin\msvcr100.dll
0x00000000667e0000 - 0x000000006707d000 	C:\Program Files\Java\jdk1.8.0_144\jre\bin\server\jvm.dll
0x00007ffcf2bb0000 - 0x00007ffcf2bb8000 	C:\WINDOWS\System32\PSAPI.DLL
0x00007ffcefe70000 - 0x00007ffcefe79000 	C:\WINDOWS\SYSTEM32\WSOCK32.dll
0x00007ffcf3290000 - 0x00007ffcf32fd000 	C:\WINDOWS\System32\WS2_32.dll
0x00007ffcee6c0000 - 0x00007ffcee6e4000 	C:\WINDOWS\SYSTEM32\WINMM.dll
0x00007ffce9f80000 - 0x00007ffce9f8a000 	C:\WINDOWS\SYSTEM32\VERSION.dll
0x00007ffcee690000 - 0x00007ffcee6bd000 	C:\WINDOWS\SYSTEM32\WINMMBASE.dll
0x00007ffcf1830000 - 0x00007ffcf187a000 	C:\WINDOWS\System32\cfgmgr32.dll
0x00000000671e0000 - 0x00000000671ef000 	C:\Program Files\Java\jdk1.8.0_144\jre\bin\verify.dll
0x0000000066690000 - 0x00000000666b9000 	C:\Program Files\Java\jdk1.8.0_144\jre\bin\java.dll
0x00000000671c0000 - 0x00000000671d6000 	C:\Program Files\Java\jdk1.8.0_144\jre\bin\zip.dll
0x00007ffcf3c30000 - 0x00007ffcf5124000 	C:\WINDOWS\System32\SHELL32.dll
0x00007ffcf5170000 - 0x00007ffcf5218000 	C:\WINDOWS\System32\shcore.dll
0x00007ffcf1a90000 - 0x00007ffcf21dd000 	C:\WINDOWS\System32\windows.storage.dll
0x00007ffcf1350000 - 0x00007ffcf1374000 	C:\WINDOWS\System32\profapi.dll
0x00007ffcf1380000 - 0x00007ffcf13dd000 	C:\WINDOWS\System32\powrprof.dll
0x00007ffcf2cd0000 - 0x00007ffcf2d22000 	C:\WINDOWS\System32\shlwapi.dll
0x00007ffcf1330000 - 0x00007ffcf1341000 	C:\WINDOWS\System32\kernel.appcore.dll
0x00007ffcf1810000 - 0x00007ffcf1827000 	C:\WINDOWS\System32\cryptsp.dll
0x00000000664b0000 - 0x0000000066648000 	C:\Program Files\Java\jdk1.8.0_144\jre\bin\awt.dll
0x00007ffcf5220000 - 0x00007ffcf52e4000 	C:\WINDOWS\System32\OLEAUT32.dll
0x00007ffcee8e0000 - 0x00007ffcee96c000 	C:\WINDOWS\SYSTEM32\apphelp.dll
0x00007ffcef510000 - 0x00007ffcef5ac000 	C:\WINDOWS\system32\uxtheme.dll
0x00007ffcf3710000 - 0x00007ffcf387c000 	C:\WINDOWS\System32\MSCTF.dll
0x00007ffcef7f0000 - 0x00007ffcef81e000 	C:\WINDOWS\system32\dwmapi.dll
0x00007ffcf18b0000 - 0x00007ffcf1a8c000 	C:\WINDOWS\System32\CRYPT32.dll
0x00007ffcf1310000 - 0x00007ffcf1322000 	C:\WINDOWS\System32\MSASN1.dll
0x00007ffcf3930000 - 0x00007ffcf3a85000 	C:\WINDOWS\System32\ole32.dll
0x0000000066460000 - 0x00000000664a7000 	C:\Program Files\Java\jdk1.8.0_144\jre\bin\fontmanager.dll
0x00007ffcd2760000 - 0x00007ffcd2887000 	C:\WINDOWS\system32\opengl32.dll
0x00007ffccf4e0000 - 0x00007ffccf50c000 	C:\WINDOWS\SYSTEM32\GLU32.dll
0x0000000066670000 - 0x000000006668a000 	C:\Program Files\Java\jdk1.8.0_144\jre\bin\net.dll
0x00007ffcf0b80000 - 0x00007ffcf0be7000 	C:\WINDOWS\system32\mswsock.dll
0x0000000066650000 - 0x0000000066661000 	C:\Program Files\Java\jdk1.8.0_144\jre\bin\nio.dll
0x0000000066410000 - 0x0000000066452000 	C:\Program Files\Java\jdk1.8.0_144\jre\bin\t2k.dll
0x00007ffcf3060000 - 0x00007ffcf3102000 	C:\WINDOWS\System32\clbcatq.dll
0x00007ffcea430000 - 0x00007ffcea5e8000 	C:\WINDOWS\SYSTEM32\WindowsCodecs.dll
0x00007ffcee760000 - 0x00007ffcee7b6000 	C:\WINDOWS\system32\dataexchange.dll
0x00007ffcedca0000 - 0x00007ffcedf1e000 	C:\WINDOWS\system32\d3d11.dll
0x00007ffcedf20000 - 0x00007ffcee0e3000 	C:\WINDOWS\system32\dcomp.dll
0x00007ffcf0040000 - 0x00007ffcf0102000 	C:\WINDOWS\system32\dxgi.dll
0x00007ffcef5b0000 - 0x00007ffcef7bd000 	C:\WINDOWS\system32\twinapi.appcore.dll
0x00007ffcef8d0000 - 0x00007ffcef8f8000 	C:\WINDOWS\system32\RMCLIENT.dll
0x00000000663d0000 - 0x00000000663fa000 	C:\Program Files\Java\jdk1.8.0_144\jre\bin\dcpr.dll
0x00007ffcead70000 - 0x00007ffceae05000 	C:\WINDOWS\System32\TextInputFramework.dll
0x00007ffcea5f0000 - 0x00007ffcea912000 	C:\WINDOWS\System32\CoreUIComponents.dll
0x00007ffcee0f0000 - 0x00007ffcee1d2000 	C:\WINDOWS\System32\CoreMessaging.dll
0x00007ffcf0380000 - 0x00007ffcf03b1000 	C:\WINDOWS\SYSTEM32\ntmarta.dll
0x00007ffcec5f0000 - 0x00007ffcec743000 	C:\WINDOWS\SYSTEM32\wintypes.dll

VM Arguments:
jvm_args: -Dfile.encoding=UTF-8 
java_command: Interface.MainJFrame
java_class_path (initial): C:\Users\Rohit\Desktop\Semester 1\App_Eng_Dev\Assignments\WEEK 1\workspace_test\Lab2.5\build\classes
Launcher Type: SUN_STANDARD

Environment Variables:
JAVA_HOME=C:\Program Files\Java\jdk1.8.0_144
PATH=C:\Program Files (x86)\Common Files\Oracle\Java\javapath;G:\Oracle\app\oracle\product\11.2.0\server\bin;C:\ProgramData\Oracle\Java\javapath;C:\Program Files (x86)\Intel\iCLS Client\;C:\Program Files\Intel\iCLS Client\;C:\WINDOWS\system32;C:\WINDOWS;C:\WINDOWS\System32\Wbem;C:\WINDOWS\System32\WindowsPowerShell\v1.0\;C:\Program Files (x86)\AMD\ATI.ACE\Core-Static;C:\Program Files (x86)\Calibre2\;C:\Program Files\Java\jdk1.8.0_144\bin;C:\Program Files\MySQL\MySQL Enterprise Backup 4.0\;C:\Program Files (x86)\MySQL\MySQL Fabric 1.5 & MySQL Utilities 1.5\;C:\Program Files (x86)\MySQL\MySQL Fabric 1.5 & MySQL Utilities 1.5\Doctrine extensions for PHP\;C:\Program Files (x86)\Windows Kits\8.1\Windows Performance Toolkit\;C:\WINDOWS\system32\config\systemprofile\.dnx\bin;C:\Program Files\Microsoft DNX\Dnvm\;C:\Program Files\Apache\apache-maven-3.5.3\bin;C:\WINDOWS\System32\OpenSSH\;C:\Program Files\Microsoft VS Code\bin;C:\Python3;C:\Python3\Scripts;C:\Program Files\nodejs\;C:\Program Files\Git\cmd;C:\Program Files\Git\mingw64\bin;C:\Program Files\Git\usr\bin;C:\Users\Rohit\AppData\Local\Programs\Python\Python37-32\Scripts\;C:\Users\Rohit\AppData\Local\Programs\Python\Python37-32\;C:\Users\Rohit\AppData\Local\Microsoft\WindowsApps;;C:\Program Files (x86)\SSH Communications Security\SSH Secure Shell;C:\Users\Rohit\AppData\Roaming\npm
USERNAME=Rohit
OS=Windows_NT
PROCESSOR_IDENTIFIER=Intel64 Family 6 Model 61 Stepping 4, GenuineIntel



---------------  S Y S T E M  ---------------

OS: Windows 10.0 , 64 bit Build 17763 (10.0.17763.475)

CPU:total 4 (initial active 4) (2 cores per cpu, 2 threads per core) family 6 model 61 stepping 4, cmov, cx8, fxsr, mmx, sse, sse2, sse3, ssse3, sse4.1, sse4.2, popcnt, avx, avx2, aes, clmul, erms, 3dnowpref, lzcnt, ht, tsc, tscinvbit, bmi1, bmi2, adx

Memory: 4k page, physical 8298572k(1259348k free), swap 13418572k(6836k free)

vm_info: Java HotSpot(TM) 64-Bit Server VM (25.144-b01) for windows-amd64 JRE (1.8.0_144-b01), built on Jul 21 2017 21:57:33 by "java_re" with MS VC++ 10.0 (VS2010)

time: Thu Jan 30 12:57:11 2020
elapsed time: 7 seconds (0d 0h 0m 7s)

