#
# A fatal error has been detected by the Java Runtime Environment:
#
#  EXCEPTION_ACCESS_VIOLATION (0xc0000005) at pc=0x00007ffbd3fac10b, pid=24700, tid=0x0000000000002560
#
# JRE version: Java(TM) SE Runtime Environment (8.0_241-b07) (build 1.8.0_241-b07)
# Java VM: Java HotSpot(TM) 64-Bit Server VM (25.241-b07 mixed mode windows-amd64 compressed oops)
# Problematic frame:
# C  [awt.dll+0x6c10b]
#
# Failed to write core dump. Minidumps are not enabled by default on client versions of Windows
#
# If you would like to submit a bug report, please visit:
#   http://bugreport.java.com/bugreport/crash.jsp
# The crash happened outside the Java Virtual Machine in native code.
# See problematic frame for where to report the bug.
#

---------------  T H R E A D  ---------------

Current thread (0x000000001f9e1800):  JavaThread "AWT-EventQueue-0" [_thread_in_native, id=9568, stack(0x0000000020e10000,0x0000000020f10000)]

siginfo: ExceptionCode=0xc0000005, reading address 0xffffffffffffffff

Registers:
RAX=0x6573756f4d2b6465, RBX=0x000000001f9e19f8, RCX=0x000000001f9e19f8, RDX=0x000000001ebe4e30
RSP=0x0000000020f0b770, RBP=0x0000000020f0b801, RSI=0x0000000020f0bab0, RDI=0x000000001ebe4e30
R8 =0x0000000000000042, R9 =0x000000076c9f9b48, R10=0x0000000000000b1a, R11=0x000000007360da60
R12=0x0000000020f0bab0, R13=0x0000000020f0bac8, R14=0x0000000000000000, R15=0x0000000000000000
RIP=0x00007ffbd3fac10b, EFLAGS=0x0000000000010206

Top of Stack: (sp=0x0000000020f0b770)
0x0000000020f0b770:   000000076cad2128 000000076cad2128
0x0000000020f0b780:   00000006c3f07210 0000000000000041
0x0000000020f0b790:   000000001f9e19f8 00007ffbd3f91d8a
0x0000000020f0b7a0:   00007ffbd4087ac8 0000000020f0b8a0
0x0000000020f0b7b0:   0000000020f0bac0 0000000003247da0
0x0000000020f0b7c0:   0000000020f0b8a8 00000000037a1154
0x0000000020f0b7d0:   000000076cad2128 0000000000000001
0x0000000020f0b7e0:   000000076dfa5ac8 0000000020f0b7e8
0x0000000020f0b7f0:   00000000210f7262 000000000000000d
0x0000000020f0b800:   0000000020f0bab8 00000006c3f071e0
0x0000000020f0b810:   0000000000000000 0000000000000000
0x0000000020f0b820:   000000001f9e19f8 0000000072ec4639
0x0000000020f0b830:   00007ffbd4087ac8 00000000032480e0
0x0000000020f0b840:   00000000032480e0 00000006c3f07108
0x0000000020f0b850:   00000006c3f071e0 0000000072f23ff0
0x0000000020f0b860:   000000000000000d 0000000020f0b868 

Instructions: (pc=0x00007ffbd3fac10b)
0x00007ffbd3fac0eb:   15 20 4d 09 00 e8 47 34 07 00 eb 16 40 84 ed 74
0x00007ffbd3fac0fb:   11 48 8b 40 20 48 85 c0 74 08 48 8b d7 48 8b cb
0x00007ffbd3fac10b:   ff d0 48 8b c7 48 8b 5c 24 30 48 8b 6c 24 38 48
0x00007ffbd3fac11b:   8b 74 24 40 48 83 c4 20 5f c3 cc cc cc 41 b0 01 


Register to memory mapping:

RAX=0x6573756f4d2b6465 is an unknown value
RBX=0x000000001f9e19f8 is an unknown value
RCX=0x000000001f9e19f8 is an unknown value
RDX=0x000000001ebe4e30 is an unknown value
RSP=0x0000000020f0b770 is pointing into the stack for thread: 0x000000001f9e1800
RBP=0x0000000020f0b801 is pointing into the stack for thread: 0x000000001f9e1800
RSI=0x0000000020f0bab0 is pointing into the stack for thread: 0x000000001f9e1800
RDI=0x000000001ebe4e30 is an unknown value
R8 =0x0000000000000042 is an unknown value
R9 =0x000000076c9f9b48 is an oop
sun.awt.image.BufImgSurfaceData 
 - klass: 'sun/awt/image/BufImgSurfaceData'
R10=0x0000000000000b1a is an unknown value
R11=0x000000007360da60 is an unknown value
R12=0x0000000020f0bab0 is pointing into the stack for thread: 0x000000001f9e1800
R13=0x0000000020f0bac8 is pointing into the stack for thread: 0x000000001f9e1800
R14=0x0000000000000000 is an unknown value
R15=0x0000000000000000 is an unknown value


Stack: [0x0000000020e10000,0x0000000020f10000],  sp=0x0000000020f0b770,  free space=1005k
Native frames: (J=compiled Java code, j=interpreted, Vv=VM code, C=native code)
C  [awt.dll+0x6c10b]
C  [awt.dll+0x51d8a]
C  0x0000000003aa4a5c

Java frames: (J=compiled Java code, j=interpreted, Vv=VM code)
J 2972  sun.java2d.loops.MaskBlit.MaskBlit(Lsun/java2d/SurfaceData;Lsun/java2d/SurfaceData;Ljava/awt/Composite;Lsun/java2d/pipe/Region;IIIIII[BII)V (0 bytes) @ 0x0000000003aa49d6 [0x0000000003aa48c0+0x116]
J 6846 C2 sun.java2d.loops.Blit$GeneralMaskBlit.Blit(Lsun/java2d/SurfaceData;Lsun/java2d/SurfaceData;Ljava/awt/Composite;Lsun/java2d/pipe/Region;IIIIII)V (28 bytes) @ 0x00000000044a55a0 [0x00000000044a54e0+0xc0]
J 2996 C1 sun.java2d.pipe.DrawImage.blitSurfaceData(Lsun/java2d/SunGraphics2D;Lsun/java2d/pipe/Region;Lsun/java2d/SurfaceData;Lsun/java2d/SurfaceData;Lsun/java2d/loops/SurfaceType;Lsun/java2d/loops/SurfaceType;IIIIIILjava/awt/Color;)V (145 bytes) @ 0x0000000003abfbd4 [0x0000000003abeda0+0xe34]
J 2912 C1 sun.java2d.pipe.DrawImage.renderImageCopy(Lsun/java2d/SunGraphics2D;Ljava/awt/Image;Ljava/awt/Color;IIIIII)Z (147 bytes) @ 0x0000000003a855ec [0x0000000003a85060+0x58c]
J 4564 C1 sun.java2d.pipe.DrawImage.copyImage(Lsun/java2d/SunGraphics2D;Ljava/awt/Image;IILjava/awt/Color;)Z (105 bytes) @ 0x0000000003ee0344 [0x0000000003edfda0+0x5a4]
J 3569 C1 sun.java2d.pipe.DrawImage.copyImage(Lsun/java2d/SunGraphics2D;Ljava/awt/Image;IILjava/awt/Color;Ljava/awt/image/ImageObserver;)Z (60 bytes) @ 0x0000000003c29bcc [0x0000000003c29560+0x66c]
J 3568 C1 sun.java2d.SunGraphics2D.drawImage(Ljava/awt/Image;IILjava/awt/Color;Ljava/awt/image/ImageObserver;)Z (145 bytes) @ 0x0000000003c25884 [0x0000000003c24f40+0x944]
J 6680 C1 sun.awt.image.ImageRepresentation.drawToBufImage(Ljava/awt/Graphics;Lsun/awt/image/ToolkitImage;IILjava/awt/Color;Ljava/awt/image/ImageObserver;)Z (159 bytes) @ 0x0000000003bd48d4 [0x0000000003bd4000+0x8d4]
J 3569 C1 sun.java2d.pipe.DrawImage.copyImage(Lsun/java2d/SunGraphics2D;Ljava/awt/Image;IILjava/awt/Color;Ljava/awt/image/ImageObserver;)Z (60 bytes) @ 0x0000000003c29b8c [0x0000000003c29560+0x62c]
J 3862 C1 sun.java2d.pipe.ValidatePipe.copyImage(Lsun/java2d/SunGraphics2D;Ljava/awt/Image;IILjava/awt/Color;Ljava/awt/image/ImageObserver;)Z (29 bytes) @ 0x0000000003d27e54 [0x0000000003d27a40+0x414]
J 3568 C1 sun.java2d.SunGraphics2D.drawImage(Ljava/awt/Image;IILjava/awt/Color;Ljava/awt/image/ImageObserver;)Z (145 bytes) @ 0x0000000003c25884 [0x0000000003c24f40+0x944]
J 3769 C1 sun.java2d.SunGraphics2D.drawImage(Ljava/awt/Image;IILjava/awt/image/ImageObserver;)Z (11 bytes) @ 0x000000000343f544 [0x000000000343f440+0x104]
J 6458 C1 javax.swing.ImageIcon.paintIcon(Ljava/awt/Component;Ljava/awt/Graphics;II)V (40 bytes) @ 0x0000000003d3268c [0x0000000003d32460+0x22c]
J 6206 C1 sun.swing.plaf.synth.SynthIcon.paintIcon(Ljavax/swing/Icon;Ljavax/swing/plaf/synth/SynthContext;Ljava/awt/Graphics;IIII)V (45 bytes) @ 0x00000000037662cc [0x0000000003766060+0x26c]
J 4565 C1 javax.swing.plaf.synth.SynthGraphicsUtils.paintText(Ljavax/swing/plaf/synth/SynthContext;Ljava/awt/Graphics;Ljava/lang/String;Ljavax/swing/Icon;IIIIIII)V (413 bytes) @ 0x0000000003ee4e44 [0x0000000003ee38c0+0x1584]
J 5771 C1 javax.swing.plaf.synth.SynthLabelUI.paint(Ljavax/swing/plaf/synth/SynthContext;Ljava/awt/Graphics;)V (100 bytes) @ 0x00000000042bff84 [0x00000000042bf2a0+0xce4]
J 4880 C1 javax.swing.plaf.synth.SynthLabelUI.update(Ljava/awt/Graphics;Ljavax/swing/JComponent;)V (41 bytes) @ 0x0000000003674f3c [0x0000000003673bc0+0x137c]
J 7315 C2 javax.swing.JComponent.paintComponent(Ljava/awt/Graphics;)V (44 bytes) @ 0x0000000003ffebbc [0x0000000003ffe9c0+0x1fc]
J 7172 C2 javax.swing.JComponent.paint(Ljava/awt/Graphics;)V (409 bytes) @ 0x0000000003b261e0 [0x0000000003b259a0+0x840]
J 6880 C2 javax.swing.JComponent.paintChildren(Ljava/awt/Graphics;)V (669 bytes) @ 0x00000000044ceb9c [0x00000000044ce080+0xb1c]
J 7172 C2 javax.swing.JComponent.paint(Ljava/awt/Graphics;)V (409 bytes) @ 0x0000000003b26218 [0x0000000003b259a0+0x878]
J 6880 C2 javax.swing.JComponent.paintChildren(Ljava/awt/Graphics;)V (669 bytes) @ 0x00000000044ceb9c [0x00000000044ce080+0xb1c]
j  javax.swing.JSplitPane.paintChildren(Ljava/awt/Graphics;)V+2
J 7172 C2 javax.swing.JComponent.paint(Ljava/awt/Graphics;)V (409 bytes) @ 0x0000000003b26218 [0x0000000003b259a0+0x878]
J 6880 C2 javax.swing.JComponent.paintChildren(Ljava/awt/Graphics;)V (669 bytes) @ 0x00000000044ceb9c [0x00000000044ce080+0xb1c]
J 7172 C2 javax.swing.JComponent.paint(Ljava/awt/Graphics;)V (409 bytes) @ 0x0000000003b26218 [0x0000000003b259a0+0x878]
J 6880 C2 javax.swing.JComponent.paintChildren(Ljava/awt/Graphics;)V (669 bytes) @ 0x00000000044ceb9c [0x00000000044ce080+0xb1c]
J 7172 C2 javax.swing.JComponent.paint(Ljava/awt/Graphics;)V (409 bytes) @ 0x0000000003b26218 [0x0000000003b259a0+0x878]
j  javax.swing.JLayeredPane.paint(Ljava/awt/Graphics;)V+73
J 6880 C2 javax.swing.JComponent.paintChildren(Ljava/awt/Graphics;)V (669 bytes) @ 0x00000000044ceb9c [0x00000000044ce080+0xb1c]
J 5711 C1 javax.swing.JComponent.paintToOffscreen(Ljava/awt/Graphics;IIIIII)V (108 bytes) @ 0x000000000428a8bc [0x000000000428a240+0x67c]
J 4975 C1 javax.swing.RepaintManager$PaintManager.paintDoubleBuffered(Ljavax/swing/JComponent;Ljava/awt/Image;Ljava/awt/Graphics;IIII)V (294 bytes) @ 0x0000000003ce9f34 [0x0000000003ce97e0+0x754]
J 5710 C1 javax.swing.RepaintManager$PaintManager.paint(Ljavax/swing/JComponent;Ljavax/swing/JComponent;Ljava/awt/Graphics;IIII)Z (189 bytes) @ 0x000000000428c034 [0x000000000428b380+0xcb4]
J 4933 C1 javax.swing.RepaintManager.paint(Ljavax/swing/JComponent;Ljavax/swing/JComponent;Ljava/awt/Graphics;IIII)V (93 bytes) @ 0x0000000003a64744 [0x0000000003a64260+0x4e4]
J 7172 C2 javax.swing.JComponent.paint(Ljava/awt/Graphics;)V (409 bytes) @ 0x0000000003b25f90 [0x0000000003b259a0+0x5f0]
j  java.awt.GraphicsCallback$PaintCallback.run(Ljava/awt/Component;Ljava/awt/Graphics;)V+2
j  sun.awt.SunGraphicsCallback.runOneComponent(Ljava/awt/Component;Ljava/awt/Rectangle;Ljava/awt/Graphics;Ljava/awt/Shape;I)V+155
j  sun.awt.SunGraphicsCallback.runComponents([Ljava/awt/Component;Ljava/awt/Graphics;I)V+194
j  java.awt.Container.paint(Ljava/awt/Graphics;)V+58
j  java.awt.Window.paint(Ljava/awt/Graphics;)V+68
J 4968 C1 javax.swing.RepaintManager$4.run()Ljava/lang/Void; (278 bytes) @ 0x0000000003cebe34 [0x0000000003ceb260+0xbd4]
J 4689 C1 javax.swing.RepaintManager$4.run()Ljava/lang/Object; (5 bytes) @ 0x0000000003f88ccc [0x0000000003f88c40+0x8c]
v  ~StubRoutines::call_stub
J 394  java.security.AccessController.doPrivileged(Ljava/security/PrivilegedAction;Ljava/security/AccessControlContext;)Ljava/lang/Object; (0 bytes) @ 0x0000000003432126 [0x00000000034320c0+0x66]
J 5013 C1 javax.swing.RepaintManager.paintDirtyRegions(Ljava/util/Map;)V (196 bytes) @ 0x000000000402e90c [0x000000000402d2c0+0x164c]
J 5012 C1 javax.swing.RepaintManager.paintDirtyRegions()V (50 bytes) @ 0x0000000003fc8cc4 [0x0000000003fc8a40+0x284]
J 5011 C1 javax.swing.RepaintManager.prePaintDirtyRegions()V (91 bytes) @ 0x000000000402a96c [0x000000000402a340+0x62c]
J 4733 C1 javax.swing.RepaintManager$ProcessingRunnable.run()V (41 bytes) @ 0x0000000003a4133c [0x0000000003a410e0+0x25c]
J 5554 C2 java.awt.EventQueue$3.run()Ljava/lang/Object; (5 bytes) @ 0x0000000004211d18 [0x00000000042119c0+0x358]
v  ~StubRoutines::call_stub
J 394  java.security.AccessController.doPrivileged(Ljava/security/PrivilegedAction;Ljava/security/AccessControlContext;)Ljava/lang/Object; (0 bytes) @ 0x0000000003432126 [0x00000000034320c0+0x66]
J 5550 C2 java.awt.EventDispatchThread.pumpOneEventForFilters(I)V (190 bytes) @ 0x000000000421d3fc [0x000000000421c420+0xfdc]
j  java.awt.EventDispatchThread.pumpEventsForFilter(ILjava/awt/Conditional;Ljava/awt/EventFilter;)V+35
j  java.awt.EventDispatchThread.pumpEventsForHierarchy(ILjava/awt/Conditional;Ljava/awt/Component;)V+11
j  java.awt.EventDispatchThread.pumpEvents(ILjava/awt/Conditional;)V+4
j  java.awt.EventDispatchThread.pumpEvents(Ljava/awt/Conditional;)V+3
j  java.awt.EventDispatchThread.run()V+9
v  ~StubRoutines::call_stub

---------------  P R O C E S S  ---------------

Java Threads: ( => current thread )
  0x000000001fc99800 JavaThread "Image Animator 0" daemon [_thread_blocked, id=27516, stack(0x0000000001530000,0x0000000001630000)]
  0x000000001fc9e800 JavaThread "Timer-8" [_thread_blocked, id=29140, stack(0x00000000013f0000,0x00000000014f0000)]
  0x00000000227d1800 JavaThread "Swing-Shell" daemon [_thread_blocked, id=23176, stack(0x0000000024ff0000,0x00000000250f0000)]
  0x0000000022a2f800 JavaThread "TimerQueue" daemon [_thread_blocked, id=25244, stack(0x0000000020f10000,0x0000000021010000)]
  0x0000000002f7d800 JavaThread "DestroyJavaVM" [_thread_blocked, id=14424, stack(0x0000000003040000,0x0000000003140000)]
=>0x000000001f9e1800 JavaThread "AWT-EventQueue-0" [_thread_in_native, id=9568, stack(0x0000000020e10000,0x0000000020f10000)]
  0x000000001f9d7000 JavaThread "AWT-Windows" daemon [_thread_in_native, id=23976, stack(0x0000000020340000,0x0000000020440000)]
  0x000000001f9d3800 JavaThread "AWT-Shutdown" [_thread_blocked, id=19880, stack(0x0000000020240000,0x0000000020340000)]
  0x000000001f9cf000 JavaThread "Java2D Disposer" daemon [_thread_blocked, id=26524, stack(0x0000000020140000,0x0000000020240000)]
  0x000000001e9d3800 JavaThread "Service Thread" daemon [_thread_blocked, id=13624, stack(0x000000001f600000,0x000000001f700000)]
  0x000000001e949800 JavaThread "C1 CompilerThread3" daemon [_thread_blocked, id=2888, stack(0x000000001f500000,0x000000001f600000)]
  0x000000001cb3e800 JavaThread "C2 CompilerThread2" daemon [_thread_in_native, id=11684, stack(0x000000001f400000,0x000000001f500000)]
  0x000000001cb3d800 JavaThread "C2 CompilerThread1" daemon [_thread_blocked, id=25860, stack(0x000000001f300000,0x000000001f400000)]
  0x000000001cb3b000 JavaThread "C2 CompilerThread0" daemon [_thread_blocked, id=24032, stack(0x000000001f200000,0x000000001f300000)]
  0x000000001e935800 JavaThread "Attach Listener" daemon [_thread_blocked, id=21424, stack(0x000000001f100000,0x000000001f200000)]
  0x000000001e934800 JavaThread "Signal Dispatcher" daemon [_thread_blocked, id=15624, stack(0x000000001f000000,0x000000001f100000)]
  0x000000000323e800 JavaThread "Finalizer" daemon [_thread_blocked, id=12140, stack(0x000000001ee00000,0x000000001ef00000)]
  0x0000000003237800 JavaThread "Reference Handler" daemon [_thread_blocked, id=15156, stack(0x000000001ed00000,0x000000001ee00000)]

Other Threads:
  0x000000001cb29800 VMThread [stack: 0x000000001e800000,0x000000001e900000] [id=25776]
  0x000000001e9fe800 WatcherThread [stack: 0x000000001f700000,0x000000001f800000] [id=16964]

VM state:not at safepoint (normal execution)

VM Mutex/Monitor currently owned by a thread:  ([mutex/lock_event])
[0x0000000003141f50] CompiledIC_lock - owner thread: 0x000000001cb3e800

heap address: 0x00000006c3e00000, size: 4034 MB, Compressed Oops mode: Zero based, Oop shift amount: 3
Narrow klass base: 0x0000000000000000, Narrow klass shift: 3
Compressed class space size: 1073741824 Address: 0x00000007c0000000

Heap:
 PSYoungGen      total 52736K, used 38925K [0x000000076bf80000, 0x0000000771580000, 0x00000007c0000000)
  eden space 48128K, 71% used [0x000000076bf80000,0x000000076e1289e8,0x000000076ee80000)
  from space 4608K, 96% used [0x000000076ef80000,0x000000076f3dabf0,0x000000076f400000)
  to   space 19968K, 0% used [0x0000000770200000,0x0000000770200000,0x0000000771580000)
 ParOldGen       total 126976K, used 33717K [0x00000006c3e00000, 0x00000006cba00000, 0x000000076bf80000)
  object space 126976K, 26% used [0x00000006c3e00000,0x00000006c5eed430,0x00000006cba00000)
 Metaspace       used 31230K, capacity 34112K, committed 36608K, reserved 1081344K
  class space    used 4041K, capacity 4664K, committed 5120K, reserved 1048576K

Card table byte_map: [0x0000000012600000,0x0000000012df0000] byte_map_base: 0x000000000efe1000

Marking Bits: (ParMarkBitMap*) 0x000000007361be30
 Begin Bits: [0x0000000013b40000, 0x0000000017a48000)
 End Bits:   [0x0000000017a48000, 0x000000001b950000)

Polling page: 0x0000000002ec0000

CodeCache: size=245760Kb used=21011Kb max_used=21033Kb free=224748Kb
 bounds [0x0000000003240000, 0x0000000004700000, 0x0000000012240000]
 total_blobs=6981 nmethods=6384 adapters=506
 compilation: enabled

Compilation events (10 events):
Event: 923.259 Thread 0x000000001e949800 nmethod 7798 0x000000000400eb90 code [0x000000000400ed80, 0x000000000400f7b8]
Event: 923.271 Thread 0x000000001cb3b000 7799   !   4       java.awt.Component::validate (105 bytes)
Event: 923.282 Thread 0x000000001cb3b000 nmethod 7799 0x000000000400e3d0 code [0x000000000400e540, 0x000000000400e9a8]
Event: 923.283 Thread 0x000000001cb3b000 7800       4       java.awt.Container::updateGraphicsData (59 bytes)
Event: 923.300 Thread 0x000000001cb3b000 nmethod 7800 0x000000000400da10 code [0x000000000400db80, 0x000000000400def8]
Event: 923.303 Thread 0x000000001cb3b000 7801       4       java.awt.Toolkit::getEventQueue (7 bytes)
Event: 923.309 Thread 0x000000001cb3b000 nmethod 7801 0x0000000004009250 code [0x00000000040093c0, 0x00000000040096e8]
Event: 923.317 Thread 0x000000001e949800 7802       3       javax.swing.plaf.basic.BasicSplitPaneUI$BasicHorizontalLayoutManager::setComponentToSize (109 bytes)
Event: 923.318 Thread 0x000000001e949800 nmethod 7802 0x0000000004008810 code [0x00000000040089c0, 0x0000000004008f98]
Event: 923.325 Thread 0x000000001cb3d800 nmethod 7780 0x00000000046e52d0 code [0x00000000046e5600, 0x00000000046e7720]

GC Heap History (10 events):
Event: 540.810 GC heap before
{Heap before GC invocations=28 (full 3):
 PSYoungGen      total 75264K, used 53813K [0x000000076bf80000, 0x0000000772100000, 0x00000007c0000000)
  eden space 52224K, 100% used [0x000000076bf80000,0x000000076f280000,0x000000076f280000)
  from space 23040K, 6% used [0x0000000770980000,0x0000000770b0d600,0x0000000772000000)
  to   space 23552K, 0% used [0x000000076f280000,0x000000076f280000,0x0000000770980000)
 ParOldGen       total 126976K, used 32972K [0x00000006c3e00000, 0x00000006cba00000, 0x000000076bf80000)
  object space 126976K, 25% used [0x00000006c3e00000,0x00000006c5e33260,0x00000006cba00000)
 Metaspace       used 29063K, capacity 30690K, committed 36608K, reserved 1081344K
  class space    used 3736K, capacity 4115K, committed 5120K, reserved 1048576K
Event: 540.816 GC heap after
Heap after GC invocations=28 (full 3):
 PSYoungGen      total 75776K, used 3823K [0x000000076bf80000, 0x0000000772c00000, 0x00000007c0000000)
  eden space 52224K, 0% used [0x000000076bf80000,0x000000076bf80000,0x000000076f280000)
  from space 23552K, 16% used [0x000000076f280000,0x000000076f63bec0,0x0000000770980000)
  to   space 23040K, 0% used [0x0000000771580000,0x0000000771580000,0x0000000772c00000)
 ParOldGen       total 126976K, used 32980K [0x00000006c3e00000, 0x00000006cba00000, 0x000000076bf80000)
  object space 126976K, 25% used [0x00000006c3e00000,0x00000006c5e35260,0x00000006cba00000)
 Metaspace       used 29063K, capacity 30690K, committed 36608K, reserved 1081344K
  class space    used 3736K, capacity 4115K, committed 5120K, reserved 1048576K
}
Event: 585.942 GC heap before
{Heap before GC invocations=29 (full 3):
 PSYoungGen      total 75776K, used 56047K [0x000000076bf80000, 0x0000000772c00000, 0x00000007c0000000)
  eden space 52224K, 100% used [0x000000076bf80000,0x000000076f280000,0x000000076f280000)
  from space 23552K, 16% used [0x000000076f280000,0x000000076f63bec0,0x0000000770980000)
  to   space 23040K, 0% used [0x0000000771580000,0x0000000771580000,0x0000000772c00000)
 ParOldGen       total 126976K, used 32980K [0x00000006c3e00000, 0x00000006cba00000, 0x000000076bf80000)
  object space 126976K, 25% used [0x00000006c3e00000,0x00000006c5e35260,0x00000006cba00000)
 Metaspace       used 29549K, capacity 31438K, committed 36608K, reserved 1081344K
  class space    used 3800K, capacity 4229K, committed 5120K, reserved 1048576K
Event: 585.948 GC heap after
Heap after GC invocations=29 (full 3):
 PSYoungGen      total 59392K, used 4361K [0x000000076bf80000, 0x0000000771d80000, 0x00000007c0000000)
  eden space 51200K, 0% used [0x000000076bf80000,0x000000076bf80000,0x000000076f180000)
  from space 8192K, 53% used [0x0000000771580000,0x00000007719c2780,0x0000000771d80000)
  to   space 22528K, 0% used [0x000000076f180000,0x000000076f180000,0x0000000770780000)
 ParOldGen       total 126976K, used 32988K [0x00000006c3e00000, 0x00000006cba00000, 0x000000076bf80000)
  object space 126976K, 25% used [0x00000006c3e00000,0x00000006c5e37260,0x00000006cba00000)
 Metaspace       used 29549K, capacity 31438K, committed 36608K, reserved 1081344K
  class space    used 3800K, capacity 4229K, committed 5120K, reserved 1048576K
}
Event: 587.460 GC heap before
{Heap before GC invocations=30 (full 3):
 PSYoungGen      total 59392K, used 55561K [0x000000076bf80000, 0x0000000771d80000, 0x00000007c0000000)
  eden space 51200K, 100% used [0x000000076bf80000,0x000000076f180000,0x000000076f180000)
  from space 8192K, 53% used [0x0000000771580000,0x00000007719c2780,0x0000000771d80000)
  to   space 22528K, 0% used [0x000000076f180000,0x000000076f180000,0x0000000770780000)
 ParOldGen       total 126976K, used 32988K [0x00000006c3e00000, 0x00000006cba00000, 0x000000076bf80000)
  object space 126976K, 25% used [0x00000006c3e00000,0x00000006c5e37260,0x00000006cba00000)
 Metaspace       used 30053K, capacity 32236K, committed 36608K, reserved 1081344K
  class space    used 3873K, capacity 4362K, committed 5120K, reserved 1048576K
Event: 587.465 GC heap after
Heap after GC invocations=30 (full 3):
 PSYoungGen      total 54784K, used 4132K [0x000000076bf80000, 0x0000000771b80000, 0x00000007c0000000)
  eden space 50176K, 0% used [0x000000076bf80000,0x000000076bf80000,0x000000076f080000)
  from space 4608K, 89% used [0x000000076f180000,0x000000076f589280,0x000000076f600000)
  to   space 22016K, 0% used [0x0000000770600000,0x0000000770600000,0x0000000771b80000)
 ParOldGen       total 126976K, used 32988K [0x00000006c3e00000, 0x00000006cba00000, 0x000000076bf80000)
  object space 126976K, 25% used [0x00000006c3e00000,0x00000006c5e37260,0x00000006cba00000)
 Metaspace       used 30053K, capacity 32236K, committed 36608K, reserved 1081344K
  class space    used 3873K, capacity 4362K, committed 5120K, reserved 1048576K
}
Event: 909.921 GC heap before
{Heap before GC invocations=31 (full 3):
 PSYoungGen      total 54784K, used 54308K [0x000000076bf80000, 0x0000000771b80000, 0x00000007c0000000)
  eden space 50176K, 100% used [0x000000076bf80000,0x000000076f080000,0x000000076f080000)
  from space 4608K, 89% used [0x000000076f180000,0x000000076f589280,0x000000076f600000)
  to   space 22016K, 0% used [0x0000000770600000,0x0000000770600000,0x0000000771b80000)
 ParOldGen       total 126976K, used 32988K [0x00000006c3e00000, 0x00000006cba00000, 0x000000076bf80000)
  object space 126976K, 25% used [0x00000006c3e00000,0x00000006c5e37260,0x00000006cba00000)
 Metaspace       used 30534K, capacity 33026K, committed 36608K, reserved 1081344K
  class space    used 3940K, capacity 4483K, committed 5120K, reserved 1048576K
Event: 909.928 GC heap after
Heap after GC invocations=31 (full 3):
 PSYoungGen      total 68096K, used 5534K [0x000000076bf80000, 0x0000000771880000, 0x00000007c0000000)
  eden space 49152K, 0% used [0x000000076bf80000,0x000000076bf80000,0x000000076ef80000)
  from space 18944K, 29% used [0x0000000770600000,0x0000000770b67b40,0x0000000771880000)
  to   space 20992K, 0% used [0x000000076ef80000,0x000000076ef80000,0x0000000770400000)
 ParOldGen       total 126976K, used 32988K [0x00000006c3e00000, 0x00000006cba00000, 0x000000076bf80000)
  object space 126976K, 25% used [0x00000006c3e00000,0x00000006c5e37260,0x00000006cba00000)
 Metaspace       used 30534K, capacity 33026K, committed 36608K, reserved 1081344K
  class space    used 3940K, capacity 4483K, committed 5120K, reserved 1048576K
}
Event: 915.374 GC heap before
{Heap before GC invocations=32 (full 3):
 PSYoungGen      total 68096K, used 54686K [0x000000076bf80000, 0x0000000771880000, 0x00000007c0000000)
  eden space 49152K, 100% used [0x000000076bf80000,0x000000076ef80000,0x000000076ef80000)
  from space 18944K, 29% used [0x0000000770600000,0x0000000770b67b40,0x0000000771880000)
  to   space 20992K, 0% used [0x000000076ef80000,0x000000076ef80000,0x0000000770400000)
 ParOldGen       total 126976K, used 32988K [0x00000006c3e00000, 0x00000006cba00000, 0x000000076bf80000)
  object space 126976K, 25% used [0x00000006c3e00000,0x00000006c5e37260,0x00000006cba00000)
 Metaspace       used 31010K, capacity 33788K, committed 36608K, reserved 1081344K
  class space    used 4011K, capacity 4610K, committed 5120K, reserved 1048576K
Event: 915.381 GC heap after
Heap after GC invocations=32 (full 3):
 PSYoungGen      total 52736K, used 4458K [0x000000076bf80000, 0x0000000771580000, 0x00000007c0000000)
  eden space 48128K, 0% used [0x000000076bf80000,0x000000076bf80000,0x000000076ee80000)
  from space 4608K, 96% used [0x000000076ef80000,0x000000076f3dabf0,0x000000076f400000)
  to   space 19968K, 0% used [0x0000000770200000,0x0000000770200000,0x0000000771580000)
 ParOldGen       total 126976K, used 33717K [0x00000006c3e00000, 0x00000006cba00000, 0x000000076bf80000)
  object space 126976K, 26% used [0x00000006c3e00000,0x00000006c5eed430,0x00000006cba00000)
 Metaspace       used 31010K, capacity 33788K, committed 36608K, reserved 1081344K
  class space    used 4011K, capacity 4610K, committed 5120K, reserved 1048576K
}

Deoptimization events (10 events):
Event: 469.938 Thread 0x000000001f9e1800 Uncommon trap: reason=unstable_if action=reinterpret pc=0x0000000004391b00 method=java.awt.Component.dispatchEventImpl(Ljava/awt/AWTEvent;)V @ 207
Event: 469.938 Thread 0x000000001f9e1800 Uncommon trap: reason=unstable_if action=reinterpret pc=0x00000000039afe44 method=java.awt.Toolkit$SelectiveAWTEventListener.eventDispatched(Ljava/awt/AWTEvent;)V @ 240
Event: 469.954 Thread 0x000000001f9e1800 Uncommon trap: reason=class_check action=maybe_recompile pc=0x000000000400cd3c method=java.awt.EventQueue.coalesceEvent(Ljava/awt/AWTEvent;I)Z @ 77
Event: 469.954 Thread 0x000000001f9e1800 Uncommon trap: reason=class_check action=maybe_recompile pc=0x00000000042dfe78 method=java.awt.LightweightDispatcher.dispatchEvent(Ljava/awt/AWTEvent;)Z @ 44
Event: 469.954 Thread 0x000000001f9e1800 Uncommon trap: reason=speculate_class_check action=maybe_recompile pc=0x000000000438756c method=java.awt.LightweightDispatcher.retargetMouseEvent(Ljava/awt/Component;ILjava/awt/event/MouseEvent;)V @ 70
Event: 469.968 Thread 0x000000001f9e1800 Uncommon trap: reason=class_check action=maybe_recompile pc=0x00000000042dfe78 method=java.awt.LightweightDispatcher.dispatchEvent(Ljava/awt/AWTEvent;)Z @ 44
Event: 469.968 Thread 0x000000001f9e1800 Uncommon trap: reason=speculate_class_check action=maybe_recompile pc=0x000000000438756c method=java.awt.LightweightDispatcher.retargetMouseEvent(Ljava/awt/Component;ILjava/awt/event/MouseEvent;)V @ 70
Event: 469.982 Thread 0x000000001f9e1800 Uncommon trap: reason=class_check action=maybe_recompile pc=0x00000000042dfe78 method=java.awt.LightweightDispatcher.dispatchEvent(Ljava/awt/AWTEvent;)Z @ 44
Event: 469.983 Thread 0x000000001f9e1800 Uncommon trap: reason=speculate_class_check action=maybe_recompile pc=0x000000000438756c method=java.awt.LightweightDispatcher.retargetMouseEvent(Ljava/awt/Component;ILjava/awt/event/MouseEvent;)V @ 70
Event: 910.008 Thread 0x000000001f9e1800 Uncommon trap: reason=class_check action=maybe_recompile pc=0x0000000004327ac8 method=com.db4o.internal.ids.TransactionalIdSystemImpl.acquireId()I @ 4

Classes redefined (0 events):
No events

Internal exceptions (10 events):
Event: 263.572 Thread 0x000000001fc9d000 Exception <a 'java/lang/InterruptedException': sleep interrupted> (0x000000076c200410) thrown at [C:\ade\jenkins\workspace\8-2-build-windows-amd64-cygwin\jdk8u241\331\hotspot\src\share\vm\prims\jvm.cpp, line 3288]
Event: 303.412 Thread 0x000000001fc9b000 Exception <a 'java/lang/InterruptedException': sleep interrupted> (0x000000076d8e63e8) thrown at [C:\ade\jenkins\workspace\8-2-build-windows-amd64-cygwin\jdk8u241\331\hotspot\src\share\vm\prims\jvm.cpp, line 3288]
Event: 309.540 Thread 0x000000001fc9b000 Exception <a 'java/lang/InterruptedException': sleep interrupted> (0x000000076da09fd0) thrown at [C:\ade\jenkins\workspace\8-2-build-windows-amd64-cygwin\jdk8u241\331\hotspot\src\share\vm\prims\jvm.cpp, line 3288]
Event: 386.066 Thread 0x000000001fc99800 Exception <a 'java/lang/InterruptedException': sleep interrupted> (0x000000076cccccc0) thrown at [C:\ade\jenkins\workspace\8-2-build-windows-amd64-cygwin\jdk8u241\331\hotspot\src\share\vm\prims\jvm.cpp, line 3288]
Event: 394.017 Thread 0x000000001fc9d000 Exception <a 'java/lang/InterruptedException': sleep interrupted> (0x000000076cfe33c0) thrown at [C:\ade\jenkins\workspace\8-2-build-windows-amd64-cygwin\jdk8u241\331\hotspot\src\share\vm\prims\jvm.cpp, line 3288]
Event: 540.927 Thread 0x000000001fc9b800 Exception <a 'java/lang/InterruptedException': sleep interrupted> (0x000000076d923f88) thrown at [C:\ade\jenkins\workspace\8-2-build-windows-amd64-cygwin\jdk8u241\331\hotspot\src\share\vm\prims\jvm.cpp, line 3288]
Event: 552.142 Thread 0x000000001fc9b800 Exception <a 'java/lang/InterruptedException': sleep interrupted> (0x000000076daa4a08) thrown at [C:\ade\jenkins\workspace\8-2-build-windows-amd64-cygwin\jdk8u241\331\hotspot\src\share\vm\prims\jvm.cpp, line 3288]
Event: 587.623 Thread 0x000000001fc9e800 Exception <a 'java/lang/InterruptedException': sleep interrupted> (0x000000076db4f880) thrown at [C:\ade\jenkins\workspace\8-2-build-windows-amd64-cygwin\jdk8u241\331\hotspot\src\share\vm\prims\jvm.cpp, line 3288]
Event: 598.096 Thread 0x000000001fc9b000 Exception <a 'java/lang/InterruptedException': sleep interrupted> (0x000000076ddec830) thrown at [C:\ade\jenkins\workspace\8-2-build-windows-amd64-cygwin\jdk8u241\331\hotspot\src\share\vm\prims\jvm.cpp, line 3288]
Event: 915.514 Thread 0x000000001fc9b000 Exception <a 'java/lang/InterruptedException': sleep interrupted> (0x000000076def9438) thrown at [C:\ade\jenkins\workspace\8-2-build-windows-amd64-cygwin\jdk8u241\331\hotspot\src\share\vm\prims\jvm.cpp, line 3288]

Events (10 events):
Event: 923.347 Executing VM operation: RevokeBias
Event: 923.347 Executing VM operation: RevokeBias done
Event: 923.347 Executing VM operation: RevokeBias
Event: 923.347 Executing VM operation: RevokeBias done
Event: 923.347 Executing VM operation: RevokeBias
Event: 923.347 Executing VM operation: RevokeBias done
Event: 923.347 Executing VM operation: RevokeBias
Event: 923.348 Executing VM operation: RevokeBias done
Event: 923.348 Executing VM operation: RevokeBias
Event: 923.348 Executing VM operation: RevokeBias done


Dynamic libraries:
0x00007ff7c3250000 - 0x00007ff7c3287000 	C:\Program Files\Java\jdk1.8.0_241\bin\java.exe
0x00007ffc4c300000 - 0x00007ffc4c4f0000 	C:\Windows\SYSTEM32\ntdll.dll
0x00007ffc4adf0000 - 0x00007ffc4aea2000 	C:\Windows\System32\KERNEL32.DLL
0x00007ffc496f0000 - 0x00007ffc49993000 	C:\Windows\System32\KERNELBASE.dll
0x00007ffc4a3b0000 - 0x00007ffc4a453000 	C:\Windows\System32\ADVAPI32.dll
0x00007ffc4bc20000 - 0x00007ffc4bcbe000 	C:\Windows\System32\msvcrt.dll
0x00007ffc4a460000 - 0x00007ffc4a4f7000 	C:\Windows\System32\sechost.dll
0x00007ffc4b870000 - 0x00007ffc4b990000 	C:\Windows\System32\RPCRT4.dll
0x00007ffc4ba00000 - 0x00007ffc4bb94000 	C:\Windows\System32\USER32.dll
0x00007ffc4a380000 - 0x00007ffc4a3a1000 	C:\Windows\System32\win32u.dll
0x00007ffc4bf00000 - 0x00007ffc4bf26000 	C:\Windows\System32\GDI32.dll
0x00007ffc49450000 - 0x00007ffc495e4000 	C:\Windows\System32\gdi32full.dll
0x00007ffc4a150000 - 0x00007ffc4a1ee000 	C:\Windows\System32\msvcp_win.dll
0x00007ffc495f0000 - 0x00007ffc496ea000 	C:\Windows\System32\ucrtbase.dll
0x00007ffc339a0000 - 0x00007ffc33c25000 	C:\Windows\WinSxS\amd64_microsoft.windows.common-controls_6595b64144ccf1df_6.0.18362.778_none_e6c6b761130d4fb8\COMCTL32.dll
0x00007ffc4a500000 - 0x00007ffc4a836000 	C:\Windows\System32\combase.dll
0x00007ffc4a300000 - 0x00007ffc4a380000 	C:\Windows\System32\bcryptPrimitives.dll
0x00007ffc4bed0000 - 0x00007ffc4befe000 	C:\Windows\System32\IMM32.DLL
0x0000000072d10000 - 0x0000000072de2000 	C:\Program Files\Java\jdk1.8.0_241\jre\bin\msvcr100.dll
0x0000000072df0000 - 0x000000007369c000 	C:\Program Files\Java\jdk1.8.0_241\jre\bin\server\jvm.dll
0x00007ffc4c290000 - 0x00007ffc4c298000 	C:\Windows\System32\PSAPI.DLL
0x00007ffc3cbb0000 - 0x00007ffc3cbd4000 	C:\Windows\SYSTEM32\WINMM.dll
0x00007ffc3f700000 - 0x00007ffc3f70a000 	C:\Windows\SYSTEM32\VERSION.dll
0x00007ffc3cb80000 - 0x00007ffc3cbad000 	C:\Windows\SYSTEM32\winmmbase.dll
0x00007ffc49290000 - 0x00007ffc492da000 	C:\Windows\System32\cfgmgr32.dll
0x00007ffc21d00000 - 0x00007ffc21d09000 	C:\Windows\SYSTEM32\WSOCK32.dll
0x00007ffc4c110000 - 0x00007ffc4c17f000 	C:\Windows\System32\WS2_32.dll
0x00007ffc21cf0000 - 0x00007ffc21cff000 	C:\Program Files\Java\jdk1.8.0_241\jre\bin\verify.dll
0x00007ffc13e30000 - 0x00007ffc13e59000 	C:\Program Files\Java\jdk1.8.0_241\jre\bin\java.dll
0x00007ffc1fe90000 - 0x00007ffc1fea6000 	C:\Program Files\Java\jdk1.8.0_241\jre\bin\zip.dll
0x00007ffc4af70000 - 0x00007ffc4b655000 	C:\Windows\System32\SHELL32.dll
0x00007ffc4c1e0000 - 0x00007ffc4c289000 	C:\Windows\System32\shcore.dll
0x00007ffc499a0000 - 0x00007ffc4a120000 	C:\Windows\System32\windows.storage.dll
0x00007ffc49210000 - 0x00007ffc49233000 	C:\Windows\System32\profapi.dll
0x00007ffc49240000 - 0x00007ffc4928a000 	C:\Windows\System32\powrprof.dll
0x00007ffc491c0000 - 0x00007ffc491d0000 	C:\Windows\System32\UMPDC.dll
0x00007ffc4b9a0000 - 0x00007ffc4b9f2000 	C:\Windows\System32\shlwapi.dll
0x00007ffc491d0000 - 0x00007ffc491e1000 	C:\Windows\System32\kernel.appcore.dll
0x00007ffc492e0000 - 0x00007ffc492f7000 	C:\Windows\System32\cryptsp.dll
0x00007ffbd3f40000 - 0x00007ffbd40da000 	C:\Program Files\Java\jdk1.8.0_241\jre\bin\awt.dll
0x00007ffc4be00000 - 0x00007ffc4bec4000 	C:\Windows\System32\OLEAUT32.dll
0x00007ffc46ee0000 - 0x00007ffc46f6f000 	C:\Windows\SYSTEM32\apphelp.dll
0x00007ffc470a0000 - 0x00007ffc47139000 	C:\Windows\system32\uxtheme.dll
0x00007ffc4a840000 - 0x00007ffc4a976000 	C:\Windows\System32\MSCTF.dll
0x00007ffc4bf30000 - 0x00007ffc4c087000 	C:\Windows\System32\ole32.dll
0x00007ffc47410000 - 0x00007ffc4743d000 	C:\Windows\system32\DWMAPI.DLL
0x00007ffbd9330000 - 0x00007ffbd9379000 	C:\Program Files\Java\jdk1.8.0_241\jre\bin\fontmanager.dll
0x00007ffc0eff0000 - 0x00007ffc0f146000 	C:\Windows\system32\opengl32.dll
0x00007ffc0f6e0000 - 0x00007ffc0f70c000 	C:\Windows\SYSTEM32\GLU32.dll
0x00007ffc47e30000 - 0x00007ffc47e50000 	C:\Windows\SYSTEM32\dxcore.dll
0x00007ffc18290000 - 0x00007ffc182aa000 	C:\Program Files\Java\jdk1.8.0_241\jre\bin\net.dll
0x00007ffc48a30000 - 0x00007ffc48a97000 	C:\Windows\system32\mswsock.dll
0x00007ffc0fc40000 - 0x00007ffc0fc52000 	C:\Program Files\Java\jdk1.8.0_241\jre\bin\nio.dll
0x00007ffbd5390000 - 0x00007ffbd53d2000 	C:\Program Files\Java\jdk1.8.0_241\jre\bin\t2k.dll
0x00007ffc2a4b0000 - 0x00007ffc2a54e000 	C:\Windows\System32\TextInputFramework.dll
0x00007ffc46dd0000 - 0x00007ffc46ea4000 	C:\Windows\System32\CoreMessaging.dll
0x00007ffc29e50000 - 0x00007ffc2a17a000 	C:\Windows\System32\CoreUIComponents.dll
0x00007ffc48220000 - 0x00007ffc48251000 	C:\Windows\SYSTEM32\ntmarta.dll
0x00007ffc45000000 - 0x00007ffc45153000 	C:\Windows\SYSTEM32\wintypes.dll
0x00007ffc35850000 - 0x00007ffc358b5000 	C:\Windows\system32\Oleacc.dll
0x00007ffc3a750000 - 0x00007ffc3a9f6000 	C:\Windows\System32\iertutil.dll
0x00007ffc4aec0000 - 0x00007ffc4af62000 	C:\Windows\System32\clbcatq.dll
0x00007ffc28640000 - 0x00007ffc287ef000 	C:\Windows\SYSTEM32\WindowsCodecs.dll
0x00007ffc0de50000 - 0x00007ffc0de8a000 	C:\Windows\system32\dataexchange.dll
0x00007ffc46780000 - 0x00007ffc4695c000 	C:\Windows\system32\dcomp.dll
0x00007ffc46520000 - 0x00007ffc4677b000 	C:\Windows\system32\d3d11.dll
0x00007ffc47ec0000 - 0x00007ffc47fab000 	C:\Windows\system32\dxgi.dll
0x00007ffc47190000 - 0x00007ffc473ea000 	C:\Windows\system32\twinapi.appcore.dll
0x00007ffc476a0000 - 0x00007ffc476c9000 	C:\Windows\system32\RMCLIENT.dll
0x00007ffbea830000 - 0x00007ffbea85a000 	C:\Program Files\Java\jdk1.8.0_241\jre\bin\dcpr.dll
0x00007ffc31840000 - 0x00007ffc318e9000 	C:\Windows\WinSxS\amd64_microsoft.windows.common-controls_6595b64144ccf1df_5.82.18362.778_none_2a29d4a64667eb69\comctl32.dll
0x00007ffc47c70000 - 0x00007ffc47d5f000 	C:\Windows\SYSTEM32\PROPSYS.dll
0x00007ffc0f780000 - 0x00007ffc0f796000 	C:\Windows\system32\NetworkExplorer.dll
0x00007ffc1bd00000 - 0x00007ffc1bd1b000 	C:\Windows\SYSTEM32\MPR.dll
0x00007ffc3d8b0000 - 0x00007ffc3d8bb000 	C:\Windows\System32\drprov.dll
0x00007ffc48290000 - 0x00007ffc482ec000 	C:\Windows\System32\WINSTA.dll
0x00007ffc21cb0000 - 0x00007ffc21cc5000 	C:\Windows\System32\ntlanman.dll
0x00007ffc1dfc0000 - 0x00007ffc1dfdd000 	C:\Windows\System32\davclnt.dll
0x00007ffc3d810000 - 0x00007ffc3d81c000 	C:\Windows\System32\DAVHLPR.dll
0x00007ffc3ee80000 - 0x00007ffc3ee97000 	C:\Windows\System32\wkscli.dll
0x00007ffc4a120000 - 0x00007ffc4a146000 	C:\Windows\System32\bcrypt.dll
0x00007ffc1d3d0000 - 0x00007ffc1d3e2000 	C:\Windows\SYSTEM32\cscapi.dll
0x00007ffc488a0000 - 0x00007ffc488ac000 	C:\Windows\System32\netutils.dll
0x00007ffc1fe10000 - 0x00007ffc1fe63000 	C:\Windows\System32\dlnashext.dll
0x00007ffc22a30000 - 0x00007ffc22a94000 	C:\Windows\System32\PlayToDevice.dll
0x00007ffc3c910000 - 0x00007ffc3c930000 	C:\Windows\System32\DevDispItemProvider.dll
0x00007ffc43a10000 - 0x00007ffc43a82000 	C:\Windows\System32\MMDevApi.dll
0x00007ffc48fc0000 - 0x00007ffc48fea000 	C:\Windows\System32\DEVOBJ.dll
0x00007ffc141f0000 - 0x00007ffc1428b000 	C:\Windows\system32\wpdshext.dll
0x00007ffc351a0000 - 0x00007ffc35343000 	C:\Windows\WinSxS\amd64_microsoft.windows.gdiplus_6595b64144ccf1df_1.1.18362.778_none_17b1aa466d9fc986\gdiplus.dll
0x00007ffc3f710000 - 0x00007ffc3f7ae000 	C:\Windows\System32\PortableDeviceApi.dll
0x00007ffc4a980000 - 0x00007ffc4adf0000 	C:\Windows\System32\SETUPAPI.dll
0x00007ffc4a1f0000 - 0x00007ffc4a24c000 	C:\Windows\System32\WINTRUST.dll
0x00007ffc491f0000 - 0x00007ffc49202000 	C:\Windows\System32\MSASN1.dll
0x00007ffc49300000 - 0x00007ffc49449000 	C:\Windows\System32\CRYPT32.dll
0x00007ffc0ac00000 - 0x00007ffc0ac37000 	C:\Windows\System32\EhStorShell.dll
0x00007ffc31060000 - 0x00007ffc31085000 	C:\Windows\System32\EhStorAPI.dll
0x00007ffc3f7e0000 - 0x00007ffc3f7f3000 	C:\Windows\System32\WTSAPI32.dll
0x00007ffc0eeb0000 - 0x00007ffc0eebd000 	C:\Windows\SYSTEM32\LINKINFO.dll
0x00007ffc29de0000 - 0x00007ffc29e45000 	C:\Windows\system32\Ninput.dll
0x00007ffc47a70000 - 0x00007ffc47c64000 	C:\Windows\SYSTEM32\dbghelp.dll

VM Arguments:
jvm_args: -Dfile.encoding=UTF-8 
java_command: UI_Pages.HomePages.Home
java_class_path (initial): C:\Users\rohit\OneDrive\Desktop\AED_Project\project_jars\db4o-8.0.184.15484-all-java5.jar;C:\Users\rohit\OneDrive\Desktop\23\AED_AAA_Group\ENCP_Project_AED 5\jcalendar-1.4.jar;C:\Users\rohit\OneDrive\Desktop\AED_Project\project_jars\AbsoluteLayout.jar;C:\Users\rohit\OneDrive\Desktop\23\AED_AAA_Group\ENCP_Project_AED 5\build\classes
Launcher Type: SUN_STANDARD

Environment Variables:
JAVA_HOME=C:\Program Files\Java\jdk1.8.0_241
PATH=C:\Program Files (x86)\Common Files\Oracle\Java\javapath;C:\Windows\system32;C:\Windows;C:\Windows\System32\Wbem;C:\Windows\System32\WindowsPowerShell\v1.0\;C:\Windows\System32\OpenSSH\;C:\Program Files\Java\jdk1.8.0_241\bin;C:\Program Files\Git\cmd;C:\Program Files\Git\mingw64\bin;C:\Program Files\Git\usr\bin;C:\ffmpeg\bin;C:\Program Files\SourceGear\Common\DiffMerge\;C:\Users\rohit\AppData\Local\Microsoft\WindowsApps;C:\Users\rohit\AppData\Local\GitHubDesktop\bin;C:\Program Files\Java\jdk1.8.0_241;
USERNAME=rohit
OS=Windows_NT
PROCESSOR_IDENTIFIER=Intel64 Family 6 Model 142 Stepping 12, GenuineIntel



---------------  S Y S T E M  ---------------

OS: Windows 10.0 , 64 bit Build 18362 (10.0.18362.778)

CPU:total 8 (initial active 8) (4 cores per cpu, 2 threads per core) family 6 model 142 stepping 12, cmov, cx8, fxsr, mmx, sse, sse2, sse3, ssse3, sse4.1, sse4.2, popcnt, avx, avx2, aes, clmul, erms, 3dnowpref, lzcnt, ht, tsc, tscinvbit, bmi1, bmi2, adx

Memory: 4k page, physical 16522324k(6758756k free), swap 40639572k(22240492k free)

vm_info: Java HotSpot(TM) 64-Bit Server VM (25.241-b07) for windows-amd64 JRE (1.8.0_241-b07), built on Dec 11 2019 10:21:40 by "rejava" with MS VC++ 10.0 (VS2010)

time: Thu Apr 23 14:42:25 2020
timezone: Eastern Daylight Time
elapsed time: 923 seconds (0d 0h 15m 23s)

