#
# A fatal error has been detected by the Java Runtime Environment:
#
#  EXCEPTION_ACCESS_VIOLATION (0xc0000005) at pc=0x0000000000000000, pid=27464, tid=0x0000000000002608
#
# JRE version: Java(TM) SE Runtime Environment (8.0_241-b07) (build 1.8.0_241-b07)
# Java VM: Java HotSpot(TM) 64-Bit Server VM (25.241-b07 mixed mode windows-amd64 compressed oops)
# Problematic frame:
# C  0x0000000000000000
#
# Failed to write core dump. Minidumps are not enabled by default on client versions of Windows
#
# If you would like to submit a bug report, please visit:
#   http://bugreport.java.com/bugreport/crash.jsp
# The crash happened outside the Java Virtual Machine in native code.
# See problematic frame for where to report the bug.
#

---------------  T H R E A D  ---------------

Current thread (0x000000001efe5800):  JavaThread "AWT-EventQueue-0" [_thread_in_native, id=9736, stack(0x0000000020330000,0x0000000020430000)]

siginfo: ExceptionCode=0xc0000005, ExceptionInformation=0x0000000000000008 0x0000000000000000

Registers:
RAX=0x000000000000006c, RBX=0x00007ffbd4087ac8, RCX=0x000000001efe59f8, RDX=0x0000000022633a90
RSP=0x000000002042ad58, RBP=0x000000002042ae60, RSI=0x0000000022633a90, RDI=0x000000001efe59f8
R8 =0x000000002042aeb0, R9 =0x0000000000000001, R10=0x00000000000000b2, R11=0x000000007360da60
R12=0x00000000221bd900, R13=0x000000002042b130, R14=0x00000000ffffffc0, R15=0x00000000ffffffc6
RIP=0x0000000000000000, EFLAGS=0x0000000000010246

Top of Stack: (sp=0x000000002042ad58)
0x000000002042ad58:   00007ffbd3f91e23 00007ffbd4087ac8
0x000000002042ad68:   000000002042ae60 0000000022633a90
0x000000002042ad78:   0000000073021961 000000001efe5800
0x000000002042ad88:   000000002042ae10 000000002042ae10
0x000000002042ad98:   000000076db914c0 000000001efe5800
0x000000002042ada8:   000000077037b410 000000001bbfb0e8
0x000000002042adb8:   000000001efe5800 000000002042b140
0x000000002042adc8:   000000001efe5800 0000000000000000
0x000000002042add8:   0000000022633a90 000000001efe59f8
0x000000002042ade8:   00000000221bd900 00007ffbd4087ac8
0x000000002042adf8:   000000002061a777 000000001efe5800
0x000000002042ae08:   000000002061aee8 0000003a00000040
0x000000002042ae18:   0000006c00000072 0000000000000000
0x000000002042ae28:   000000076ff01d28 000000076db91490
0x000000002042ae38:   000000000289621e 0000195ea9aa6d40
0x000000002042ae48:   000000002042b0f0 000000002042af58 

Instructions: (pc=0x0000000000000000)
0xffffffffffffffe0:   


Register to memory mapping:

RAX=0x000000000000006c is an unknown value
RBX=0x00007ffbd4087ac8 is an unknown value
RCX=0x000000001efe59f8 is an unknown value
RDX=0x0000000022633a90 is an unknown value
RSP=0x000000002042ad58 is pointing into the stack for thread: 0x000000001efe5800
RBP=0x000000002042ae60 is pointing into the stack for thread: 0x000000001efe5800
RSI=0x0000000022633a90 is an unknown value
RDI=0x000000001efe59f8 is an unknown value
R8 =0x000000002042aeb0 is pointing into the stack for thread: 0x000000001efe5800
R9 =0x0000000000000001 is an unknown value
R10=0x00000000000000b2 is an unknown value
R11=0x000000007360da60 is an unknown value
R12=0x00000000221bd900 is an unknown value
R13=0x000000002042b130 is pointing into the stack for thread: 0x000000001efe5800
R14=0x00000000ffffffc0 is an unknown value
R15=0x00000000ffffffc6 is an unknown value


Stack: [0x0000000020330000,0x0000000020430000],  sp=0x000000002042ad58,  free space=1003k
Native frames: (J=compiled Java code, j=interpreted, Vv=VM code, C=native code)

Java frames: (J=compiled Java code, j=interpreted, Vv=VM code)
j  sun.java2d.loops.MaskBlit.MaskBlit(Lsun/java2d/SurfaceData;Lsun/java2d/SurfaceData;Ljava/awt/Composite;Lsun/java2d/pipe/Region;IIIIII[BII)V+0
j  sun.java2d.loops.Blit$GeneralMaskBlit.Blit(Lsun/java2d/SurfaceData;Lsun/java2d/SurfaceData;Ljava/awt/Composite;Lsun/java2d/pipe/Region;IIIIII)V+24
J 2106 C1 sun.java2d.pipe.DrawImage.blitSurfaceData(Lsun/java2d/SunGraphics2D;Lsun/java2d/pipe/Region;Lsun/java2d/SurfaceData;Lsun/java2d/SurfaceData;Lsun/java2d/loops/SurfaceType;Lsun/java2d/loops/SurfaceType;IIIIIILjava/awt/Color;)V (145 bytes) @ 0x0000000002e5cb14 [0x0000000002e5bce0+0xe34]
J 2105 C1 sun.java2d.pipe.DrawImage.renderImageCopy(Lsun/java2d/SunGraphics2D;Ljava/awt/Image;Ljava/awt/Color;IIIIII)Z (147 bytes) @ 0x0000000002e5ab6c [0x0000000002e5a5e0+0x58c]
j  sun.java2d.pipe.DrawImage.copyImage(Lsun/java2d/SunGraphics2D;Ljava/awt/Image;IILjava/awt/Color;)Z+45
j  sun.java2d.pipe.DrawImage.copyImage(Lsun/java2d/SunGraphics2D;Ljava/awt/Image;IILjava/awt/Color;Ljava/awt/image/ImageObserver;)Z+15
j  sun.java2d.SunGraphics2D.drawImage(Ljava/awt/Image;IILjava/awt/Color;Ljava/awt/image/ImageObserver;)Z+66
j  sun.awt.image.ImageRepresentation.drawToBufImage(Ljava/awt/Graphics;Lsun/awt/image/ToolkitImage;IILjava/awt/Color;Ljava/awt/image/ImageObserver;)Z+152
j  sun.java2d.pipe.DrawImage.copyImage(Lsun/java2d/SunGraphics2D;Ljava/awt/Image;IILjava/awt/Color;Ljava/awt/image/ImageObserver;)Z+56
j  sun.java2d.pipe.ValidatePipe.copyImage(Lsun/java2d/SunGraphics2D;Ljava/awt/Image;IILjava/awt/Color;Ljava/awt/image/ImageObserver;)Z+21
j  sun.java2d.SunGraphics2D.drawImage(Ljava/awt/Image;IILjava/awt/Color;Ljava/awt/image/ImageObserver;)Z+66
j  sun.java2d.SunGraphics2D.drawImage(Ljava/awt/Image;IILjava/awt/image/ImageObserver;)Z+7
j  javax.swing.ImageIcon.paintIcon(Ljava/awt/Component;Ljava/awt/Graphics;II)V+16
j  sun.swing.plaf.synth.SynthIcon.paintIcon(Ljavax/swing/Icon;Ljavax/swing/plaf/synth/SynthContext;Ljava/awt/Graphics;IIII)V+39
j  javax.swing.plaf.synth.SynthGraphicsUtils.paintText(Ljavax/swing/plaf/synth/SynthContext;Ljava/awt/Graphics;Ljava/lang/String;Ljavax/swing/Icon;IIIIIII)V+327
j  javax.swing.plaf.synth.SynthLabelUI.paint(Ljavax/swing/plaf/synth/SynthContext;Ljava/awt/Graphics;)V+96
j  javax.swing.plaf.synth.SynthLabelUI.update(Ljava/awt/Graphics;Ljavax/swing/JComponent;)V+33
j  javax.swing.JComponent.paintComponent(Ljava/awt/Graphics;)V+26
j  javax.swing.JComponent.paint(Ljava/awt/Graphics;)V+286
J 2306 C1 javax.swing.JComponent.paintChildren(Ljava/awt/Graphics;)V (669 bytes) @ 0x0000000002f16d4c [0x0000000002f13980+0x33cc]
j  javax.swing.JComponent.paint(Ljava/awt/Graphics;)V+318
J 2306 C1 javax.swing.JComponent.paintChildren(Ljava/awt/Graphics;)V (669 bytes) @ 0x0000000002f16d4c [0x0000000002f13980+0x33cc]
j  javax.swing.JSplitPane.paintChildren(Ljava/awt/Graphics;)V+2
j  javax.swing.JComponent.paint(Ljava/awt/Graphics;)V+318
J 2306 C1 javax.swing.JComponent.paintChildren(Ljava/awt/Graphics;)V (669 bytes) @ 0x0000000002f16d4c [0x0000000002f13980+0x33cc]
j  javax.swing.JComponent.paint(Ljava/awt/Graphics;)V+318
J 2306 C1 javax.swing.JComponent.paintChildren(Ljava/awt/Graphics;)V (669 bytes) @ 0x0000000002f16d4c [0x0000000002f13980+0x33cc]
j  javax.swing.JComponent.paint(Ljava/awt/Graphics;)V+318
j  javax.swing.JLayeredPane.paint(Ljava/awt/Graphics;)V+73
J 2306 C1 javax.swing.JComponent.paintChildren(Ljava/awt/Graphics;)V (669 bytes) @ 0x0000000002f16d4c [0x0000000002f13980+0x33cc]
j  javax.swing.JComponent.paintToOffscreen(Ljava/awt/Graphics;IIIIII)V+72
j  javax.swing.RepaintManager$PaintManager.paintDoubleBuffered(Ljavax/swing/JComponent;Ljava/awt/Image;Ljava/awt/Graphics;IIII)V+163
j  javax.swing.RepaintManager$PaintManager.paint(Ljavax/swing/JComponent;Ljavax/swing/JComponent;Ljava/awt/Graphics;IIII)Z+116
j  javax.swing.RepaintManager.paint(Ljavax/swing/JComponent;Ljavax/swing/JComponent;Ljava/awt/Graphics;IIII)V+51
j  javax.swing.JComponent.paint(Ljava/awt/Graphics;)V+221
j  java.awt.GraphicsCallback$PaintCallback.run(Ljava/awt/Component;Ljava/awt/Graphics;)V+2
j  sun.awt.SunGraphicsCallback.runOneComponent(Ljava/awt/Component;Ljava/awt/Rectangle;Ljava/awt/Graphics;Ljava/awt/Shape;I)V+155
j  sun.awt.SunGraphicsCallback.runComponents([Ljava/awt/Component;Ljava/awt/Graphics;I)V+194
j  java.awt.Container.paint(Ljava/awt/Graphics;)V+58
j  java.awt.Window.paint(Ljava/awt/Graphics;)V+68
j  javax.swing.RepaintManager$4.run()Ljava/lang/Void;+142
j  javax.swing.RepaintManager$4.run()Ljava/lang/Object;+1
v  ~StubRoutines::call_stub
J 396  java.security.AccessController.doPrivileged(Ljava/security/PrivilegedAction;Ljava/security/AccessControlContext;)Ljava/lang/Object; (0 bytes) @ 0x0000000002a40466 [0x0000000002a40400+0x66]
J 1880 C1 java.security.ProtectionDomain$JavaSecurityAccessImpl.doIntersectionPrivilege(Ljava/security/PrivilegedAction;Ljava/security/AccessControlContext;Ljava/security/AccessControlContext;)Ljava/lang/Object; (22 bytes) @ 0x0000000002dc38fc [0x0000000002dc3480+0x47c]
j  javax.swing.RepaintManager.paintDirtyRegions(Ljava/util/Map;)V+154
j  javax.swing.RepaintManager.paintDirtyRegions()V+46
j  javax.swing.RepaintManager.prePaintDirtyRegions()V+73
j  javax.swing.RepaintManager.access$1200(Ljavax/swing/RepaintManager;)V+1
j  javax.swing.RepaintManager$ProcessingRunnable.run()V+37
J 2256 C1 java.awt.event.InvocationEvent.dispatch()V (69 bytes) @ 0x0000000002ee5f94 [0x0000000002ee5d80+0x214]
J 2199 C1 java.awt.EventQueue.dispatchEventImpl(Ljava/awt/AWTEvent;Ljava/lang/Object;)V (149 bytes) @ 0x0000000002e95884 [0x0000000002e93d80+0x1b04]
J 2197 C1 java.awt.EventQueue$3.run()Ljava/lang/Void; (60 bytes) @ 0x0000000002e9315c [0x0000000002e92f40+0x21c]
J 2196 C1 java.awt.EventQueue$3.run()Ljava/lang/Object; (5 bytes) @ 0x0000000002e92bcc [0x0000000002e92b40+0x8c]
v  ~StubRoutines::call_stub
J 396  java.security.AccessController.doPrivileged(Ljava/security/PrivilegedAction;Ljava/security/AccessControlContext;)Ljava/lang/Object; (0 bytes) @ 0x0000000002a40466 [0x0000000002a40400+0x66]
J 1972 C1 java.awt.EventQueue.dispatchEvent(Ljava/awt/AWTEvent;)V (80 bytes) @ 0x0000000002e0f16c [0x0000000002e0e7c0+0x9ac]
J 1983 C1 java.awt.EventDispatchThread.pumpOneEventForFilters(I)V (190 bytes) @ 0x0000000002e193dc [0x0000000002e18280+0x115c]
j  java.awt.EventDispatchThread.pumpEventsForFilter(ILjava/awt/Conditional;Ljava/awt/EventFilter;)V+35
j  java.awt.EventDispatchThread.pumpEventsForHierarchy(ILjava/awt/Conditional;Ljava/awt/Component;)V+11
j  java.awt.EventDispatchThread.pumpEvents(ILjava/awt/Conditional;)V+4
j  java.awt.EventDispatchThread.pumpEvents(Ljava/awt/Conditional;)V+3
j  java.awt.EventDispatchThread.run()V+9
v  ~StubRoutines::call_stub

---------------  P R O C E S S  ---------------

Java Threads: ( => current thread )
  0x000000001df4d000 JavaThread "Image Fetcher 0" daemon [_thread_blocked, id=5200, stack(0x0000000023270000,0x0000000023370000)]
  0x000000001df4c800 JavaThread "Image Animator 0" daemon [_thread_blocked, id=23900, stack(0x0000000023170000,0x0000000023270000)]
  0x000000001df47000 JavaThread "Timer-0" [_thread_blocked, id=25664, stack(0x0000000020430000,0x0000000020530000)]
  0x000000001df4b000 JavaThread "TimerQueue" daemon [_thread_blocked, id=5844, stack(0x0000000021870000,0x0000000021970000)]
  0x000000000284d800 JavaThread "DestroyJavaVM" [_thread_blocked, id=26244, stack(0x00000000024e0000,0x00000000025e0000)]
=>0x000000001efe5800 JavaThread "AWT-EventQueue-0" [_thread_in_native, id=9736, stack(0x0000000020330000,0x0000000020430000)]
  0x000000001ef90000 JavaThread "AWT-Windows" daemon [_thread_in_native, id=18372, stack(0x000000001f940000,0x000000001fa40000)]
  0x000000001efdc800 JavaThread "AWT-Shutdown" [_thread_blocked, id=25504, stack(0x000000001f840000,0x000000001f940000)]
  0x000000001efdc000 JavaThread "Java2D Disposer" daemon [_thread_blocked, id=28248, stack(0x000000001f740000,0x000000001f840000)]
  0x000000001dfd0800 JavaThread "Service Thread" daemon [_thread_blocked, id=14948, stack(0x000000001ec00000,0x000000001ed00000)]
  0x000000001df4a000 JavaThread "C1 CompilerThread3" daemon [_thread_blocked, id=7516, stack(0x000000001eb00000,0x000000001ec00000)]
  0x000000001df3f800 JavaThread "C2 CompilerThread2" daemon [_thread_blocked, id=28144, stack(0x000000001ea00000,0x000000001eb00000)]
  0x000000001df39800 JavaThread "C2 CompilerThread1" daemon [_thread_blocked, id=25428, stack(0x000000001e900000,0x000000001ea00000)]
  0x000000001c14b000 JavaThread "C2 CompilerThread0" daemon [_thread_blocked, id=28336, stack(0x000000001e800000,0x000000001e900000)]
  0x000000001df35800 JavaThread "Attach Listener" daemon [_thread_blocked, id=23752, stack(0x000000001e700000,0x000000001e800000)]
  0x000000001df34800 JavaThread "Signal Dispatcher" daemon [_thread_blocked, id=28384, stack(0x000000001e600000,0x000000001e700000)]
  0x000000000274e800 JavaThread "Finalizer" daemon [_thread_blocked, id=29496, stack(0x000000001e400000,0x000000001e500000)]
  0x0000000002747800 JavaThread "Reference Handler" daemon [_thread_blocked, id=27816, stack(0x000000001e300000,0x000000001e400000)]

Other Threads:
  0x000000001c139800 VMThread [stack: 0x000000001de00000,0x000000001df00000] [id=27832]
  0x000000001dffb800 WatcherThread [stack: 0x000000001ed00000,0x000000001ee00000] [id=27904]

VM state:not at safepoint (normal execution)

VM Mutex/Monitor currently owned by a thread: None

heap address: 0x00000006c3e00000, size: 4034 MB, Compressed Oops mode: Zero based, Oop shift amount: 3
Narrow klass base: 0x0000000000000000, Narrow klass shift: 3
Compressed class space size: 1073741824 Address: 0x00000007c0000000

Heap:
 PSYoungGen      total 75776K, used 51299K [0x000000076bf80000, 0x0000000771400000, 0x00000007c0000000)
  eden space 65024K, 62% used [0x000000076bf80000,0x000000076e719ff0,0x000000076ff00000)
  from space 10752K, 99% used [0x000000076ff00000,0x000000077097ee80,0x0000000770980000)
  to   space 10752K, 0% used [0x0000000770980000,0x0000000770980000,0x0000000771400000)
 ParOldGen       total 173568K, used 2923K [0x00000006c3e00000, 0x00000006ce780000, 0x000000076bf80000)
  object space 173568K, 1% used [0x00000006c3e00000,0x00000006c40dae20,0x00000006ce780000)
 Metaspace       used 20641K, capacity 21158K, committed 21296K, reserved 1067008K
  class space    used 2764K, capacity 2909K, committed 2944K, reserved 1048576K

Card table byte_map: [0x0000000011c10000,0x0000000012400000] byte_map_base: 0x000000000e5f1000

Marking Bits: (ParMarkBitMap*) 0x000000007361be30
 Begin Bits: [0x0000000013150000, 0x0000000017058000)
 End Bits:   [0x0000000017058000, 0x000000001af60000)

Polling page: 0x0000000000710000

CodeCache: size=245760Kb used=7558Kb max_used=7648Kb free=238201Kb
 bounds [0x0000000002850000, 0x0000000002fe0000, 0x0000000011850000]
 total_blobs=3073 nmethods=2517 adapters=468
 compilation: enabled

Compilation events (10 events):
Event: 14.440 Thread 0x000000001df4a000 nmethod 2574 0x00000000029533d0 code [0x0000000002953560, 0x00000000029538f0]
Event: 14.444 Thread 0x000000001df4a000 2575       1       sun.util.locale.StringTokenIterator::isDone (5 bytes)
Event: 14.444 Thread 0x000000001df4a000 nmethod 2575 0x00000000029cec10 code [0x00000000029ced60, 0x00000000029cee70]
Event: 14.456 Thread 0x000000001df4a000 2576       3       java.awt.Toolkit$SelectiveAWTEventListener::eventDispatched (745 bytes)
Event: 14.460 Thread 0x000000001df4a000 nmethod 2576 0x00000000029cb9d0 code [0x00000000029cbc00, 0x00000000029cd188]
Event: 14.460 Thread 0x000000001df4a000 2577       3       java.util.IdentityHashMap$KeyIterator::next (13 bytes)
Event: 14.461 Thread 0x000000001df4a000 nmethod 2577 0x0000000002fc1dd0 code [0x0000000002fc1f40, 0x0000000002fc2228]
Event: 14.461 Thread 0x000000001df4a000 2578       3       java.util.IdentityHashMap::unmaskNull (13 bytes)
Event: 14.462 Thread 0x000000001df4a000 nmethod 2578 0x0000000002960350 code [0x00000000029604a0, 0x0000000002960630]
Event: 14.482 Thread 0x000000001df4a000 2579       3       javax.swing.plaf.synth.SynthPanelUI::getContext (11 bytes)

GC Heap History (2 events):
Event: 3.138 GC heap before
{Heap before GC invocations=1 (full 0):
 PSYoungGen      total 75776K, used 65024K [0x000000076bf80000, 0x0000000771400000, 0x00000007c0000000)
  eden space 65024K, 100% used [0x000000076bf80000,0x000000076ff00000,0x000000076ff00000)
  from space 10752K, 0% used [0x0000000770980000,0x0000000770980000,0x0000000771400000)
  to   space 10752K, 0% used [0x000000076ff00000,0x000000076ff00000,0x0000000770980000)
 ParOldGen       total 173568K, used 0K [0x00000006c3e00000, 0x00000006ce780000, 0x000000076bf80000)
  object space 173568K, 0% used [0x00000006c3e00000,0x00000006c3e00000,0x00000006ce780000)
 Metaspace       used 16670K, capacity 17156K, committed 17280K, reserved 1064960K
  class space    used 2212K, capacity 2348K, committed 2432K, reserved 1048576K
Event: 3.147 GC heap after
Heap after GC invocations=1 (full 0):
 PSYoungGen      total 75776K, used 10747K [0x000000076bf80000, 0x0000000771400000, 0x00000007c0000000)
  eden space 65024K, 0% used [0x000000076bf80000,0x000000076bf80000,0x000000076ff00000)
  from space 10752K, 99% used [0x000000076ff00000,0x000000077097ee80,0x0000000770980000)
  to   space 10752K, 0% used [0x0000000770980000,0x0000000770980000,0x0000000771400000)
 ParOldGen       total 173568K, used 2923K [0x00000006c3e00000, 0x00000006ce780000, 0x000000076bf80000)
  object space 173568K, 1% used [0x00000006c3e00000,0x00000006c40dae20,0x00000006ce780000)
 Metaspace       used 16670K, capacity 17156K, committed 17280K, reserved 1064960K
  class space    used 2212K, capacity 2348K, committed 2432K, reserved 1048576K
}

Deoptimization events (10 events):
Event: 11.036 Thread 0x000000001efe5800 Uncommon trap: reason=bimorphic action=maybe_recompile pc=0x0000000002a57d08 method=java.util.HashMap.putVal(ILjava/lang/Object;Ljava/lang/Object;ZZ)Ljava/lang/Object; @ 152
Event: 11.036 Thread 0x000000001efe5800 Uncommon trap: reason=bimorphic action=maybe_recompile pc=0x0000000002a57d08 method=java.util.HashMap.putVal(ILjava/lang/Object;Ljava/lang/Object;ZZ)Ljava/lang/Object; @ 152
Event: 11.036 Thread 0x000000001efe5800 Uncommon trap: reason=bimorphic action=maybe_recompile pc=0x0000000002a54e24 method=java.util.HashMap.putVal(ILjava/lang/Object;Ljava/lang/Object;ZZ)Ljava/lang/Object; @ 152
Event: 13.920 Thread 0x000000001df47000 Uncommon trap: reason=unstable_if action=reinterpret pc=0x0000000002a651f8 method=java.util.HashMap.getNode(ILjava/lang/Object;)Ljava/util/HashMap$Node; @ 84
Event: 13.921 Thread 0x000000001df47000 Uncommon trap: reason=unstable_if action=reinterpret pc=0x0000000002a9e100 method=java.util.HashMap.getNode(ILjava/lang/Object;)Ljava/util/HashMap$Node; @ 84
Event: 13.953 Thread 0x000000001df4c800 Uncommon trap: reason=unstable_if action=reinterpret pc=0x0000000002f076a0 method=sun.awt.image.GifImageDecoder.sendPixels(IIII[BLjava/awt/image/ColorModel;)I @ 136
Event: 13.971 Thread 0x000000001df47000 Uncommon trap: reason=unstable_if action=reinterpret pc=0x0000000002b46278 method=sun.misc.MetaIndex.mayContain(Ljava/lang/String;)Z @ 38
Event: 13.998 Thread 0x000000001df47000 Uncommon trap: reason=unstable_if action=reinterpret pc=0x0000000002b14294 method=sun.misc.MetaIndex.mayContain(Ljava/lang/String;)Z @ 38
Event: 14.291 Thread 0x000000001df47000 Uncommon trap: reason=unstable_if action=reinterpret pc=0x0000000002e8b5c4 method=java.util.HashMap.putVal(ILjava/lang/Object;Ljava/lang/Object;ZZ)Ljava/lang/Object; @ 109
Event: 14.291 Thread 0x000000001df47000 Uncommon trap: reason=unstable_if action=reinterpret pc=0x0000000002e8a650 method=java.util.HashMap.putVal(ILjava/lang/Object;Ljava/lang/Object;ZZ)Ljava/lang/Object; @ 109

Classes redefined (0 events):
No events

Internal exceptions (10 events):
Event: 0.475 Thread 0x000000000284d800 Exception <a 'java/lang/ClassNotFoundException': ToggleButton> (0x000000076c4ee8e0) thrown at [C:\ade\jenkins\workspace\8-2-build-windows-amd64-cygwin\jdk8u241\331\hotspot\src\share\vm\classfile\systemDictionary.cpp, line 210]
Event: 0.475 Thread 0x000000000284d800 Exception <a 'java/lang/ClassNotFoundException': javax/swing/JToolBarSeparator> (0x000000076c4eed40) thrown at [C:\ade\jenkins\workspace\8-2-build-windows-amd64-cygwin\jdk8u241\331\hotspot\src\share\vm\classfile\systemDictionary.cpp, line 210]
Event: 0.476 Thread 0x000000000284d800 Exception <a 'java/lang/ClassNotFoundException': ToolBarSeparator> (0x000000076c4ef1d8) thrown at [C:\ade\jenkins\workspace\8-2-build-windows-amd64-cygwin\jdk8u241\331\hotspot\src\share\vm\classfile\systemDictionary.cpp, line 210]
Event: 0.476 Thread 0x000000000284d800 Exception <a 'java/lang/ClassNotFoundException': ToolTip> (0x000000076c4ef918) thrown at [C:\ade\jenkins\workspace\8-2-build-windows-amd64-cygwin\jdk8u241\331\hotspot\src\share\vm\classfile\systemDictionary.cpp, line 210]
Event: 0.478 Thread 0x000000000284d800 Exception <a 'java/lang/ClassNotFoundException': Tree> (0x000000076c4f0538) thrown at [C:\ade\jenkins\workspace\8-2-build-windows-amd64-cygwin\jdk8u241\331\hotspot\src\share\vm\classfile\systemDictionary.cpp, line 210]
Event: 0.478 Thread 0x000000000284d800 Exception <a 'java/lang/ClassNotFoundException': Tree> (0x000000076c4f0c78) thrown at [C:\ade\jenkins\workspace\8-2-build-windows-amd64-cygwin\jdk8u241\331\hotspot\src\share\vm\classfile\systemDictionary.cpp, line 210]
Event: 0.478 Thread 0x000000000284d800 Exception <a 'java/lang/ClassNotFoundException': javax/swing/JTreeCell> (0x000000076c4f0ff8) thrown at [C:\ade\jenkins\workspace\8-2-build-windows-amd64-cygwin\jdk8u241\331\hotspot\src\share\vm\classfile\systemDictionary.cpp, line 210]
Event: 0.478 Thread 0x000000000284d800 Exception <a 'java/lang/ClassNotFoundException': TreeCell> (0x000000076c4f1480) thrown at [C:\ade\jenkins\workspace\8-2-build-windows-amd64-cygwin\jdk8u241\331\hotspot\src\share\vm\classfile\systemDictionary.cpp, line 210]
Event: 0.479 Thread 0x000000000284d800 Exception <a 'java/lang/ClassNotFoundException': RootPane> (0x000000076c4f1ee0) thrown at [C:\ade\jenkins\workspace\8-2-build-windows-amd64-cygwin\jdk8u241\331\hotspot\src\share\vm\classfile\systemDictionary.cpp, line 210]
Event: 3.372 Thread 0x000000001f05e800 Exception <a 'java/lang/InterruptedException': sleep interrupted> (0x000000076d888f80) thrown at [C:\ade\jenkins\workspace\8-2-build-windows-amd64-cygwin\jdk8u241\331\hotspot\src\share\vm\prims\jvm.cpp, line 3288]

Events (10 events):
Event: 14.479 Executing VM operation: RevokeBias
Event: 14.480 Executing VM operation: RevokeBias done
Event: 14.480 Executing VM operation: RevokeBias
Event: 14.480 Executing VM operation: RevokeBias done
Event: 14.481 Executing VM operation: RevokeBias
Event: 14.481 Executing VM operation: RevokeBias done
Event: 14.481 Executing VM operation: RevokeBias
Event: 14.481 Executing VM operation: RevokeBias done
Event: 14.481 Executing VM operation: RevokeBias
Event: 14.481 Executing VM operation: RevokeBias done


Dynamic libraries:
0x00007ff7c3250000 - 0x00007ff7c3287000 	C:\Program Files\Java\jdk1.8.0_241\bin\java.exe
0x00007ffc4c300000 - 0x00007ffc4c4f0000 	C:\Windows\SYSTEM32\ntdll.dll
0x00007ffc4adf0000 - 0x00007ffc4aea2000 	C:\Windows\System32\KERNEL32.DLL
0x00007ffc496f0000 - 0x00007ffc49993000 	C:\Windows\System32\KERNELBASE.dll
0x00007ffc4a3b0000 - 0x00007ffc4a453000 	C:\Windows\System32\ADVAPI32.dll
0x00007ffc4bc20000 - 0x00007ffc4bcbe000 	C:\Windows\System32\msvcrt.dll
0x00007ffc4a460000 - 0x00007ffc4a4f7000 	C:\Windows\System32\sechost.dll
0x00007ffc4b870000 - 0x00007ffc4b990000 	C:\Windows\System32\RPCRT4.dll
0x00007ffc4ba00000 - 0x00007ffc4bb94000 	C:\Windows\System32\USER32.dll
0x00007ffc4a380000 - 0x00007ffc4a3a1000 	C:\Windows\System32\win32u.dll
0x00007ffc4bf00000 - 0x00007ffc4bf26000 	C:\Windows\System32\GDI32.dll
0x00007ffc49450000 - 0x00007ffc495e4000 	C:\Windows\System32\gdi32full.dll
0x00007ffc4a150000 - 0x00007ffc4a1ee000 	C:\Windows\System32\msvcp_win.dll
0x00007ffc495f0000 - 0x00007ffc496ea000 	C:\Windows\System32\ucrtbase.dll
0x00007ffc339a0000 - 0x00007ffc33c25000 	C:\Windows\WinSxS\amd64_microsoft.windows.common-controls_6595b64144ccf1df_6.0.18362.778_none_e6c6b761130d4fb8\COMCTL32.dll
0x00007ffc4a500000 - 0x00007ffc4a836000 	C:\Windows\System32\combase.dll
0x00007ffc4a300000 - 0x00007ffc4a380000 	C:\Windows\System32\bcryptPrimitives.dll
0x00007ffc4bed0000 - 0x00007ffc4befe000 	C:\Windows\System32\IMM32.DLL
0x0000000072d10000 - 0x0000000072de2000 	C:\Program Files\Java\jdk1.8.0_241\jre\bin\msvcr100.dll
0x0000000072df0000 - 0x000000007369c000 	C:\Program Files\Java\jdk1.8.0_241\jre\bin\server\jvm.dll
0x00007ffc4c290000 - 0x00007ffc4c298000 	C:\Windows\System32\PSAPI.DLL
0x00007ffc3f700000 - 0x00007ffc3f70a000 	C:\Windows\SYSTEM32\VERSION.dll
0x00007ffc3cbb0000 - 0x00007ffc3cbd4000 	C:\Windows\SYSTEM32\WINMM.dll
0x00007ffc3cb80000 - 0x00007ffc3cbad000 	C:\Windows\SYSTEM32\winmmbase.dll
0x00007ffc49290000 - 0x00007ffc492da000 	C:\Windows\System32\cfgmgr32.dll
0x00007ffc21d00000 - 0x00007ffc21d09000 	C:\Windows\SYSTEM32\WSOCK32.dll
0x00007ffc4c110000 - 0x00007ffc4c17f000 	C:\Windows\System32\WS2_32.dll
0x00007ffc21cf0000 - 0x00007ffc21cff000 	C:\Program Files\Java\jdk1.8.0_241\jre\bin\verify.dll
0x00007ffc13e30000 - 0x00007ffc13e59000 	C:\Program Files\Java\jdk1.8.0_241\jre\bin\java.dll
0x00007ffc1fe90000 - 0x00007ffc1fea6000 	C:\Program Files\Java\jdk1.8.0_241\jre\bin\zip.dll
0x00007ffc4af70000 - 0x00007ffc4b655000 	C:\Windows\System32\SHELL32.dll
0x00007ffc4c1e0000 - 0x00007ffc4c289000 	C:\Windows\System32\shcore.dll
0x00007ffc499a0000 - 0x00007ffc4a120000 	C:\Windows\System32\windows.storage.dll
0x00007ffc49210000 - 0x00007ffc49233000 	C:\Windows\System32\profapi.dll
0x00007ffc49240000 - 0x00007ffc4928a000 	C:\Windows\System32\powrprof.dll
0x00007ffc491c0000 - 0x00007ffc491d0000 	C:\Windows\System32\UMPDC.dll
0x00007ffc4b9a0000 - 0x00007ffc4b9f2000 	C:\Windows\System32\shlwapi.dll
0x00007ffc491d0000 - 0x00007ffc491e1000 	C:\Windows\System32\kernel.appcore.dll
0x00007ffc492e0000 - 0x00007ffc492f7000 	C:\Windows\System32\cryptsp.dll
0x00007ffbd3f40000 - 0x00007ffbd40da000 	C:\Program Files\Java\jdk1.8.0_241\jre\bin\awt.dll
0x00007ffc4be00000 - 0x00007ffc4bec4000 	C:\Windows\System32\OLEAUT32.dll
0x00007ffc46ee0000 - 0x00007ffc46f6f000 	C:\Windows\SYSTEM32\apphelp.dll
0x00007ffc470a0000 - 0x00007ffc47139000 	C:\Windows\system32\uxtheme.dll
0x00007ffc4a840000 - 0x00007ffc4a976000 	C:\Windows\System32\MSCTF.dll
0x00007ffc4bf30000 - 0x00007ffc4c087000 	C:\Windows\System32\ole32.dll
0x00007ffc47410000 - 0x00007ffc4743d000 	C:\Windows\system32\DWMAPI.DLL
0x00007ffbd9330000 - 0x00007ffbd9379000 	C:\Program Files\Java\jdk1.8.0_241\jre\bin\fontmanager.dll
0x00007ffc0eff0000 - 0x00007ffc0f146000 	C:\Windows\system32\opengl32.dll
0x00007ffc0f6e0000 - 0x00007ffc0f70c000 	C:\Windows\SYSTEM32\GLU32.dll
0x00007ffc47e30000 - 0x00007ffc47e50000 	C:\Windows\SYSTEM32\dxcore.dll
0x00007ffc18290000 - 0x00007ffc182aa000 	C:\Program Files\Java\jdk1.8.0_241\jre\bin\net.dll
0x00007ffc48a30000 - 0x00007ffc48a97000 	C:\Windows\system32\mswsock.dll
0x00007ffc0fc40000 - 0x00007ffc0fc52000 	C:\Program Files\Java\jdk1.8.0_241\jre\bin\nio.dll
0x00007ffbd5390000 - 0x00007ffbd53d2000 	C:\Program Files\Java\jdk1.8.0_241\jre\bin\t2k.dll
0x00007ffc2a4b0000 - 0x00007ffc2a54e000 	C:\Windows\System32\TextInputFramework.dll
0x00007ffc29e50000 - 0x00007ffc2a17a000 	C:\Windows\System32\CoreUIComponents.dll
0x00007ffc46dd0000 - 0x00007ffc46ea4000 	C:\Windows\System32\CoreMessaging.dll
0x00007ffc48220000 - 0x00007ffc48251000 	C:\Windows\SYSTEM32\ntmarta.dll
0x00007ffc45000000 - 0x00007ffc45153000 	C:\Windows\SYSTEM32\wintypes.dll
0x00007ffc35850000 - 0x00007ffc358b5000 	C:\Windows\system32\Oleacc.dll
0x00007ffc3a750000 - 0x00007ffc3a9f6000 	C:\Windows\System32\iertutil.dll
0x00007ffc4aec0000 - 0x00007ffc4af62000 	C:\Windows\System32\clbcatq.dll
0x00007ffc28640000 - 0x00007ffc287ef000 	C:\Windows\SYSTEM32\WindowsCodecs.dll
0x00007ffc0de50000 - 0x00007ffc0de8a000 	C:\Windows\system32\dataexchange.dll
0x00007ffc46780000 - 0x00007ffc4695c000 	C:\Windows\system32\dcomp.dll
0x00007ffc46520000 - 0x00007ffc4677b000 	C:\Windows\system32\d3d11.dll
0x00007ffc47ec0000 - 0x00007ffc47fab000 	C:\Windows\system32\dxgi.dll
0x00007ffc47190000 - 0x00007ffc473ea000 	C:\Windows\system32\twinapi.appcore.dll
0x00007ffc476a0000 - 0x00007ffc476c9000 	C:\Windows\system32\RMCLIENT.dll
0x00007ffc47a70000 - 0x00007ffc47c64000 	C:\Windows\SYSTEM32\dbghelp.dll

VM Arguments:
jvm_args: -Dfile.encoding=UTF-8 
java_command: UI_Pages.HomePages.Home
java_class_path (initial): C:\Users\rohit\OneDrive\Desktop\AED_Project\project_jars\db4o-8.0.184.15484-all-java5.jar;C:\Users\rohit\OneDrive\Desktop\23\AED_AAA_Group\ENCP_Project_AED 5\jcalendar-1.4.jar;C:\Users\rohit\OneDrive\Desktop\AED_Project\project_jars\AbsoluteLayout.jar;C:\Users\rohit\OneDrive\Desktop\23\AED_AAA_Group\ENCP_Project_AED 5\build\classes
Launcher Type: SUN_STANDARD

Environment Variables:
JAVA_HOME=C:\Program Files\Java\jdk1.8.0_241
PATH=C:\Program Files (x86)\Common Files\Oracle\Java\javapath;C:\Windows\system32;C:\Windows;C:\Windows\System32\Wbem;C:\Windows\System32\WindowsPowerShell\v1.0\;C:\Windows\System32\OpenSSH\;C:\Program Files\Java\jdk1.8.0_241\bin;C:\Program Files\Git\cmd;C:\Program Files\Git\mingw64\bin;C:\Program Files\Git\usr\bin;C:\ffmpeg\bin;C:\Program Files\SourceGear\Common\DiffMerge\;C:\Users\rohit\AppData\Local\Microsoft\WindowsApps;C:\Users\rohit\AppData\Local\GitHubDesktop\bin;C:\Program Files\Java\jdk1.8.0_241;
USERNAME=rohit
OS=Windows_NT
PROCESSOR_IDENTIFIER=Intel64 Family 6 Model 142 Stepping 12, GenuineIntel



---------------  S Y S T E M  ---------------

OS: Windows 10.0 , 64 bit Build 18362 (10.0.18362.778)

CPU:total 8 (initial active 8) (4 cores per cpu, 2 threads per core) family 6 model 142 stepping 12, cmov, cx8, fxsr, mmx, sse, sse2, sse3, ssse3, sse4.1, sse4.2, popcnt, avx, avx2, aes, clmul, erms, 3dnowpref, lzcnt, ht, tsc, tscinvbit, bmi1, bmi2, adx

Memory: 4k page, physical 16522324k(7067676k free), swap 40639572k(22227232k free)

vm_info: Java HotSpot(TM) 64-Bit Server VM (25.241-b07) for windows-amd64 JRE (1.8.0_241-b07), built on Dec 11 2019 10:21:40 by "rejava" with MS VC++ 10.0 (VS2010)

time: Thu Apr 23 14:43:30 2020
timezone: Eastern Daylight Time
elapsed time: 14 seconds (0d 0h 0m 14s)

