#
# A fatal error has been detected by the Java Runtime Environment:
#
#  EXCEPTION_ACCESS_VIOLATION (0xc0000005) at pc=0x00007ffbd3fac10b, pid=29412, tid=0x0000000000006a40
#
# JRE version: Java(TM) SE Runtime Environment (8.0_241-b07) (build 1.8.0_241-b07)
# Java VM: Java HotSpot(TM) 64-Bit Server VM (25.241-b07 mixed mode windows-amd64 compressed oops)
# Problematic frame:
# C  [awt.dll+0x6c10b]
#
# Failed to write core dump. Minidumps are not enabled by default on client versions of Windows
#
# If you would like to submit a bug report, please visit:
#   http://bugreport.java.com/bugreport/crash.jsp
# The crash happened outside the Java Virtual Machine in native code.
# See problematic frame for where to report the bug.
#

---------------  T H R E A D  ---------------

Current thread (0x000000001edc0800):  JavaThread "AWT-EventQueue-0" [_thread_in_native, id=27200, stack(0x0000000020160000,0x0000000020260000)]

siginfo: ExceptionCode=0xc0000005, reading address 0xffffffffffffffff

Registers:
RAX=0xc5ffff30220a0247, RBX=0x000000001edc09f8, RCX=0x000000001edc09f8, RDX=0x000000001ebe4e30
RSP=0x000000002025af60, RBP=0x000000002025b001, RSI=0x000000002025b2a0, RDI=0x000000001ebe4e30
R8 =0x0000000000000042, R9 =0x000000076cbe7c00, R10=0x0000000000000402, R11=0x000000007360da60
R12=0x000000002025b2a0, R13=0x000000002025b2b8, R14=0x0000000000000000, R15=0x0000000000000000
RIP=0x00007ffbd3fac10b, EFLAGS=0x0000000000010286

Top of Stack: (sp=0x000000002025af60)
0x000000002025af60:   000000001edb7a40 000000002025b270
0x000000002025af70:   000000076e37f608 000000076ccc0250
0x000000002025af80:   000000001edc09f8 00007ffbd3f91d8a
0x000000002025af90:   00007ffbd4087ac8 000000002025b090
0x000000002025afa0:   000000002025b2b0 00000006c496e8f0
0x000000002025afb0:   000000076e37f608 00000000025e621e
0x000000002025afc0:   000000001edc0800 000000002025b270
0x000000002025afd0:   00000006c4b72d00 0000000072ec4639
0x000000002025afe0:   000000000020027f 00000000025b54a7
0x000000002025aff0:   000000002025b2a8 0000ffff00001fa5
0x000000002025b000:   0000000000000000 0000000072f23ff0
0x000000002025b010:   000000001edc09f8 0000000000003ffd
0x000000002025b020:   00007ffbd4087ac8 0000000000003fff
0x000000002025b030:   9999999999999800 0000000000004000
0x000000002025b040:   00000006c4b72d20 000000000000000a
0x000000002025b050:   000000001edc0800 000000002025b188 

Instructions: (pc=0x00007ffbd3fac10b)
0x00007ffbd3fac0eb:   15 20 4d 09 00 e8 47 34 07 00 eb 16 40 84 ed 74
0x00007ffbd3fac0fb:   11 48 8b 40 20 48 85 c0 74 08 48 8b d7 48 8b cb
0x00007ffbd3fac10b:   ff d0 48 8b c7 48 8b 5c 24 30 48 8b 6c 24 38 48
0x00007ffbd3fac11b:   8b 74 24 40 48 83 c4 20 5f c3 cc cc cc 41 b0 01 


Register to memory mapping:

RAX=0xc5ffff30220a0247 is an unknown value
RBX=0x000000001edc09f8 is an unknown value
RCX=0x000000001edc09f8 is an unknown value
RDX=0x000000001ebe4e30 is an unknown value
RSP=0x000000002025af60 is pointing into the stack for thread: 0x000000001edc0800
RBP=0x000000002025b001 is pointing into the stack for thread: 0x000000001edc0800
RSI=0x000000002025b2a0 is pointing into the stack for thread: 0x000000001edc0800
RDI=0x000000001ebe4e30 is an unknown value
R8 =0x0000000000000042 is an unknown value
R9 =0x000000076cbe7c00 is an oop
sun.awt.image.BufImgSurfaceData 
 - klass: 'sun/awt/image/BufImgSurfaceData'
R10=0x0000000000000402 is an unknown value
R11=0x000000007360da60 is an unknown value
R12=0x000000002025b2a0 is pointing into the stack for thread: 0x000000001edc0800
R13=0x000000002025b2b8 is pointing into the stack for thread: 0x000000001edc0800
R14=0x0000000000000000 is an unknown value
R15=0x0000000000000000 is an unknown value


Stack: [0x0000000020160000,0x0000000020260000],  sp=0x000000002025af60,  free space=1003k
Native frames: (J=compiled Java code, j=interpreted, Vv=VM code, C=native code)
C  [awt.dll+0x6c10b]
C  [awt.dll+0x51d8a]
C  0x0000000002f5c71c

Java frames: (J=compiled Java code, j=interpreted, Vv=VM code)
J 3573  sun.java2d.loops.MaskBlit.MaskBlit(Lsun/java2d/SurfaceData;Lsun/java2d/SurfaceData;Ljava/awt/Composite;Lsun/java2d/pipe/Region;IIIIII[BII)V (0 bytes) @ 0x0000000002f5c696 [0x0000000002f5c580+0x116]
J 3583 C1 sun.java2d.loops.Blit$GeneralMaskBlit.Blit(Lsun/java2d/SurfaceData;Lsun/java2d/SurfaceData;Ljava/awt/Composite;Lsun/java2d/pipe/Region;IIIIII)V (28 bytes) @ 0x0000000002f758fc [0x0000000002f75800+0xfc]
J 3575 C1 sun.java2d.pipe.DrawImage.blitSurfaceData(Lsun/java2d/SunGraphics2D;Lsun/java2d/pipe/Region;Lsun/java2d/SurfaceData;Lsun/java2d/SurfaceData;Lsun/java2d/loops/SurfaceType;Lsun/java2d/loops/SurfaceType;IIIIIILjava/awt/Color;)V (145 bytes) @ 0x0000000002f74694 [0x0000000002f73860+0xe34]
J 3574 C1 sun.java2d.pipe.DrawImage.renderImageCopy(Lsun/java2d/SunGraphics2D;Ljava/awt/Image;Ljava/awt/Color;IIIIII)Z (147 bytes) @ 0x0000000002f5b4ec [0x0000000002f5af60+0x58c]
J 3832 C1 sun.java2d.pipe.DrawImage.copyImage(Lsun/java2d/SunGraphics2D;Ljava/awt/Image;IILjava/awt/Color;)Z (105 bytes) @ 0x00000000030da584 [0x00000000030d9fe0+0x5a4]
J 2551 C1 sun.java2d.pipe.DrawImage.copyImage(Lsun/java2d/SunGraphics2D;Ljava/awt/Image;IILjava/awt/Color;Ljava/awt/image/ImageObserver;)Z (60 bytes) @ 0x00000000027ac00c [0x00000000027ab9a0+0x66c]
J 2550 C1 sun.java2d.SunGraphics2D.drawImage(Ljava/awt/Image;IILjava/awt/Color;Ljava/awt/image/ImageObserver;)Z (145 bytes) @ 0x0000000002785d04 [0x00000000027853c0+0x944]
J 4847 C1 sun.awt.image.ImageRepresentation.drawToBufImage(Ljava/awt/Graphics;Lsun/awt/image/ToolkitImage;IILjava/awt/Color;Ljava/awt/image/ImageObserver;)Z (159 bytes) @ 0x0000000002b06894 [0x0000000002b05fc0+0x8d4]
J 2551 C1 sun.java2d.pipe.DrawImage.copyImage(Lsun/java2d/SunGraphics2D;Ljava/awt/Image;IILjava/awt/Color;Ljava/awt/image/ImageObserver;)Z (60 bytes) @ 0x00000000027abfcc [0x00000000027ab9a0+0x62c]
J 3593 C1 sun.java2d.pipe.ValidatePipe.copyImage(Lsun/java2d/SunGraphics2D;Ljava/awt/Image;IILjava/awt/Color;Ljava/awt/image/ImageObserver;)Z (29 bytes) @ 0x0000000002f85e14 [0x0000000002f85a00+0x414]
J 2550 C1 sun.java2d.SunGraphics2D.drawImage(Ljava/awt/Image;IILjava/awt/Color;Ljava/awt/image/ImageObserver;)Z (145 bytes) @ 0x0000000002785d04 [0x00000000027853c0+0x944]
J 3585 C1 sun.java2d.SunGraphics2D.drawImage(Ljava/awt/Image;IILjava/awt/image/ImageObserver;)Z (11 bytes) @ 0x0000000002f78584 [0x0000000002f78480+0x104]
j  javax.swing.ImageIcon.paintIcon(Ljava/awt/Component;Ljava/awt/Graphics;II)V+16
J 4967 C1 sun.swing.plaf.synth.SynthIcon.paintIcon(Ljavax/swing/Icon;Ljavax/swing/plaf/synth/SynthContext;Ljava/awt/Graphics;IIII)V (45 bytes) @ 0x00000000034511cc [0x0000000003450f60+0x26c]
J 2906 C1 javax.swing.plaf.synth.SynthGraphicsUtils.paintText(Ljavax/swing/plaf/synth/SynthContext;Ljava/awt/Graphics;Ljava/lang/String;Ljavax/swing/Icon;IIIIIII)V (413 bytes) @ 0x0000000002d81224 [0x0000000002d7fcc0+0x1564]
J 2905 C1 javax.swing.plaf.synth.SynthLabelUI.paint(Ljavax/swing/plaf/synth/SynthContext;Ljava/awt/Graphics;)V (100 bytes) @ 0x0000000002d79ec4 [0x0000000002d791e0+0xce4]
J 2761 C1 javax.swing.plaf.synth.SynthLabelUI.update(Ljava/awt/Graphics;Ljavax/swing/JComponent;)V (41 bytes) @ 0x0000000002d02bac [0x0000000002d01780+0x142c]
J 2544 C1 javax.swing.JComponent.paintComponent(Ljava/awt/Graphics;)V (44 bytes) @ 0x000000000293e2b4 [0x000000000293e040+0x274]
J 2646 C1 javax.swing.JComponent.paint(Ljava/awt/Graphics;)V (409 bytes) @ 0x0000000002cb700c [0x0000000002cb5780+0x188c]
J 2789 C1 javax.swing.JComponent.paintChildren(Ljava/awt/Graphics;)V (669 bytes) @ 0x0000000002d1950c [0x0000000002d16140+0x33cc]
J 2646 C1 javax.swing.JComponent.paint(Ljava/awt/Graphics;)V (409 bytes) @ 0x0000000002cb74ac [0x0000000002cb5780+0x1d2c]
J 2789 C1 javax.swing.JComponent.paintChildren(Ljava/awt/Graphics;)V (669 bytes) @ 0x0000000002d1950c [0x0000000002d16140+0x33cc]
j  javax.swing.JSplitPane.paintChildren(Ljava/awt/Graphics;)V+2
J 2646 C1 javax.swing.JComponent.paint(Ljava/awt/Graphics;)V (409 bytes) @ 0x0000000002cb74ac [0x0000000002cb5780+0x1d2c]
J 2789 C1 javax.swing.JComponent.paintChildren(Ljava/awt/Graphics;)V (669 bytes) @ 0x0000000002d1950c [0x0000000002d16140+0x33cc]
J 2646 C1 javax.swing.JComponent.paint(Ljava/awt/Graphics;)V (409 bytes) @ 0x0000000002cb74ac [0x0000000002cb5780+0x1d2c]
J 2789 C1 javax.swing.JComponent.paintChildren(Ljava/awt/Graphics;)V (669 bytes) @ 0x0000000002d1950c [0x0000000002d16140+0x33cc]
J 2646 C1 javax.swing.JComponent.paint(Ljava/awt/Graphics;)V (409 bytes) @ 0x0000000002cb74ac [0x0000000002cb5780+0x1d2c]
j  javax.swing.JLayeredPane.paint(Ljava/awt/Graphics;)V+73
J 2789 C1 javax.swing.JComponent.paintChildren(Ljava/awt/Graphics;)V (669 bytes) @ 0x0000000002d1950c [0x0000000002d16140+0x33cc]
j  javax.swing.JComponent.paintToOffscreen(Ljava/awt/Graphics;IIIIII)V+72
j  javax.swing.RepaintManager$PaintManager.paintDoubleBuffered(Ljavax/swing/JComponent;Ljava/awt/Image;Ljava/awt/Graphics;IIII)V+163
j  javax.swing.RepaintManager$PaintManager.paint(Ljavax/swing/JComponent;Ljavax/swing/JComponent;Ljava/awt/Graphics;IIII)Z+116
J 4930 C1 javax.swing.RepaintManager.paint(Ljavax/swing/JComponent;Ljavax/swing/JComponent;Ljava/awt/Graphics;IIII)V (93 bytes) @ 0x0000000002b0f7c4 [0x0000000002b0f2e0+0x4e4]
J 2646 C1 javax.swing.JComponent.paint(Ljava/awt/Graphics;)V (409 bytes) @ 0x0000000002cb76ec [0x0000000002cb5780+0x1f6c]
j  java.awt.GraphicsCallback$PaintCallback.run(Ljava/awt/Component;Ljava/awt/Graphics;)V+2
j  sun.awt.SunGraphicsCallback.runOneComponent(Ljava/awt/Component;Ljava/awt/Rectangle;Ljava/awt/Graphics;Ljava/awt/Shape;I)V+155
j  sun.awt.SunGraphicsCallback.runComponents([Ljava/awt/Component;Ljava/awt/Graphics;I)V+194
j  java.awt.Container.paint(Ljava/awt/Graphics;)V+58
j  java.awt.Window.paint(Ljava/awt/Graphics;)V+68
J 4948 C1 javax.swing.RepaintManager$4.run()Ljava/lang/Void; (278 bytes) @ 0x000000000343aa74 [0x0000000003439ea0+0xbd4]
J 4209 C1 javax.swing.RepaintManager$4.run()Ljava/lang/Object; (5 bytes) @ 0x00000000031ad88c [0x00000000031ad800+0x8c]
v  ~StubRoutines::call_stub
J 399  java.security.AccessController.doPrivileged(Ljava/security/PrivilegedAction;Ljava/security/AccessControlContext;)Ljava/lang/Object; (0 bytes) @ 0x00000000027969a6 [0x0000000002796940+0x66]
J 4957 C1 javax.swing.RepaintManager.paintDirtyRegions(Ljava/util/Map;)V (196 bytes) @ 0x00000000034403cc [0x000000000343ed80+0x164c]
J 4956 C1 javax.swing.RepaintManager.paintDirtyRegions()V (50 bytes) @ 0x0000000003445244 [0x0000000003444fc0+0x284]
J 4955 C1 javax.swing.RepaintManager.prePaintDirtyRegions()V (91 bytes) @ 0x000000000344486c [0x0000000003444240+0x62c]
J 4222 C1 javax.swing.RepaintManager$ProcessingRunnable.run()V (41 bytes) @ 0x00000000031b4a7c [0x00000000031b4820+0x25c]
J 4242 C2 java.awt.EventQueue$3.run()Ljava/lang/Object; (5 bytes) @ 0x00000000031c3f10 [0x00000000031c3be0+0x330]
v  ~StubRoutines::call_stub
J 399  java.security.AccessController.doPrivileged(Ljava/security/PrivilegedAction;Ljava/security/AccessControlContext;)Ljava/lang/Object; (0 bytes) @ 0x00000000027969a6 [0x0000000002796940+0x66]
J 4400 C2 java.awt.EventDispatchThread.pumpOneEventForFilters(I)V (190 bytes) @ 0x000000000326da14 [0x000000000326d380+0x694]
j  java.awt.EventDispatchThread.pumpEventsForFilter(ILjava/awt/Conditional;Ljava/awt/EventFilter;)V+35
j  java.awt.EventDispatchThread.pumpEventsForHierarchy(ILjava/awt/Conditional;Ljava/awt/Component;)V+11
j  java.awt.EventDispatchThread.pumpEvents(ILjava/awt/Conditional;)V+4
j  java.awt.EventDispatchThread.pumpEvents(Ljava/awt/Conditional;)V+3
j  java.awt.EventDispatchThread.run()V+9
v  ~StubRoutines::call_stub

---------------  P R O C E S S  ---------------

Java Threads: ( => current thread )
  0x0000000023a9e800 JavaThread "Image Fetcher 3" daemon [_thread_blocked, id=27708, stack(0x000000001fff0000,0x00000000200f0000)]
  0x000000001ef81000 JavaThread "Timer-2" [_thread_blocked, id=23952, stack(0x000000001fcf0000,0x000000001fdf0000)]
  0x000000001ee5c000 JavaThread "TimerQueue" daemon [_thread_blocked, id=28908, stack(0x0000000020260000,0x0000000020360000)]
  0x000000000249d800 JavaThread "DestroyJavaVM" [_thread_blocked, id=21008, stack(0x0000000002380000,0x0000000002480000)]
=>0x000000001edc0800 JavaThread "AWT-EventQueue-0" [_thread_in_native, id=27200, stack(0x0000000020160000,0x0000000020260000)]
  0x000000001ed14800 JavaThread "AWT-Windows" daemon [_thread_in_native, id=23628, stack(0x000000001f6e0000,0x000000001f7e0000)]
  0x000000001ed67800 JavaThread "AWT-Shutdown" [_thread_blocked, id=27536, stack(0x000000001f5e0000,0x000000001f6e0000)]
  0x000000001ed67000 JavaThread "Java2D Disposer" daemon [_thread_blocked, id=17060, stack(0x000000001f4e0000,0x000000001f5e0000)]
  0x000000001dd79800 JavaThread "Service Thread" daemon [_thread_blocked, id=12652, stack(0x000000001e9a0000,0x000000001eaa0000)]
  0x000000001dce6800 JavaThread "C1 CompilerThread3" daemon [_thread_blocked, id=23468, stack(0x000000001e8a0000,0x000000001e9a0000)]
  0x000000001dcdb800 JavaThread "C2 CompilerThread2" daemon [_thread_blocked, id=27108, stack(0x000000001e7a0000,0x000000001e8a0000)]
  0x000000001beed800 JavaThread "C2 CompilerThread1" daemon [_thread_blocked, id=11004, stack(0x000000001e6a0000,0x000000001e7a0000)]
  0x000000001beeb000 JavaThread "C2 CompilerThread0" daemon [_thread_blocked, id=24308, stack(0x000000001e5a0000,0x000000001e6a0000)]
  0x000000001dcd5800 JavaThread "Attach Listener" daemon [_thread_blocked, id=25152, stack(0x000000001e4a0000,0x000000001e5a0000)]
  0x000000001dcd4800 JavaThread "Signal Dispatcher" daemon [_thread_blocked, id=28648, stack(0x000000001e3a0000,0x000000001e4a0000)]
  0x000000000259e800 JavaThread "Finalizer" daemon [_thread_blocked, id=27876, stack(0x000000001e1a0000,0x000000001e2a0000)]
  0x0000000002597800 JavaThread "Reference Handler" daemon [_thread_blocked, id=27296, stack(0x000000001e0a0000,0x000000001e1a0000)]

Other Threads:
  0x000000001bed9800 VMThread [stack: 0x000000001dba0000,0x000000001dca0000] [id=25992]
  0x000000001dd9b800 WatcherThread [stack: 0x000000001eaa0000,0x000000001eba0000] [id=27272]

VM state:not at safepoint (normal execution)

VM Mutex/Monitor currently owned by a thread: None

heap address: 0x00000006c3e00000, size: 4034 MB, Compressed Oops mode: Zero based, Oop shift amount: 3
Narrow klass base: 0x0000000000000000, Narrow klass shift: 3
Compressed class space size: 1073741824 Address: 0x00000007c0000000

Heap:
 PSYoungGen      total 72704K, used 42025K [0x000000076bf80000, 0x0000000771600000, 0x00000007c0000000)
  eden space 61952K, 61% used [0x000000076bf80000,0x000000076e4b38d0,0x000000076fc00000)
  from space 10752K, 36% used [0x0000000770b80000,0x0000000770f56de8,0x0000000771600000)
  to   space 13312K, 0% used [0x000000076fc00000,0x000000076fc00000,0x0000000770900000)
 ParOldGen       total 112128K, used 17096K [0x00000006c3e00000, 0x00000006cab80000, 0x000000076bf80000)
  object space 112128K, 15% used [0x00000006c3e00000,0x00000006c4eb22a0,0x00000006cab80000)
 Metaspace       used 26354K, capacity 28298K, committed 28544K, reserved 1073152K
  class space    used 3438K, capacity 3855K, committed 3968K, reserved 1048576K

Card table byte_map: [0x0000000011960000,0x0000000012150000] byte_map_base: 0x000000000e341000

Marking Bits: (ParMarkBitMap*) 0x000000007361be30
 Begin Bits: [0x0000000012ea0000, 0x0000000016da8000)
 End Bits:   [0x0000000016da8000, 0x000000001acb0000)

Polling page: 0x00000000003f0000

CodeCache: size=245760Kb used=14782Kb max_used=15056Kb free=230977Kb
 bounds [0x00000000025a0000, 0x0000000003470000, 0x00000000115a0000]
 total_blobs=4971 nmethods=4396 adapters=485
 compilation: enabled

Compilation events (10 events):
Event: 397.166 Thread 0x000000001dce6800 5020       3       javax.swing.JTable::getRowCount (24 bytes)
Event: 397.168 Thread 0x000000001dce6800 nmethod 5020 0x0000000002f0b750 code [0x0000000002f0b8e0, 0x0000000002f0bd38]
Event: 397.170 Thread 0x000000001beeb000 5021       4       java.io.BufferedInputStream::read1 (108 bytes)
Event: 397.206 Thread 0x000000001beeb000 nmethod 5021 0x0000000002b36d50 code [0x0000000002b36ec0, 0x0000000002b37538]
Event: 397.207 Thread 0x000000001dce6800 5022       3       javax.swing.plaf.nimbus.State::isInState (6 bytes)
Event: 397.208 Thread 0x000000001dce6800 nmethod 5022 0x00000000027e2bd0 code [0x00000000027e2d40, 0x00000000027e2f48]
Event: 397.212 Thread 0x000000001dce6800 5023       3       javax.swing.text.BoxView::getOffset (24 bytes)
Event: 397.212 Thread 0x000000001dce6800 nmethod 5023 0x000000000297fd10 code [0x000000000297fe80, 0x0000000002980050]
Event: 397.213 Thread 0x000000001dce6800 5024       3       javax.swing.text.BoxView::getSpan (24 bytes)
Event: 397.214 Thread 0x000000001dce6800 nmethod 5024 0x00000000029927d0 code [0x0000000002992940, 0x0000000002992b10]

GC Heap History (10 events):
Event: 22.431 GC heap before
{Heap before GC invocations=3 (full 1):
 PSYoungGen      total 75776K, used 6225K [0x000000076bf80000, 0x0000000771400000, 0x00000007c0000000)
  eden space 65024K, 0% used [0x000000076bf80000,0x000000076bf80000,0x000000076ff00000)
  from space 10752K, 57% used [0x0000000770980000,0x0000000770f944c0,0x0000000771400000)
  to   space 10752K, 0% used [0x000000076ff00000,0x000000076ff00000,0x0000000770980000)
 ParOldGen       total 173568K, used 27278K [0x00000006c3e00000, 0x00000006ce780000, 0x000000076bf80000)
  object space 173568K, 15% used [0x00000006c3e00000,0x00000006c58a3b58,0x00000006ce780000)
 Metaspace       used 20732K, capacity 21260K, committed 21296K, reserved 1067008K
  class space    used 2772K, capacity 2942K, committed 2944K, reserved 1048576K
Event: 22.514 GC heap after
Heap after GC invocations=3 (full 1):
 PSYoungGen      total 75776K, used 0K [0x000000076bf80000, 0x0000000771400000, 0x00000007c0000000)
  eden space 65024K, 0% used [0x000000076bf80000,0x000000076bf80000,0x000000076ff00000)
  from space 10752K, 0% used [0x0000000770980000,0x0000000770980000,0x0000000771400000)
  to   space 10752K, 0% used [0x000000076ff00000,0x000000076ff00000,0x0000000770980000)
 ParOldGen       total 112128K, used 17064K [0x00000006c3e00000, 0x00000006cab80000, 0x000000076bf80000)
  object space 112128K, 15% used [0x00000006c3e00000,0x00000006c4eaa2a0,0x00000006cab80000)
 Metaspace       used 20732K, capacity 21260K, committed 21296K, reserved 1067008K
  class space    used 2772K, capacity 2942K, committed 2944K, reserved 1048576K
}
Event: 341.167 GC heap before
{Heap before GC invocations=4 (full 1):
 PSYoungGen      total 75776K, used 65024K [0x000000076bf80000, 0x0000000771400000, 0x00000007c0000000)
  eden space 65024K, 100% used [0x000000076bf80000,0x000000076ff00000,0x000000076ff00000)
  from space 10752K, 0% used [0x0000000770980000,0x0000000770980000,0x0000000771400000)
  to   space 10752K, 0% used [0x000000076ff00000,0x000000076ff00000,0x0000000770980000)
 ParOldGen       total 112128K, used 17064K [0x00000006c3e00000, 0x00000006cab80000, 0x000000076bf80000)
  object space 112128K, 15% used [0x00000006c3e00000,0x00000006c4eaa2a0,0x00000006cab80000)
 Metaspace       used 22054K, capacity 22942K, committed 23168K, reserved 1069056K
  class space    used 2898K, capacity 3121K, committed 3200K, reserved 1048576K
Event: 341.176 GC heap after
Heap after GC invocations=4 (full 1):
 PSYoungGen      total 75776K, used 1376K [0x000000076bf80000, 0x0000000771400000, 0x00000007c0000000)
  eden space 65024K, 0% used [0x000000076bf80000,0x000000076bf80000,0x000000076ff00000)
  from space 10752K, 12% used [0x000000076ff00000,0x0000000770058000,0x0000000770980000)
  to   space 10752K, 0% used [0x0000000770980000,0x0000000770980000,0x0000000771400000)
 ParOldGen       total 112128K, used 17072K [0x00000006c3e00000, 0x00000006cab80000, 0x000000076bf80000)
  object space 112128K, 15% used [0x00000006c3e00000,0x00000006c4eac2a0,0x00000006cab80000)
 Metaspace       used 22054K, capacity 22942K, committed 23168K, reserved 1069056K
  class space    used 2898K, capacity 3121K, committed 3200K, reserved 1048576K
}
Event: 376.361 GC heap before
{Heap before GC invocations=5 (full 1):
 PSYoungGen      total 75776K, used 66400K [0x000000076bf80000, 0x0000000771400000, 0x00000007c0000000)
  eden space 65024K, 100% used [0x000000076bf80000,0x000000076ff00000,0x000000076ff00000)
  from space 10752K, 12% used [0x000000076ff00000,0x0000000770058000,0x0000000770980000)
  to   space 10752K, 0% used [0x0000000770980000,0x0000000770980000,0x0000000771400000)
 ParOldGen       total 112128K, used 17072K [0x00000006c3e00000, 0x00000006cab80000, 0x000000076bf80000)
  object space 112128K, 15% used [0x00000006c3e00000,0x00000006c4eac2a0,0x00000006cab80000)
 Metaspace       used 24521K, capacity 25674K, committed 25856K, reserved 1071104K
  class space    used 3204K, capacity 3471K, committed 3584K, reserved 1048576K
Event: 376.376 GC heap after
Heap after GC invocations=5 (full 1):
 PSYoungGen      total 75776K, used 3533K [0x000000076bf80000, 0x0000000771400000, 0x00000007c0000000)
  eden space 65024K, 0% used [0x000000076bf80000,0x000000076bf80000,0x000000076ff00000)
  from space 10752K, 32% used [0x0000000770980000,0x0000000770cf37d0,0x0000000771400000)
  to   space 10752K, 0% used [0x000000076ff00000,0x000000076ff00000,0x0000000770980000)
 ParOldGen       total 112128K, used 17080K [0x00000006c3e00000, 0x00000006cab80000, 0x000000076bf80000)
  object space 112128K, 15% used [0x00000006c3e00000,0x00000006c4eae2a0,0x00000006cab80000)
 Metaspace       used 24521K, capacity 25674K, committed 25856K, reserved 1071104K
  class space    used 3204K, capacity 3471K, committed 3584K, reserved 1048576K
}
Event: 386.976 GC heap before
{Heap before GC invocations=6 (full 1):
 PSYoungGen      total 75776K, used 68557K [0x000000076bf80000, 0x0000000771400000, 0x00000007c0000000)
  eden space 65024K, 100% used [0x000000076bf80000,0x000000076ff00000,0x000000076ff00000)
  from space 10752K, 32% used [0x0000000770980000,0x0000000770cf37d0,0x0000000771400000)
  to   space 10752K, 0% used [0x000000076ff00000,0x000000076ff00000,0x0000000770980000)
 ParOldGen       total 112128K, used 17080K [0x00000006c3e00000, 0x00000006cab80000, 0x000000076bf80000)
  object space 112128K, 15% used [0x00000006c3e00000,0x00000006c4eae2a0,0x00000006cab80000)
 Metaspace       used 25426K, capacity 26920K, committed 27008K, reserved 1073152K
  class space    used 3317K, capacity 3636K, committed 3712K, reserved 1048576K
Event: 386.983 GC heap after
Heap after GC invocations=6 (full 1):
 PSYoungGen      total 74240K, used 4173K [0x000000076bf80000, 0x0000000771980000, 0x00000007c0000000)
  eden space 63488K, 0% used [0x000000076bf80000,0x000000076bf80000,0x000000076fd80000)
  from space 10752K, 38% used [0x000000076ff00000,0x00000007703137d0,0x0000000770980000)
  to   space 14336K, 0% used [0x0000000770b80000,0x0000000770b80000,0x0000000771980000)
 ParOldGen       total 112128K, used 17088K [0x00000006c3e00000, 0x00000006cab80000, 0x000000076bf80000)
  object space 112128K, 15% used [0x00000006c3e00000,0x00000006c4eb02a0,0x00000006cab80000)
 Metaspace       used 25426K, capacity 26920K, committed 27008K, reserved 1073152K
  class space    used 3317K, capacity 3636K, committed 3712K, reserved 1048576K
}
Event: 390.063 GC heap before
{Heap before GC invocations=7 (full 1):
 PSYoungGen      total 74240K, used 67661K [0x000000076bf80000, 0x0000000771980000, 0x00000007c0000000)
  eden space 63488K, 100% used [0x000000076bf80000,0x000000076fd80000,0x000000076fd80000)
  from space 10752K, 38% used [0x000000076ff00000,0x00000007703137d0,0x0000000770980000)
  to   space 14336K, 0% used [0x0000000770b80000,0x0000000770b80000,0x0000000771980000)
 ParOldGen       total 112128K, used 17088K [0x00000006c3e00000, 0x00000006cab80000, 0x000000076bf80000)
  object space 112128K, 15% used [0x00000006c3e00000,0x00000006c4eb02a0,0x00000006cab80000)
 Metaspace       used 26044K, capacity 27892K, committed 28160K, reserved 1073152K
  class space    used 3407K, capacity 3798K, committed 3840K, reserved 1048576K
Event: 390.067 GC heap after
Heap after GC invocations=7 (full 1):
 PSYoungGen      total 72704K, used 3931K [0x000000076bf80000, 0x0000000771600000, 0x00000007c0000000)
  eden space 61952K, 0% used [0x000000076bf80000,0x000000076bf80000,0x000000076fc00000)
  from space 10752K, 36% used [0x0000000770b80000,0x0000000770f56de8,0x0000000771600000)
  to   space 13312K, 0% used [0x000000076fc00000,0x000000076fc00000,0x0000000770900000)
 ParOldGen       total 112128K, used 17096K [0x00000006c3e00000, 0x00000006cab80000, 0x000000076bf80000)
  object space 112128K, 15% used [0x00000006c3e00000,0x00000006c4eb22a0,0x00000006cab80000)
 Metaspace       used 26044K, capacity 27892K, committed 28160K, reserved 1073152K
  class space    used 3407K, capacity 3798K, committed 3840K, reserved 1048576K
}

Deoptimization events (10 events):
Event: 369.846 Thread 0x000000001edc0800 Uncommon trap: reason=class_check action=maybe_recompile pc=0x00000000031ce274 method=java.awt.EventDispatchThread.filterAndCheckEvent(Ljava/awt/AWTEvent;)Z @ 34
Event: 369.846 Thread 0x000000001edc0800 Uncommon trap: reason=class_check action=maybe_recompile pc=0x00000000031ce274 method=java.awt.EventDispatchThread.filterAndCheckEvent(Ljava/awt/AWTEvent;)Z @ 34
Event: 369.851 Thread 0x000000001edc0800 Uncommon trap: reason=class_check action=maybe_recompile pc=0x00000000031ce274 method=java.awt.EventDispatchThread.filterAndCheckEvent(Ljava/awt/AWTEvent;)Z @ 34
Event: 369.852 Thread 0x000000001edc0800 Uncommon trap: reason=class_check action=maybe_recompile pc=0x00000000031c1c30 method=java.awt.EventDispatchThread.filterAndCheckEvent(Ljava/awt/AWTEvent;)Z @ 34
Event: 370.494 Thread 0x000000001edc0800 Uncommon trap: reason=class_check action=maybe_recompile pc=0x000000000325b1bc method=java.awt.Component.updateCursorImmediately()V @ 49
Event: 370.500 Thread 0x000000001edc0800 Uncommon trap: reason=class_check action=maybe_recompile pc=0x000000000325b1bc method=java.awt.Component.updateCursorImmediately()V @ 49
Event: 370.508 Thread 0x000000001edc0800 Uncommon trap: reason=class_check action=maybe_recompile pc=0x000000000325b1bc method=java.awt.Component.updateCursorImmediately()V @ 49
Event: 370.514 Thread 0x000000001edc0800 Uncommon trap: reason=class_check action=maybe_recompile pc=0x000000000325b1bc method=java.awt.Component.updateCursorImmediately()V @ 49
Event: 376.601 Thread 0x000000001edc0800 Uncommon trap: reason=null_check action=make_not_entrant pc=0x00000000032c74ec method=com.db4o.reflect.jdk.JdkClass.isInterface()Z @ 4
Event: 387.214 Thread 0x000000001edc0800 Uncommon trap: reason=unstable_if action=reinterpret pc=0x00000000032c267c method=com.db4o.internal.btree.BTreeNode.prepareWrite(Lcom/db4o/internal/Transaction;)V @ 31

Classes redefined (0 events):
No events

Internal exceptions (10 events):
Event: 22.549 Thread 0x000000001e04d000 Exception <a 'java/lang/InterruptedException': sleep interrupted> (0x000000076bf829e0) thrown at [C:\ade\jenkins\workspace\8-2-build-windows-amd64-cygwin\jdk8u241\331\hotspot\src\share\vm\prims\jvm.cpp, line 3288]
Event: 27.985 Thread 0x000000001edc0800 Implicit null exception at 0x0000000002c86e19 to 0x0000000002c86f9c
Event: 171.681 Thread 0x000000001edc0800 Implicit null exception at 0x0000000002e13313 to 0x0000000002e13389
Event: 341.619 Thread 0x000000001f4c6800 Exception <a 'java/lang/InterruptedException': sleep interrupted> (0x000000076efdee98) thrown at [C:\ade\jenkins\workspace\8-2-build-windows-amd64-cygwin\jdk8u241\331\hotspot\src\share\vm\prims\jvm.cpp, line 3288]
Event: 348.473 Thread 0x0000000024750800 Exception <a 'java/lang/InterruptedException': sleep interrupted> (0x000000076f19b348) thrown at [C:\ade\jenkins\workspace\8-2-build-windows-amd64-cygwin\jdk8u241\331\hotspot\src\share\vm\prims\jvm.cpp, line 3288]
Event: 350.004 Thread 0x000000001edc0800 Implicit null exception at 0x0000000002ad3ed3 to 0x0000000002ad6661
Event: 357.059 Thread 0x000000001edc0800 Implicit null exception at 0x0000000002f8a5fb to 0x0000000002f8ef95
Event: 387.214 Thread 0x000000001edc0800 Implicit null exception at 0x00000000032c2483 to 0x00000000032c2671
Event: 390.336 Thread 0x000000001ef81000 Exception <a 'java/lang/InterruptedException': sleep interrupted> (0x000000076e27f948) thrown at [C:\ade\jenkins\workspace\8-2-build-windows-amd64-cygwin\jdk8u241\331\hotspot\src\share\vm\prims\jvm.cpp, line 3288]
Event: 397.205 Thread 0x0000000023a9e800 Exception <a 'java/lang/InterruptedException': sleep interrupted> (0x000000076e40c790) thrown at [C:\ade\jenkins\workspace\8-2-build-windows-amd64-cygwin\jdk8u241\331\hotspot\src\share\vm\prims\jvm.cpp, line 3288]

Events (10 events):
Event: 397.210 Executing VM operation: RevokeBias done
Event: 397.210 Executing VM operation: RevokeBias
Event: 397.210 Executing VM operation: RevokeBias done
Event: 397.210 Executing VM operation: RevokeBias
Event: 397.210 Executing VM operation: RevokeBias done
Event: 397.211 Executing VM operation: RevokeBias
Event: 397.211 Executing VM operation: RevokeBias done
Event: 397.211 Executing VM operation: RevokeBias
Event: 397.211 Executing VM operation: RevokeBias done
Event: 397.213 Thread 0x000000001dce6800 flushing nmethod 0x000000000293a790


Dynamic libraries:
0x00007ff7c3250000 - 0x00007ff7c3287000 	C:\Program Files\Java\jdk1.8.0_241\bin\java.exe
0x00007ffc4c300000 - 0x00007ffc4c4f0000 	C:\Windows\SYSTEM32\ntdll.dll
0x00007ffc4adf0000 - 0x00007ffc4aea2000 	C:\Windows\System32\KERNEL32.DLL
0x00007ffc496f0000 - 0x00007ffc49993000 	C:\Windows\System32\KERNELBASE.dll
0x00007ffc4a3b0000 - 0x00007ffc4a453000 	C:\Windows\System32\ADVAPI32.dll
0x00007ffc4bc20000 - 0x00007ffc4bcbe000 	C:\Windows\System32\msvcrt.dll
0x00007ffc4a460000 - 0x00007ffc4a4f7000 	C:\Windows\System32\sechost.dll
0x00007ffc4b870000 - 0x00007ffc4b990000 	C:\Windows\System32\RPCRT4.dll
0x00007ffc4ba00000 - 0x00007ffc4bb94000 	C:\Windows\System32\USER32.dll
0x00007ffc4a380000 - 0x00007ffc4a3a1000 	C:\Windows\System32\win32u.dll
0x00007ffc4bf00000 - 0x00007ffc4bf26000 	C:\Windows\System32\GDI32.dll
0x00007ffc49450000 - 0x00007ffc495e4000 	C:\Windows\System32\gdi32full.dll
0x00007ffc4a150000 - 0x00007ffc4a1ee000 	C:\Windows\System32\msvcp_win.dll
0x00007ffc495f0000 - 0x00007ffc496ea000 	C:\Windows\System32\ucrtbase.dll
0x00007ffc339a0000 - 0x00007ffc33c25000 	C:\Windows\WinSxS\amd64_microsoft.windows.common-controls_6595b64144ccf1df_6.0.18362.778_none_e6c6b761130d4fb8\COMCTL32.dll
0x00007ffc4a500000 - 0x00007ffc4a836000 	C:\Windows\System32\combase.dll
0x00007ffc4a300000 - 0x00007ffc4a380000 	C:\Windows\System32\bcryptPrimitives.dll
0x00007ffc4bed0000 - 0x00007ffc4befe000 	C:\Windows\System32\IMM32.DLL
0x0000000072d10000 - 0x0000000072de2000 	C:\Program Files\Java\jdk1.8.0_241\jre\bin\msvcr100.dll
0x0000000072df0000 - 0x000000007369c000 	C:\Program Files\Java\jdk1.8.0_241\jre\bin\server\jvm.dll
0x00007ffc4c290000 - 0x00007ffc4c298000 	C:\Windows\System32\PSAPI.DLL
0x00007ffc3cbb0000 - 0x00007ffc3cbd4000 	C:\Windows\SYSTEM32\WINMM.dll
0x00007ffc3f700000 - 0x00007ffc3f70a000 	C:\Windows\SYSTEM32\VERSION.dll
0x00007ffc3cb80000 - 0x00007ffc3cbad000 	C:\Windows\SYSTEM32\WINMMBASE.dll
0x00007ffc49290000 - 0x00007ffc492da000 	C:\Windows\System32\cfgmgr32.dll
0x00007ffc21d00000 - 0x00007ffc21d09000 	C:\Windows\SYSTEM32\WSOCK32.dll
0x00007ffc4c110000 - 0x00007ffc4c17f000 	C:\Windows\System32\WS2_32.dll
0x00007ffc21cf0000 - 0x00007ffc21cff000 	C:\Program Files\Java\jdk1.8.0_241\jre\bin\verify.dll
0x00007ffc13e30000 - 0x00007ffc13e59000 	C:\Program Files\Java\jdk1.8.0_241\jre\bin\java.dll
0x00007ffc1fe90000 - 0x00007ffc1fea6000 	C:\Program Files\Java\jdk1.8.0_241\jre\bin\zip.dll
0x00007ffc4af70000 - 0x00007ffc4b655000 	C:\Windows\System32\SHELL32.dll
0x00007ffc4c1e0000 - 0x00007ffc4c289000 	C:\Windows\System32\shcore.dll
0x00007ffc499a0000 - 0x00007ffc4a120000 	C:\Windows\System32\windows.storage.dll
0x00007ffc49210000 - 0x00007ffc49233000 	C:\Windows\System32\profapi.dll
0x00007ffc49240000 - 0x00007ffc4928a000 	C:\Windows\System32\powrprof.dll
0x00007ffc491c0000 - 0x00007ffc491d0000 	C:\Windows\System32\UMPDC.dll
0x00007ffc4b9a0000 - 0x00007ffc4b9f2000 	C:\Windows\System32\shlwapi.dll
0x00007ffc491d0000 - 0x00007ffc491e1000 	C:\Windows\System32\kernel.appcore.dll
0x00007ffc492e0000 - 0x00007ffc492f7000 	C:\Windows\System32\cryptsp.dll
0x00007ffbd3f40000 - 0x00007ffbd40da000 	C:\Program Files\Java\jdk1.8.0_241\jre\bin\awt.dll
0x00007ffc4be00000 - 0x00007ffc4bec4000 	C:\Windows\System32\OLEAUT32.dll
0x00007ffc46ee0000 - 0x00007ffc46f6f000 	C:\Windows\SYSTEM32\apphelp.dll
0x00007ffc470a0000 - 0x00007ffc47139000 	C:\Windows\system32\uxtheme.dll
0x00007ffc4a840000 - 0x00007ffc4a976000 	C:\Windows\System32\MSCTF.dll
0x00007ffc4bf30000 - 0x00007ffc4c087000 	C:\Windows\System32\ole32.dll
0x00007ffc47410000 - 0x00007ffc4743d000 	C:\Windows\system32\DWMAPI.DLL
0x00007ffbd9330000 - 0x00007ffbd9379000 	C:\Program Files\Java\jdk1.8.0_241\jre\bin\fontmanager.dll
0x00007ffc0eff0000 - 0x00007ffc0f146000 	C:\Windows\system32\opengl32.dll
0x00007ffc0f6e0000 - 0x00007ffc0f70c000 	C:\Windows\SYSTEM32\GLU32.dll
0x00007ffc47e30000 - 0x00007ffc47e50000 	C:\Windows\SYSTEM32\dxcore.dll
0x00007ffc18290000 - 0x00007ffc182aa000 	C:\Program Files\Java\jdk1.8.0_241\jre\bin\net.dll
0x00007ffc48a30000 - 0x00007ffc48a97000 	C:\Windows\system32\mswsock.dll
0x00007ffc0fc40000 - 0x00007ffc0fc52000 	C:\Program Files\Java\jdk1.8.0_241\jre\bin\nio.dll
0x00007ffbd5390000 - 0x00007ffbd53d2000 	C:\Program Files\Java\jdk1.8.0_241\jre\bin\t2k.dll
0x00007ffc2a4b0000 - 0x00007ffc2a54e000 	C:\Windows\System32\TextInputFramework.dll
0x00007ffc29e50000 - 0x00007ffc2a17a000 	C:\Windows\System32\CoreUIComponents.dll
0x00007ffc46dd0000 - 0x00007ffc46ea4000 	C:\Windows\System32\CoreMessaging.dll
0x00007ffc48220000 - 0x00007ffc48251000 	C:\Windows\SYSTEM32\ntmarta.dll
0x00007ffc45000000 - 0x00007ffc45153000 	C:\Windows\SYSTEM32\wintypes.dll
0x00007ffc35850000 - 0x00007ffc358b5000 	C:\Windows\system32\Oleacc.dll
0x00007ffc3a750000 - 0x00007ffc3a9f6000 	C:\Windows\System32\iertutil.dll
0x00007ffc4aec0000 - 0x00007ffc4af62000 	C:\Windows\System32\clbcatq.dll
0x00007ffc28640000 - 0x00007ffc287ef000 	C:\Windows\SYSTEM32\WindowsCodecs.dll
0x00007ffc0de50000 - 0x00007ffc0de8a000 	C:\Windows\system32\dataexchange.dll
0x00007ffc46780000 - 0x00007ffc4695c000 	C:\Windows\system32\dcomp.dll
0x00007ffc46520000 - 0x00007ffc4677b000 	C:\Windows\system32\d3d11.dll
0x00007ffc47ec0000 - 0x00007ffc47fab000 	C:\Windows\system32\dxgi.dll
0x00007ffc47190000 - 0x00007ffc473ea000 	C:\Windows\system32\twinapi.appcore.dll
0x00007ffc476a0000 - 0x00007ffc476c9000 	C:\Windows\system32\RMCLIENT.dll
0x00007ffbea830000 - 0x00007ffbea85a000 	C:\Program Files\Java\jdk1.8.0_241\jre\bin\dcpr.dll
0x00007ffc47a70000 - 0x00007ffc47c64000 	C:\Windows\SYSTEM32\dbghelp.dll

VM Arguments:
jvm_args: -Dfile.encoding=UTF-8 
java_command: UI_Pages.HomePages.Home
java_class_path (initial): C:\Users\rohit\OneDrive\Desktop\AED_Project\project_jars\db4o-8.0.184.15484-all-java5.jar;C:\Users\rohit\OneDrive\Desktop\23\AED_AAA_Group\ENCP_Project_AED 5\jcalendar-1.4.jar;C:\Users\rohit\OneDrive\Desktop\AED_Project\project_jars\AbsoluteLayout.jar;C:\Users\rohit\OneDrive\Desktop\23\AED_AAA_Group\ENCP_Project_AED 5\build\classes
Launcher Type: SUN_STANDARD

Environment Variables:
JAVA_HOME=C:\Program Files\Java\jdk1.8.0_241
PATH=C:\Program Files (x86)\Common Files\Oracle\Java\javapath;C:\Windows\system32;C:\Windows;C:\Windows\System32\Wbem;C:\Windows\System32\WindowsPowerShell\v1.0\;C:\Windows\System32\OpenSSH\;C:\Program Files\Java\jdk1.8.0_241\bin;C:\Program Files\Git\cmd;C:\Program Files\Git\mingw64\bin;C:\Program Files\Git\usr\bin;C:\ffmpeg\bin;C:\Program Files\SourceGear\Common\DiffMerge\;C:\Users\rohit\AppData\Local\Microsoft\WindowsApps;C:\Users\rohit\AppData\Local\GitHubDesktop\bin;C:\Program Files\Java\jdk1.8.0_241;
USERNAME=rohit
OS=Windows_NT
PROCESSOR_IDENTIFIER=Intel64 Family 6 Model 142 Stepping 12, GenuineIntel



---------------  S Y S T E M  ---------------

OS: Windows 10.0 , 64 bit Build 18362 (10.0.18362.778)

CPU:total 8 (initial active 8) (4 cores per cpu, 2 threads per core) family 6 model 142 stepping 12, cmov, cx8, fxsr, mmx, sse, sse2, sse3, ssse3, sse4.1, sse4.2, popcnt, avx, avx2, aes, clmul, erms, 3dnowpref, lzcnt, ht, tsc, tscinvbit, bmi1, bmi2, adx

Memory: 4k page, physical 16522324k(4898472k free), swap 40639572k(20982240k free)

vm_info: Java HotSpot(TM) 64-Bit Server VM (25.241-b07) for windows-amd64 JRE (1.8.0_241-b07), built on Dec 11 2019 10:21:40 by "rejava" with MS VC++ 10.0 (VS2010)

time: Thu Apr 23 17:33:37 2020
timezone: Eastern Daylight Time
elapsed time: 397 seconds (0d 0h 6m 37s)

