#
# A fatal error has been detected by the Java Runtime Environment:
#
#  EXCEPTION_ACCESS_VIOLATION (0xc0000005) at pc=0x00007ffbd3fac0fc, pid=5564, tid=0x00000000000045e4
#
# JRE version: Java(TM) SE Runtime Environment (8.0_241-b07) (build 1.8.0_241-b07)
# Java VM: Java HotSpot(TM) 64-Bit Server VM (25.241-b07 mixed mode windows-amd64 compressed oops)
# Problematic frame:
# C  [awt.dll+0x6c0fc]
#
# Failed to write core dump. Minidumps are not enabled by default on client versions of Windows
#
# If you would like to submit a bug report, please visit:
#   http://bugreport.java.com/bugreport/crash.jsp
# The crash happened outside the Java Virtual Machine in native code.
# See problematic frame for where to report the bug.
#

---------------  T H R E A D  ---------------

Current thread (0x000000001f4fa000):  JavaThread "AWT-EventQueue-0" [_thread_in_native, id=17892, stack(0x0000000020850000,0x0000000020950000)]

siginfo: ExceptionCode=0xc0000005, reading address 0x000000001ebe4e50

Registers:
RAX=0x000000001ebe4e30, RBX=0x000000001f4fa1f8, RCX=0x000000001f4fa1f8, RDX=0x000000002094b7a8
RSP=0x000000002094b390, RBP=0x000000002094b401, RSI=0x000000002094b7a8, RDI=0x000000001ebe4e30
R8 =0x0000000000000042, R9 =0x00000007708eb188, R10=0x00000000000000a6, R11=0x000000007360da60
R12=0x000000002094b7a8, R13=0x000000002094b790, R14=0x0000000000000000, R15=0x0000000000000000
RIP=0x00007ffbd3fac0fc, EFLAGS=0x0000000000010202

Top of Stack: (sp=0x000000002094b390)
0x000000002094b390:   000000002094b550 0000000073027c76
0x000000002094b3a0:   000000002094b4b8 0000000002f72044
0x000000002094b3b0:   000000001f4fa1f8 00007ffbd3f91d8a
0x000000002094b3c0:   00007ffbd4087ac8 000000002094b4c0
0x000000002094b3d0:   000000002094b798 0000000000000000
0x000000002094b3e0:   000000002094b3f8 000000002094b440
0x000000002094b3f0:   0000000002d6835d 000000076d7a88b0
0x000000002094b400:   0000002c2f149b09 000000076ff08590
0x000000002094b410:   000000002094b458 000000076d7a88b0
0x000000002094b420:   000000002094b7a0 000000077011caa0
0x000000002094b430:   0000000000000000 0000000002d67da0
0x000000002094b440:   000000001f4fa1f8 0000000002d680e0
0x000000002094b450:   00007ffbd4087ac8 0000000002d680e0
0x000000002094b460:   000000077011fbe0 0000000000000000
0x000000002094b470:   0000000000000000 000000002094b468
0x000000002094b480:   0000000020b3a8b7 000000002094b508 

Instructions: (pc=0x00007ffbd3fac0fc)
0x00007ffbd3fac0dc:   00 4c 8d 05 44 4d 09 00 ff 50 70 eb 24 48 8d 15
0x00007ffbd3fac0ec:   20 4d 09 00 e8 47 34 07 00 eb 16 40 84 ed 74 11
0x00007ffbd3fac0fc:   48 8b 40 20 48 85 c0 74 08 48 8b d7 48 8b cb ff
0x00007ffbd3fac10c:   d0 48 8b c7 48 8b 5c 24 30 48 8b 6c 24 38 48 8b 


Register to memory mapping:

RAX=0x000000001ebe4e30 is pointing into the stack for thread: 0x000000001e450000
RBX=0x000000001f4fa1f8 is an unknown value
RCX=0x000000001f4fa1f8 is an unknown value
RDX=0x000000002094b7a8 is pointing into the stack for thread: 0x000000001f4fa000
RSP=0x000000002094b390 is pointing into the stack for thread: 0x000000001f4fa000
RBP=0x000000002094b401 is pointing into the stack for thread: 0x000000001f4fa000
RSI=0x000000002094b7a8 is pointing into the stack for thread: 0x000000001f4fa000
RDI=0x000000001ebe4e30 is pointing into the stack for thread: 0x000000001e450000
R8 =0x0000000000000042 is an unknown value
R9 =0x00000007708eb188 is an oop
sun.awt.image.BufImgSurfaceData 
 - klass: 'sun/awt/image/BufImgSurfaceData'
R10=0x00000000000000a6 is an unknown value
R11=0x000000007360da60 is an unknown value
R12=0x000000002094b7a8 is pointing into the stack for thread: 0x000000001f4fa000
R13=0x000000002094b790 is pointing into the stack for thread: 0x000000001f4fa000
R14=0x0000000000000000 is an unknown value
R15=0x0000000000000000 is an unknown value


Stack: [0x0000000020850000,0x0000000020950000],  sp=0x000000002094b390,  free space=1004k
Native frames: (J=compiled Java code, j=interpreted, Vv=VM code, C=native code)
C  [awt.dll+0x6c0fc]
C  [awt.dll+0x51d8a]
C  0x0000000002d78c67

Java frames: (J=compiled Java code, j=interpreted, Vv=VM code)
j  sun.java2d.loops.MaskBlit.MaskBlit(Lsun/java2d/SurfaceData;Lsun/java2d/SurfaceData;Ljava/awt/Composite;Lsun/java2d/pipe/Region;IIIIII[BII)V+0
j  sun.java2d.loops.Blit$GeneralMaskBlit.Blit(Lsun/java2d/SurfaceData;Lsun/java2d/SurfaceData;Ljava/awt/Composite;Lsun/java2d/pipe/Region;IIIIII)V+24
J 2183 C1 sun.java2d.pipe.DrawImage.blitSurfaceData(Lsun/java2d/SunGraphics2D;Lsun/java2d/pipe/Region;Lsun/java2d/SurfaceData;Lsun/java2d/SurfaceData;Lsun/java2d/loops/SurfaceType;Lsun/java2d/loops/SurfaceType;IIIIIILjava/awt/Color;)V (145 bytes) @ 0x00000000033b0ad4 [0x00000000033afca0+0xe34]
J 2182 C1 sun.java2d.pipe.DrawImage.renderImageCopy(Lsun/java2d/SunGraphics2D;Ljava/awt/Image;Ljava/awt/Color;IIIIII)Z (147 bytes) @ 0x00000000033ad0ac [0x00000000033acb20+0x58c]
j  sun.java2d.pipe.DrawImage.copyImage(Lsun/java2d/SunGraphics2D;Ljava/awt/Image;IILjava/awt/Color;)Z+45
j  sun.java2d.pipe.DrawImage.copyImage(Lsun/java2d/SunGraphics2D;Ljava/awt/Image;IILjava/awt/Color;Ljava/awt/image/ImageObserver;)Z+15
j  sun.java2d.SunGraphics2D.drawImage(Ljava/awt/Image;IILjava/awt/Color;Ljava/awt/image/ImageObserver;)Z+66
j  sun.awt.image.ImageRepresentation.drawToBufImage(Ljava/awt/Graphics;Lsun/awt/image/ToolkitImage;IILjava/awt/Color;Ljava/awt/image/ImageObserver;)Z+152
j  sun.java2d.pipe.DrawImage.copyImage(Lsun/java2d/SunGraphics2D;Ljava/awt/Image;IILjava/awt/Color;Ljava/awt/image/ImageObserver;)Z+56
j  sun.java2d.pipe.ValidatePipe.copyImage(Lsun/java2d/SunGraphics2D;Ljava/awt/Image;IILjava/awt/Color;Ljava/awt/image/ImageObserver;)Z+21
j  sun.java2d.SunGraphics2D.drawImage(Ljava/awt/Image;IILjava/awt/Color;Ljava/awt/image/ImageObserver;)Z+66
j  sun.java2d.SunGraphics2D.drawImage(Ljava/awt/Image;IILjava/awt/image/ImageObserver;)Z+7
j  javax.swing.ImageIcon.paintIcon(Ljava/awt/Component;Ljava/awt/Graphics;II)V+16
j  sun.swing.plaf.synth.SynthIcon.paintIcon(Ljavax/swing/Icon;Ljavax/swing/plaf/synth/SynthContext;Ljava/awt/Graphics;IIII)V+39
j  javax.swing.plaf.synth.SynthGraphicsUtils.paintText(Ljavax/swing/plaf/synth/SynthContext;Ljava/awt/Graphics;Ljava/lang/String;Ljavax/swing/Icon;IIIIIII)V+327
j  javax.swing.plaf.synth.SynthLabelUI.paint(Ljavax/swing/plaf/synth/SynthContext;Ljava/awt/Graphics;)V+96
j  javax.swing.plaf.synth.SynthLabelUI.update(Ljava/awt/Graphics;Ljavax/swing/JComponent;)V+33
J 2527 C1 javax.swing.JComponent.paintComponent(Ljava/awt/Graphics;)V (44 bytes) @ 0x0000000002f2d0f4 [0x0000000002f2ce80+0x274]
j  javax.swing.JComponent.paint(Ljava/awt/Graphics;)V+286
j  javax.swing.JComponent.paintChildren(Ljava/awt/Graphics;)V+501
j  javax.swing.JComponent.paint(Ljava/awt/Graphics;)V+318
j  javax.swing.JComponent.paintChildren(Ljava/awt/Graphics;)V+501
j  javax.swing.JSplitPane.paintChildren(Ljava/awt/Graphics;)V+2
j  javax.swing.JComponent.paint(Ljava/awt/Graphics;)V+318
j  javax.swing.JComponent.paintChildren(Ljava/awt/Graphics;)V+501
j  javax.swing.JComponent.paint(Ljava/awt/Graphics;)V+318
j  javax.swing.JComponent.paintChildren(Ljava/awt/Graphics;)V+501
j  javax.swing.JComponent.paint(Ljava/awt/Graphics;)V+318
j  javax.swing.JLayeredPane.paint(Ljava/awt/Graphics;)V+73
j  javax.swing.JComponent.paintChildren(Ljava/awt/Graphics;)V+501
j  javax.swing.JComponent.paintToOffscreen(Ljava/awt/Graphics;IIIIII)V+72
j  javax.swing.RepaintManager$PaintManager.paintDoubleBuffered(Ljavax/swing/JComponent;Ljava/awt/Image;Ljava/awt/Graphics;IIII)V+163
j  javax.swing.RepaintManager$PaintManager.paint(Ljavax/swing/JComponent;Ljavax/swing/JComponent;Ljava/awt/Graphics;IIII)Z+116
j  javax.swing.RepaintManager.paint(Ljavax/swing/JComponent;Ljavax/swing/JComponent;Ljava/awt/Graphics;IIII)V+51
j  javax.swing.JComponent.paint(Ljava/awt/Graphics;)V+221
j  java.awt.GraphicsCallback$PaintCallback.run(Ljava/awt/Component;Ljava/awt/Graphics;)V+2
j  sun.awt.SunGraphicsCallback.runOneComponent(Ljava/awt/Component;Ljava/awt/Rectangle;Ljava/awt/Graphics;Ljava/awt/Shape;I)V+155
j  sun.awt.SunGraphicsCallback.runComponents([Ljava/awt/Component;Ljava/awt/Graphics;I)V+194
j  java.awt.Container.paint(Ljava/awt/Graphics;)V+58
j  java.awt.Window.paint(Ljava/awt/Graphics;)V+68
j  javax.swing.RepaintManager$4.run()Ljava/lang/Void;+142
j  javax.swing.RepaintManager$4.run()Ljava/lang/Object;+1
v  ~StubRoutines::call_stub
J 400  java.security.AccessController.doPrivileged(Ljava/security/PrivilegedAction;Ljava/security/AccessControlContext;)Ljava/lang/Object; (0 bytes) @ 0x0000000002f56166 [0x0000000002f56100+0x66]
J 682 C1 java.security.ProtectionDomain$JavaSecurityAccessImpl.doIntersectionPrivilege(Ljava/security/PrivilegedAction;Ljava/security/AccessControlContext;Ljava/security/AccessControlContext;)Ljava/lang/Object; (22 bytes) @ 0x0000000002ff2f7c [0x0000000002ff2b00+0x47c]
j  javax.swing.RepaintManager.paintDirtyRegions(Ljava/util/Map;)V+154
j  javax.swing.RepaintManager.paintDirtyRegions()V+46
j  javax.swing.RepaintManager.prePaintDirtyRegions()V+73
j  javax.swing.RepaintManager.access$1200(Ljavax/swing/RepaintManager;)V+1
j  javax.swing.RepaintManager$ProcessingRunnable.run()V+37
J 2235 C1 java.awt.event.InvocationEvent.dispatch()V (69 bytes) @ 0x00000000033d92d4 [0x00000000033d90c0+0x214]
J 2135 C1 java.awt.EventQueue.dispatchEventImpl(Ljava/awt/AWTEvent;Ljava/lang/Object;)V (149 bytes) @ 0x0000000003361384 [0x000000000335f880+0x1b04]
J 2133 C1 java.awt.EventQueue$3.run()Ljava/lang/Void; (60 bytes) @ 0x000000000335f01c [0x000000000335ee00+0x21c]
J 2132 C1 java.awt.EventQueue$3.run()Ljava/lang/Object; (5 bytes) @ 0x000000000335b74c [0x000000000335b6c0+0x8c]
v  ~StubRoutines::call_stub
J 400  java.security.AccessController.doPrivileged(Ljava/security/PrivilegedAction;Ljava/security/AccessControlContext;)Ljava/lang/Object; (0 bytes) @ 0x0000000002f56166 [0x0000000002f56100+0x66]
J 1905 C1 java.awt.EventQueue.dispatchEvent(Ljava/awt/AWTEvent;)V (80 bytes) @ 0x00000000032d5e6c [0x00000000032d54c0+0x9ac]
J 1913 C1 java.awt.EventDispatchThread.pumpOneEventForFilters(I)V (190 bytes) @ 0x00000000032d91dc [0x00000000032d8080+0x115c]
j  java.awt.EventDispatchThread.pumpEventsForFilter(ILjava/awt/Conditional;Ljava/awt/EventFilter;)V+35
j  java.awt.EventDispatchThread.pumpEventsForHierarchy(ILjava/awt/Conditional;Ljava/awt/Component;)V+11
j  java.awt.EventDispatchThread.pumpEvents(ILjava/awt/Conditional;)V+4
j  java.awt.EventDispatchThread.pumpEvents(Ljava/awt/Conditional;)V+3
j  java.awt.EventDispatchThread.run()V+9
v  ~StubRoutines::call_stub

---------------  P R O C E S S  ---------------

Java Threads: ( => current thread )
  0x000000001e46f800 JavaThread "Image Fetcher 0" daemon [_thread_blocked, id=5676, stack(0x00000000237a0000,0x00000000238a0000)]
  0x000000001e46e800 JavaThread "Image Animator 0" daemon [_thread_blocked, id=28696, stack(0x00000000236a0000,0x00000000237a0000)]
  0x000000001e470000 JavaThread "Timer-0" [_thread_blocked, id=8956, stack(0x0000000020950000,0x0000000020a50000)]
  0x000000001e472800 JavaThread "TimerQueue" daemon [_thread_blocked, id=16288, stack(0x0000000021d90000,0x0000000021e90000)]
  0x0000000002c5d800 JavaThread "DestroyJavaVM" [_thread_blocked, id=27452, stack(0x0000000002a70000,0x0000000002b70000)]
=>0x000000001f4fa000 JavaThread "AWT-EventQueue-0" [_thread_in_native, id=17892, stack(0x0000000020850000,0x0000000020950000)]
  0x000000001f4f0800 JavaThread "AWT-Windows" daemon [_thread_in_native, id=28664, stack(0x000000001fe60000,0x000000001ff60000)]
  0x000000001f49e000 JavaThread "AWT-Shutdown" [_thread_blocked, id=24888, stack(0x000000001fd60000,0x000000001fe60000)]
  0x000000001f4ed000 JavaThread "Java2D Disposer" daemon [_thread_blocked, id=15996, stack(0x000000001fc60000,0x000000001fd60000)]
  0x000000001e505800 JavaThread "Service Thread" daemon [_thread_blocked, id=29140, stack(0x000000001f120000,0x000000001f220000)]
  0x000000001e46e000 JavaThread "C1 CompilerThread3" daemon [_thread_blocked, id=17752, stack(0x000000001f020000,0x000000001f120000)]
  0x000000001e467000 JavaThread "C2 CompilerThread2" daemon [_thread_blocked, id=23052, stack(0x000000001ef20000,0x000000001f020000)]
  0x000000001e463800 JavaThread "C2 CompilerThread1" daemon [_thread_blocked, id=25180, stack(0x000000001ee20000,0x000000001ef20000)]
  0x000000001e457000 JavaThread "C2 CompilerThread0" daemon [_thread_blocked, id=26532, stack(0x000000001ed20000,0x000000001ee20000)]
  0x000000001e451000 JavaThread "Attach Listener" daemon [_thread_blocked, id=5876, stack(0x000000001ec20000,0x000000001ed20000)]
  0x000000001e450000 JavaThread "Signal Dispatcher" daemon [_thread_blocked, id=19868, stack(0x000000001eb20000,0x000000001ec20000)]
  0x000000001e441800 JavaThread "Finalizer" daemon [_thread_blocked, id=25040, stack(0x000000001e920000,0x000000001ea20000)]
  0x000000001e440800 JavaThread "Reference Handler" daemon [_thread_blocked, id=25184, stack(0x000000001e820000,0x000000001e920000)]

Other Threads:
  0x000000001c649800 VMThread [stack: 0x000000001e320000,0x000000001e420000] [id=26096]
  0x000000001e52f800 WatcherThread [stack: 0x000000001f220000,0x000000001f320000] [id=3180]

VM state:not at safepoint (normal execution)

VM Mutex/Monitor currently owned by a thread: None

heap address: 0x00000006c3e00000, size: 4034 MB, Compressed Oops mode: Zero based, Oop shift amount: 3
Narrow klass base: 0x0000000000000000, Narrow klass shift: 3
Compressed class space size: 1073741824 Address: 0x00000007c0000000

Heap:
 PSYoungGen      total 75776K, used 41389K [0x000000076bf80000, 0x0000000771400000, 0x00000007c0000000)
  eden space 65024K, 47% used [0x000000076bf80000,0x000000076dd70620,0x000000076ff00000)
  from space 10752K, 99% used [0x000000076ff00000,0x000000077097ae70,0x0000000770980000)
  to   space 10752K, 0% used [0x0000000770980000,0x0000000770980000,0x0000000771400000)
 ParOldGen       total 173568K, used 3023K [0x00000006c3e00000, 0x00000006ce780000, 0x000000076bf80000)
  object space 173568K, 1% used [0x00000006c3e00000,0x00000006c40f3e88,0x00000006ce780000)
 Metaspace       used 20611K, capacity 21164K, committed 21296K, reserved 1067008K
  class space    used 2763K, capacity 2910K, committed 2944K, reserved 1048576K

Card table byte_map: [0x0000000012120000,0x0000000012910000] byte_map_base: 0x000000000eb01000

Marking Bits: (ParMarkBitMap*) 0x000000007361be30
 Begin Bits: [0x0000000013660000, 0x0000000017568000)
 End Bits:   [0x0000000017568000, 0x000000001b470000)

Polling page: 0x0000000002970000

CodeCache: size=245760Kb used=7310Kb max_used=7314Kb free=238449Kb
 bounds [0x0000000002d60000, 0x0000000003490000, 0x0000000011d60000]
 total_blobs=3063 nmethods=2507 adapters=468
 compilation: enabled

Compilation events (10 events):
Event: 11.900 Thread 0x000000001e46e000 2525       3       javax.swing.GroupLayout$ComponentSpring::calculatePreferredSize (45 bytes)
Event: 11.901 Thread 0x000000001e46e000 nmethod 2525 0x0000000003489310 code [0x0000000003489680, 0x000000000348b158]
Event: 11.902 Thread 0x000000001e46e000 2527   !   3       javax.swing.JComponent::paintComponent (44 bytes)
Event: 11.902 Thread 0x000000001e46e000 nmethod 2527 0x0000000002f2ccd0 code [0x0000000002f2ce80, 0x0000000002f2d3d8]
Event: 11.902 Thread 0x000000001e46e000 2528       3       javax.swing.plaf.synth.SynthLookAndFeel::update (7 bytes)
Event: 11.902 Thread 0x000000001e46e000 nmethod 2528 0x0000000002f2ed90 code [0x0000000002f2ef00, 0x0000000002f2f068]
Event: 11.902 Thread 0x000000001e46e000 2529       1       sun.awt.image.IntegerInterleavedRaster::getPixelStride (5 bytes)
Event: 11.902 Thread 0x000000001e46e000 nmethod 2529 0x0000000002e8c910 code [0x0000000002e8ca60, 0x0000000002e8cb70]
Event: 11.903 Thread 0x000000001e467000 nmethod 2522 0x0000000002f6a950 code [0x0000000002f6aac0, 0x0000000002f6ad88]
Event: 11.907 Thread 0x000000001e46e000 2530   !   3       sun.java2d.SunGraphics2D::fillRect (74 bytes)

GC Heap History (2 events):
Event: 3.776 GC heap before
{Heap before GC invocations=1 (full 0):
 PSYoungGen      total 75776K, used 65024K [0x000000076bf80000, 0x0000000771400000, 0x00000007c0000000)
  eden space 65024K, 100% used [0x000000076bf80000,0x000000076ff00000,0x000000076ff00000)
  from space 10752K, 0% used [0x0000000770980000,0x0000000770980000,0x0000000771400000)
  to   space 10752K, 0% used [0x000000076ff00000,0x000000076ff00000,0x0000000770980000)
 ParOldGen       total 173568K, used 0K [0x00000006c3e00000, 0x00000006ce780000, 0x000000076bf80000)
  object space 173568K, 0% used [0x00000006c3e00000,0x00000006c3e00000,0x00000006ce780000)
 Metaspace       used 16702K, capacity 17220K, committed 17536K, reserved 1064960K
  class space    used 2211K, capacity 2348K, committed 2432K, reserved 1048576K
Event: 3.788 GC heap after
Heap after GC invocations=1 (full 0):
 PSYoungGen      total 75776K, used 10731K [0x000000076bf80000, 0x0000000771400000, 0x00000007c0000000)
  eden space 65024K, 0% used [0x000000076bf80000,0x000000076bf80000,0x000000076ff00000)
  from space 10752K, 99% used [0x000000076ff00000,0x000000077097ae70,0x0000000770980000)
  to   space 10752K, 0% used [0x0000000770980000,0x0000000770980000,0x0000000771400000)
 ParOldGen       total 173568K, used 3023K [0x00000006c3e00000, 0x00000006ce780000, 0x000000076bf80000)
  object space 173568K, 1% used [0x00000006c3e00000,0x00000006c40f3e88,0x00000006ce780000)
 Metaspace       used 16702K, capacity 17220K, committed 17536K, reserved 1064960K
  class space    used 2211K, capacity 2348K, committed 2432K, reserved 1048576K
}

Deoptimization events (10 events):
Event: 8.685 Thread 0x000000001f4fa000 Uncommon trap: reason=bimorphic action=maybe_recompile pc=0x0000000002f696c8 method=java.util.HashMap.putVal(ILjava/lang/Object;Ljava/lang/Object;ZZ)Ljava/lang/Object; @ 152
Event: 8.685 Thread 0x000000001f4fa000 Uncommon trap: reason=bimorphic action=maybe_recompile pc=0x0000000002f696c8 method=java.util.HashMap.putVal(ILjava/lang/Object;Ljava/lang/Object;ZZ)Ljava/lang/Object; @ 152
Event: 8.685 Thread 0x000000001f4fa000 Uncommon trap: reason=bimorphic action=maybe_recompile pc=0x0000000002f6ffe4 method=java.util.HashMap.putVal(ILjava/lang/Object;Ljava/lang/Object;ZZ)Ljava/lang/Object; @ 152
Event: 11.482 Thread 0x000000001e46e800 Uncommon trap: reason=unstable_if action=reinterpret pc=0x00000000033cdba0 method=sun.awt.image.GifImageDecoder.sendPixels(IIII[BLjava/awt/image/ColorModel;)I @ 136
Event: 11.500 Thread 0x000000001e470000 Uncommon trap: reason=unstable_if action=reinterpret pc=0x0000000002f7a338 method=java.util.HashMap.getNode(ILjava/lang/Object;)Ljava/util/HashMap$Node; @ 84
Event: 11.500 Thread 0x000000001e470000 Uncommon trap: reason=unstable_if action=reinterpret pc=0x0000000002fa3100 method=java.util.HashMap.getNode(ILjava/lang/Object;)Ljava/util/HashMap$Node; @ 84
Event: 11.553 Thread 0x000000001e470000 Uncommon trap: reason=unstable_if action=reinterpret pc=0x00000000030845b8 method=sun.misc.MetaIndex.mayContain(Ljava/lang/String;)Z @ 38
Event: 11.564 Thread 0x000000001e470000 Uncommon trap: reason=unstable_if action=reinterpret pc=0x0000000003051794 method=sun.misc.MetaIndex.mayContain(Ljava/lang/String;)Z @ 38
Event: 11.754 Thread 0x000000001e470000 Uncommon trap: reason=unstable_if action=reinterpret pc=0x00000000033445c4 method=java.util.HashMap.putVal(ILjava/lang/Object;Ljava/lang/Object;ZZ)Ljava/lang/Object; @ 109
Event: 11.754 Thread 0x000000001e470000 Uncommon trap: reason=unstable_if action=reinterpret pc=0x0000000003347450 method=java.util.HashMap.putVal(ILjava/lang/Object;Ljava/lang/Object;ZZ)Ljava/lang/Object; @ 109

Classes redefined (0 events):
No events

Internal exceptions (10 events):
Event: 0.737 Thread 0x0000000002c5d800 Exception <a 'java/lang/ClassNotFoundException': ToggleButton> (0x000000076c4eebc0) thrown at [C:\ade\jenkins\workspace\8-2-build-windows-amd64-cygwin\jdk8u241\331\hotspot\src\share\vm\classfile\systemDictionary.cpp, line 210]
Event: 0.737 Thread 0x0000000002c5d800 Exception <a 'java/lang/ClassNotFoundException': javax/swing/JToolBarSeparator> (0x000000076c4ef020) thrown at [C:\ade\jenkins\workspace\8-2-build-windows-amd64-cygwin\jdk8u241\331\hotspot\src\share\vm\classfile\systemDictionary.cpp, line 210]
Event: 0.737 Thread 0x0000000002c5d800 Exception <a 'java/lang/ClassNotFoundException': ToolBarSeparator> (0x000000076c4ef4b8) thrown at [C:\ade\jenkins\workspace\8-2-build-windows-amd64-cygwin\jdk8u241\331\hotspot\src\share\vm\classfile\systemDictionary.cpp, line 210]
Event: 0.738 Thread 0x0000000002c5d800 Exception <a 'java/lang/ClassNotFoundException': ToolTip> (0x000000076c4efbf8) thrown at [C:\ade\jenkins\workspace\8-2-build-windows-amd64-cygwin\jdk8u241\331\hotspot\src\share\vm\classfile\systemDictionary.cpp, line 210]
Event: 0.741 Thread 0x0000000002c5d800 Exception <a 'java/lang/ClassNotFoundException': Tree> (0x000000076c4f0818) thrown at [C:\ade\jenkins\workspace\8-2-build-windows-amd64-cygwin\jdk8u241\331\hotspot\src\share\vm\classfile\systemDictionary.cpp, line 210]
Event: 0.742 Thread 0x0000000002c5d800 Exception <a 'java/lang/ClassNotFoundException': Tree> (0x000000076c4f0f58) thrown at [C:\ade\jenkins\workspace\8-2-build-windows-amd64-cygwin\jdk8u241\331\hotspot\src\share\vm\classfile\systemDictionary.cpp, line 210]
Event: 0.742 Thread 0x0000000002c5d800 Exception <a 'java/lang/ClassNotFoundException': javax/swing/JTreeCell> (0x000000076c4f12d8) thrown at [C:\ade\jenkins\workspace\8-2-build-windows-amd64-cygwin\jdk8u241\331\hotspot\src\share\vm\classfile\systemDictionary.cpp, line 210]
Event: 0.742 Thread 0x0000000002c5d800 Exception <a 'java/lang/ClassNotFoundException': TreeCell> (0x000000076c4f1760) thrown at [C:\ade\jenkins\workspace\8-2-build-windows-amd64-cygwin\jdk8u241\331\hotspot\src\share\vm\classfile\systemDictionary.cpp, line 210]
Event: 0.743 Thread 0x0000000002c5d800 Exception <a 'java/lang/ClassNotFoundException': RootPane> (0x000000076c4f21c0) thrown at [C:\ade\jenkins\workspace\8-2-build-windows-amd64-cygwin\jdk8u241\331\hotspot\src\share\vm\classfile\systemDictionary.cpp, line 210]
Event: 4.054 Thread 0x000000001f582000 Exception <a 'java/lang/InterruptedException': sleep interrupted> (0x000000076d51b590) thrown at [C:\ade\jenkins\workspace\8-2-build-windows-amd64-cygwin\jdk8u241\331\hotspot\src\share\vm\prims\jvm.cpp, line 3288]

Events (10 events):
Event: 11.906 Executing VM operation: RevokeBias
Event: 11.906 Executing VM operation: RevokeBias done
Event: 11.906 Executing VM operation: RevokeBias
Event: 11.906 Executing VM operation: RevokeBias done
Event: 11.906 Executing VM operation: RevokeBias
Event: 11.906 Executing VM operation: RevokeBias done
Event: 11.906 Executing VM operation: RevokeBias
Event: 11.906 Executing VM operation: RevokeBias done
Event: 11.906 Executing VM operation: RevokeBias
Event: 11.906 Executing VM operation: RevokeBias done


Dynamic libraries:
0x00007ff7c3250000 - 0x00007ff7c3287000 	C:\Program Files\Java\jdk1.8.0_241\bin\java.exe
0x00007ffc4c300000 - 0x00007ffc4c4f0000 	C:\Windows\SYSTEM32\ntdll.dll
0x00007ffc4adf0000 - 0x00007ffc4aea2000 	C:\Windows\System32\KERNEL32.DLL
0x00007ffc496f0000 - 0x00007ffc49993000 	C:\Windows\System32\KERNELBASE.dll
0x00007ffc4a3b0000 - 0x00007ffc4a453000 	C:\Windows\System32\ADVAPI32.dll
0x00007ffc4bc20000 - 0x00007ffc4bcbe000 	C:\Windows\System32\msvcrt.dll
0x00007ffc4a460000 - 0x00007ffc4a4f7000 	C:\Windows\System32\sechost.dll
0x00007ffc4b870000 - 0x00007ffc4b990000 	C:\Windows\System32\RPCRT4.dll
0x00007ffc4ba00000 - 0x00007ffc4bb94000 	C:\Windows\System32\USER32.dll
0x00007ffc4a380000 - 0x00007ffc4a3a1000 	C:\Windows\System32\win32u.dll
0x00007ffc4bf00000 - 0x00007ffc4bf26000 	C:\Windows\System32\GDI32.dll
0x00007ffc49450000 - 0x00007ffc495e4000 	C:\Windows\System32\gdi32full.dll
0x00007ffc4a150000 - 0x00007ffc4a1ee000 	C:\Windows\System32\msvcp_win.dll
0x00007ffc495f0000 - 0x00007ffc496ea000 	C:\Windows\System32\ucrtbase.dll
0x00007ffc339a0000 - 0x00007ffc33c25000 	C:\Windows\WinSxS\amd64_microsoft.windows.common-controls_6595b64144ccf1df_6.0.18362.778_none_e6c6b761130d4fb8\COMCTL32.dll
0x00007ffc4a500000 - 0x00007ffc4a836000 	C:\Windows\System32\combase.dll
0x00007ffc4a300000 - 0x00007ffc4a380000 	C:\Windows\System32\bcryptPrimitives.dll
0x00007ffc4bed0000 - 0x00007ffc4befe000 	C:\Windows\System32\IMM32.DLL
0x0000000072d10000 - 0x0000000072de2000 	C:\Program Files\Java\jdk1.8.0_241\jre\bin\msvcr100.dll
0x0000000072df0000 - 0x000000007369c000 	C:\Program Files\Java\jdk1.8.0_241\jre\bin\server\jvm.dll
0x00007ffc4c290000 - 0x00007ffc4c298000 	C:\Windows\System32\PSAPI.DLL
0x00007ffc3f700000 - 0x00007ffc3f70a000 	C:\Windows\SYSTEM32\VERSION.dll
0x00007ffc3cbb0000 - 0x00007ffc3cbd4000 	C:\Windows\SYSTEM32\WINMM.dll
0x00007ffc3cb80000 - 0x00007ffc3cbad000 	C:\Windows\SYSTEM32\WINMMBASE.dll
0x00007ffc49290000 - 0x00007ffc492da000 	C:\Windows\System32\cfgmgr32.dll
0x00007ffc21d00000 - 0x00007ffc21d09000 	C:\Windows\SYSTEM32\WSOCK32.dll
0x00007ffc4c110000 - 0x00007ffc4c17f000 	C:\Windows\System32\WS2_32.dll
0x00007ffc21cf0000 - 0x00007ffc21cff000 	C:\Program Files\Java\jdk1.8.0_241\jre\bin\verify.dll
0x00007ffc13e30000 - 0x00007ffc13e59000 	C:\Program Files\Java\jdk1.8.0_241\jre\bin\java.dll
0x00007ffc1fe90000 - 0x00007ffc1fea6000 	C:\Program Files\Java\jdk1.8.0_241\jre\bin\zip.dll
0x00007ffc4af70000 - 0x00007ffc4b655000 	C:\Windows\System32\SHELL32.dll
0x00007ffc4c1e0000 - 0x00007ffc4c289000 	C:\Windows\System32\shcore.dll
0x00007ffc499a0000 - 0x00007ffc4a120000 	C:\Windows\System32\windows.storage.dll
0x00007ffc49210000 - 0x00007ffc49233000 	C:\Windows\System32\profapi.dll
0x00007ffc49240000 - 0x00007ffc4928a000 	C:\Windows\System32\powrprof.dll
0x00007ffc491c0000 - 0x00007ffc491d0000 	C:\Windows\System32\UMPDC.dll
0x00007ffc4b9a0000 - 0x00007ffc4b9f2000 	C:\Windows\System32\shlwapi.dll
0x00007ffc491d0000 - 0x00007ffc491e1000 	C:\Windows\System32\kernel.appcore.dll
0x00007ffc492e0000 - 0x00007ffc492f7000 	C:\Windows\System32\cryptsp.dll
0x00007ffbd3f40000 - 0x00007ffbd40da000 	C:\Program Files\Java\jdk1.8.0_241\jre\bin\awt.dll
0x00007ffc4be00000 - 0x00007ffc4bec4000 	C:\Windows\System32\OLEAUT32.dll
0x00007ffc46ee0000 - 0x00007ffc46f6f000 	C:\Windows\SYSTEM32\apphelp.dll
0x00007ffc470a0000 - 0x00007ffc47139000 	C:\Windows\system32\uxtheme.dll
0x00007ffc4a840000 - 0x00007ffc4a976000 	C:\Windows\System32\MSCTF.dll
0x00007ffc4bf30000 - 0x00007ffc4c087000 	C:\Windows\System32\ole32.dll
0x00007ffc47410000 - 0x00007ffc4743d000 	C:\Windows\system32\DWMAPI.DLL
0x00007ffbd9330000 - 0x00007ffbd9379000 	C:\Program Files\Java\jdk1.8.0_241\jre\bin\fontmanager.dll
0x00007ffc0eff0000 - 0x00007ffc0f146000 	C:\Windows\system32\opengl32.dll
0x00007ffc0f6e0000 - 0x00007ffc0f70c000 	C:\Windows\SYSTEM32\GLU32.dll
0x00007ffc47e30000 - 0x00007ffc47e50000 	C:\Windows\SYSTEM32\dxcore.dll
0x00007ffc18290000 - 0x00007ffc182aa000 	C:\Program Files\Java\jdk1.8.0_241\jre\bin\net.dll
0x00007ffc48a30000 - 0x00007ffc48a97000 	C:\Windows\system32\mswsock.dll
0x00007ffc0fc40000 - 0x00007ffc0fc52000 	C:\Program Files\Java\jdk1.8.0_241\jre\bin\nio.dll
0x00007ffbd5390000 - 0x00007ffbd53d2000 	C:\Program Files\Java\jdk1.8.0_241\jre\bin\t2k.dll
0x00007ffc2a4b0000 - 0x00007ffc2a54e000 	C:\Windows\System32\TextInputFramework.dll
0x00007ffc46dd0000 - 0x00007ffc46ea4000 	C:\Windows\System32\CoreMessaging.dll
0x00007ffc29e50000 - 0x00007ffc2a17a000 	C:\Windows\System32\CoreUIComponents.dll
0x00007ffc48220000 - 0x00007ffc48251000 	C:\Windows\SYSTEM32\ntmarta.dll
0x00007ffc45000000 - 0x00007ffc45153000 	C:\Windows\SYSTEM32\wintypes.dll
0x00007ffc35850000 - 0x00007ffc358b5000 	C:\Windows\system32\Oleacc.dll
0x00007ffc3a750000 - 0x00007ffc3a9f6000 	C:\Windows\System32\iertutil.dll
0x00007ffc4aec0000 - 0x00007ffc4af62000 	C:\Windows\System32\clbcatq.dll
0x00007ffc28640000 - 0x00007ffc287ef000 	C:\Windows\SYSTEM32\WindowsCodecs.dll
0x00007ffc0de50000 - 0x00007ffc0de8a000 	C:\Windows\system32\dataexchange.dll
0x00007ffc46780000 - 0x00007ffc4695c000 	C:\Windows\system32\dcomp.dll
0x00007ffc46520000 - 0x00007ffc4677b000 	C:\Windows\system32\d3d11.dll
0x00007ffc47ec0000 - 0x00007ffc47fab000 	C:\Windows\system32\dxgi.dll
0x00007ffc47190000 - 0x00007ffc473ea000 	C:\Windows\system32\twinapi.appcore.dll
0x00007ffc476a0000 - 0x00007ffc476c9000 	C:\Windows\system32\RMCLIENT.dll
0x00007ffc47a70000 - 0x00007ffc47c64000 	C:\Windows\SYSTEM32\dbghelp.dll

VM Arguments:
jvm_args: -Dfile.encoding=UTF-8 
java_command: UI_Pages.HomePages.Home
java_class_path (initial): C:\Users\rohit\OneDrive\Desktop\AED_Project\project_jars\db4o-8.0.184.15484-all-java5.jar;C:\Users\rohit\OneDrive\Desktop\23\AED_AAA_Group\ENCP_Project_AED 5\jcalendar-1.4.jar;C:\Users\rohit\OneDrive\Desktop\AED_Project\project_jars\AbsoluteLayout.jar;C:\Users\rohit\OneDrive\Desktop\23\AED_AAA_Group\ENCP_Project_AED 5\build\classes
Launcher Type: SUN_STANDARD

Environment Variables:
JAVA_HOME=C:\Program Files\Java\jdk1.8.0_241
PATH=C:\Program Files (x86)\Common Files\Oracle\Java\javapath;C:\Windows\system32;C:\Windows;C:\Windows\System32\Wbem;C:\Windows\System32\WindowsPowerShell\v1.0\;C:\Windows\System32\OpenSSH\;C:\Program Files\Java\jdk1.8.0_241\bin;C:\Program Files\Git\cmd;C:\Program Files\Git\mingw64\bin;C:\Program Files\Git\usr\bin;C:\ffmpeg\bin;C:\Program Files\SourceGear\Common\DiffMerge\;C:\Users\rohit\AppData\Local\Microsoft\WindowsApps;C:\Users\rohit\AppData\Local\GitHubDesktop\bin;C:\Program Files\Java\jdk1.8.0_241;
USERNAME=rohit
OS=Windows_NT
PROCESSOR_IDENTIFIER=Intel64 Family 6 Model 142 Stepping 12, GenuineIntel



---------------  S Y S T E M  ---------------

OS: Windows 10.0 , 64 bit Build 18362 (10.0.18362.778)

CPU:total 8 (initial active 8) (4 cores per cpu, 2 threads per core) family 6 model 142 stepping 12, cmov, cx8, fxsr, mmx, sse, sse2, sse3, ssse3, sse4.1, sse4.2, popcnt, avx, avx2, aes, clmul, erms, 3dnowpref, lzcnt, ht, tsc, tscinvbit, bmi1, bmi2, adx

Memory: 4k page, physical 16522324k(5158064k free), swap 40639572k(19812752k free)

vm_info: Java HotSpot(TM) 64-Bit Server VM (25.241-b07) for windows-amd64 JRE (1.8.0_241-b07), built on Dec 11 2019 10:21:40 by "rejava" with MS VC++ 10.0 (VS2010)

time: Thu Apr 23 18:28:30 2020
timezone: Eastern Daylight Time
elapsed time: 11 seconds (0d 0h 0m 11s)

