#
# A fatal error has been detected by the Java Runtime Environment:
#
#  EXCEPTION_ACCESS_VIOLATION (0xc0000005) at pc=0x00007ffbd3fac0fc, pid=26296, tid=0x000000000000687c
#
# JRE version: Java(TM) SE Runtime Environment (8.0_241-b07) (build 1.8.0_241-b07)
# Java VM: Java HotSpot(TM) 64-Bit Server VM (25.241-b07 mixed mode windows-amd64 compressed oops)
# Problematic frame:
# C  [awt.dll+0x6c0fc]
#
# Failed to write core dump. Minidumps are not enabled by default on client versions of Windows
#
# If you would like to submit a bug report, please visit:
#   http://bugreport.java.com/bugreport/crash.jsp
# The crash happened outside the Java Virtual Machine in native code.
# See problematic frame for where to report the bug.
#

---------------  T H R E A D  ---------------

Current thread (0x000000001ef3b000):  JavaThread "AWT-EventQueue-0" [_thread_in_native, id=26748, stack(0x0000000020340000,0x0000000020440000)]

siginfo: ExceptionCode=0xc0000005, reading address 0x000000001ebe4e50

Registers:
RAX=0x000000001ebe4e30, RBX=0x000000001ef3b1f8, RCX=0x000000001ef3b1f8, RDX=0x000000002043b278
RSP=0x000000002043ae60, RBP=0x000000002043af01, RSI=0x000000002043b278, RDI=0x000000001ebe4e30
R8 =0x0000000000000042, R9 =0x000000076ff227e8, R10=0x00000000000000aa, R11=0x000000007360da60
R12=0x000000002043b278, R13=0x000000002043b260, R14=0x0000000000000000, R15=0x0000000000000000
RIP=0x00007ffbd3fac0fc, EFLAGS=0x0000000000010202

Top of Stack: (sp=0x000000002043ae60)
0x000000002043ae60:   000000002043b020 0000000073027c76
0x000000002043ae70:   000000002043af88 00000000029c0904
0x000000002043ae80:   000000001ef3b1f8 00007ffbd3f91d8a
0x000000002043ae90:   00007ffbd4087ac8 000000002043af90
0x000000002043aea0:   000000002043b268 0000000000000000
0x000000002043aeb0:   000000002043aec8 000000002043af10
0x000000002043aec0:   00000000027b835d 000000076d618c28
0x000000002043aed0:   0000006d6ec55209 000000076ff08b10
0x000000002043aee0:   000000002043af28 000000076d618c28
0x000000002043aef0:   000000002043b270 000000077004c3a0
0x000000002043af00:   0000000000000000 00000000027b7da0
0x000000002043af10:   000000001ef3b1f8 00000000027b80e0
0x000000002043af20:   00007ffbd4087ac8 00000000027b80e0
0x000000002043af30:   000000077004b310 0000000000000000
0x000000002043af40:   0000000000000000 000000002043af38
0x000000002043af50:   000000002062a777 000000002043afd8 

Instructions: (pc=0x00007ffbd3fac0fc)
0x00007ffbd3fac0dc:   00 4c 8d 05 44 4d 09 00 ff 50 70 eb 24 48 8d 15
0x00007ffbd3fac0ec:   20 4d 09 00 e8 47 34 07 00 eb 16 40 84 ed 74 11
0x00007ffbd3fac0fc:   48 8b 40 20 48 85 c0 74 08 48 8b d7 48 8b cb ff
0x00007ffbd3fac10c:   d0 48 8b c7 48 8b 5c 24 30 48 8b 6c 24 38 48 8b 


Register to memory mapping:

RAX=0x000000001ebe4e30 is pointing into the stack for thread: 0x000000001df5f800
RBX=0x000000001ef3b1f8 is an unknown value
RCX=0x000000001ef3b1f8 is an unknown value
RDX=0x000000002043b278 is pointing into the stack for thread: 0x000000001ef3b000
RSP=0x000000002043ae60 is pointing into the stack for thread: 0x000000001ef3b000
RBP=0x000000002043af01 is pointing into the stack for thread: 0x000000001ef3b000
RSI=0x000000002043b278 is pointing into the stack for thread: 0x000000001ef3b000
RDI=0x000000001ebe4e30 is pointing into the stack for thread: 0x000000001df5f800
R8 =0x0000000000000042 is an unknown value
R9 =0x000000076ff227e8 is an oop
sun.awt.image.BufImgSurfaceData 
 - klass: 'sun/awt/image/BufImgSurfaceData'
R10=0x00000000000000aa is an unknown value
R11=0x000000007360da60 is an unknown value
R12=0x000000002043b278 is pointing into the stack for thread: 0x000000001ef3b000
R13=0x000000002043b260 is pointing into the stack for thread: 0x000000001ef3b000
R14=0x0000000000000000 is an unknown value
R15=0x0000000000000000 is an unknown value


Stack: [0x0000000020340000,0x0000000020440000],  sp=0x000000002043ae60,  free space=1003k
Native frames: (J=compiled Java code, j=interpreted, Vv=VM code, C=native code)
C  [awt.dll+0x6c0fc]
C  [awt.dll+0x51d8a]
C  0x00000000027c8c67

Java frames: (J=compiled Java code, j=interpreted, Vv=VM code)
j  sun.java2d.loops.MaskBlit.MaskBlit(Lsun/java2d/SurfaceData;Lsun/java2d/SurfaceData;Ljava/awt/Composite;Lsun/java2d/pipe/Region;IIIIII[BII)V+0
j  sun.java2d.loops.Blit$GeneralMaskBlit.Blit(Lsun/java2d/SurfaceData;Lsun/java2d/SurfaceData;Ljava/awt/Composite;Lsun/java2d/pipe/Region;IIIIII)V+24
J 2082 C1 sun.java2d.pipe.DrawImage.blitSurfaceData(Lsun/java2d/SunGraphics2D;Lsun/java2d/pipe/Region;Lsun/java2d/SurfaceData;Lsun/java2d/SurfaceData;Lsun/java2d/loops/SurfaceType;Lsun/java2d/loops/SurfaceType;IIIIIILjava/awt/Color;)V (145 bytes) @ 0x0000000002d87f54 [0x0000000002d87120+0xe34]
J 2081 C1 sun.java2d.pipe.DrawImage.renderImageCopy(Lsun/java2d/SunGraphics2D;Ljava/awt/Image;Ljava/awt/Color;IIIIII)Z (147 bytes) @ 0x0000000002d85fac [0x0000000002d85a20+0x58c]
j  sun.java2d.pipe.DrawImage.copyImage(Lsun/java2d/SunGraphics2D;Ljava/awt/Image;IILjava/awt/Color;)Z+45
j  sun.java2d.pipe.DrawImage.copyImage(Lsun/java2d/SunGraphics2D;Ljava/awt/Image;IILjava/awt/Color;Ljava/awt/image/ImageObserver;)Z+15
j  sun.java2d.SunGraphics2D.drawImage(Ljava/awt/Image;IILjava/awt/Color;Ljava/awt/image/ImageObserver;)Z+66
j  sun.awt.image.ImageRepresentation.drawToBufImage(Ljava/awt/Graphics;Lsun/awt/image/ToolkitImage;IILjava/awt/Color;Ljava/awt/image/ImageObserver;)Z+152
j  sun.java2d.pipe.DrawImage.copyImage(Lsun/java2d/SunGraphics2D;Ljava/awt/Image;IILjava/awt/Color;Ljava/awt/image/ImageObserver;)Z+56
j  sun.java2d.pipe.ValidatePipe.copyImage(Lsun/java2d/SunGraphics2D;Ljava/awt/Image;IILjava/awt/Color;Ljava/awt/image/ImageObserver;)Z+21
j  sun.java2d.SunGraphics2D.drawImage(Ljava/awt/Image;IILjava/awt/Color;Ljava/awt/image/ImageObserver;)Z+66
j  sun.java2d.SunGraphics2D.drawImage(Ljava/awt/Image;IILjava/awt/image/ImageObserver;)Z+7
j  javax.swing.ImageIcon.paintIcon(Ljava/awt/Component;Ljava/awt/Graphics;II)V+16
j  sun.swing.plaf.synth.SynthIcon.paintIcon(Ljavax/swing/Icon;Ljavax/swing/plaf/synth/SynthContext;Ljava/awt/Graphics;IIII)V+39
j  javax.swing.plaf.synth.SynthGraphicsUtils.paintText(Ljavax/swing/plaf/synth/SynthContext;Ljava/awt/Graphics;Ljava/lang/String;Ljavax/swing/Icon;IIIIIII)V+327
j  javax.swing.plaf.synth.SynthLabelUI.paint(Ljavax/swing/plaf/synth/SynthContext;Ljava/awt/Graphics;)V+96
j  javax.swing.plaf.synth.SynthLabelUI.update(Ljava/awt/Graphics;Ljavax/swing/JComponent;)V+33
j  javax.swing.JComponent.paintComponent(Ljava/awt/Graphics;)V+26
j  javax.swing.JComponent.paint(Ljava/awt/Graphics;)V+286
j  javax.swing.JComponent.paintChildren(Ljava/awt/Graphics;)V+501
j  javax.swing.JComponent.paint(Ljava/awt/Graphics;)V+318
j  javax.swing.JComponent.paintChildren(Ljava/awt/Graphics;)V+501
j  javax.swing.JSplitPane.paintChildren(Ljava/awt/Graphics;)V+2
j  javax.swing.JComponent.paint(Ljava/awt/Graphics;)V+318
j  javax.swing.JComponent.paintChildren(Ljava/awt/Graphics;)V+501
j  javax.swing.JComponent.paint(Ljava/awt/Graphics;)V+318
j  javax.swing.JComponent.paintChildren(Ljava/awt/Graphics;)V+501
j  javax.swing.JComponent.paint(Ljava/awt/Graphics;)V+318
j  javax.swing.JLayeredPane.paint(Ljava/awt/Graphics;)V+73
j  javax.swing.JComponent.paintChildren(Ljava/awt/Graphics;)V+501
j  javax.swing.JComponent.paintToOffscreen(Ljava/awt/Graphics;IIIIII)V+72
j  javax.swing.RepaintManager$PaintManager.paintDoubleBuffered(Ljavax/swing/JComponent;Ljava/awt/Image;Ljava/awt/Graphics;IIII)V+163
j  javax.swing.RepaintManager$PaintManager.paint(Ljavax/swing/JComponent;Ljavax/swing/JComponent;Ljava/awt/Graphics;IIII)Z+116
j  javax.swing.RepaintManager.paint(Ljavax/swing/JComponent;Ljavax/swing/JComponent;Ljava/awt/Graphics;IIII)V+51
j  javax.swing.JComponent.paint(Ljava/awt/Graphics;)V+221
j  java.awt.GraphicsCallback$PaintCallback.run(Ljava/awt/Component;Ljava/awt/Graphics;)V+2
j  sun.awt.SunGraphicsCallback.runOneComponent(Ljava/awt/Component;Ljava/awt/Rectangle;Ljava/awt/Graphics;Ljava/awt/Shape;I)V+155
j  sun.awt.SunGraphicsCallback.runComponents([Ljava/awt/Component;Ljava/awt/Graphics;I)V+194
j  java.awt.Container.paint(Ljava/awt/Graphics;)V+58
j  java.awt.Window.paint(Ljava/awt/Graphics;)V+68
j  javax.swing.RepaintManager$4.run()Ljava/lang/Void;+142
j  javax.swing.RepaintManager$4.run()Ljava/lang/Object;+1
v  ~StubRoutines::call_stub
J 402  java.security.AccessController.doPrivileged(Ljava/security/PrivilegedAction;Ljava/security/AccessControlContext;)Ljava/lang/Object; (0 bytes) @ 0x00000000029a0ce6 [0x00000000029a0c80+0x66]
J 1808 C1 java.security.ProtectionDomain$JavaSecurityAccessImpl.doIntersectionPrivilege(Ljava/security/PrivilegedAction;Ljava/security/AccessControlContext;Ljava/security/AccessControlContext;)Ljava/lang/Object; (22 bytes) @ 0x0000000002ce987c [0x0000000002ce9400+0x47c]
j  javax.swing.RepaintManager.paintDirtyRegions(Ljava/util/Map;)V+154
j  javax.swing.RepaintManager.paintDirtyRegions()V+46
j  javax.swing.RepaintManager.prePaintDirtyRegions()V+73
j  javax.swing.RepaintManager.access$1200(Ljavax/swing/RepaintManager;)V+1
j  javax.swing.RepaintManager$ProcessingRunnable.run()V+37
j  java.awt.event.InvocationEvent.dispatch()V+47
J 2071 C1 java.awt.EventQueue.dispatchEventImpl(Ljava/awt/AWTEvent;Ljava/lang/Object;)V (149 bytes) @ 0x0000000002d7c2c4 [0x0000000002d7a7c0+0x1b04]
J 2069 C1 java.awt.EventQueue$3.run()Ljava/lang/Void; (60 bytes) @ 0x0000000002d79f5c [0x0000000002d79d40+0x21c]
J 2068 C1 java.awt.EventQueue$3.run()Ljava/lang/Object; (5 bytes) @ 0x0000000002d6fb8c [0x0000000002d6fb00+0x8c]
v  ~StubRoutines::call_stub
J 402  java.security.AccessController.doPrivileged(Ljava/security/PrivilegedAction;Ljava/security/AccessControlContext;)Ljava/lang/Object; (0 bytes) @ 0x00000000029a0ce6 [0x00000000029a0c80+0x66]
J 1952 C1 java.awt.EventQueue.dispatchEvent(Ljava/awt/AWTEvent;)V (80 bytes) @ 0x0000000002d35e2c [0x0000000002d35480+0x9ac]
J 2073 C1 java.awt.EventDispatchThread.pumpOneEventForFilters(I)V (190 bytes) @ 0x0000000002d8149c [0x0000000002d80340+0x115c]
j  java.awt.EventDispatchThread.pumpEventsForFilter(ILjava/awt/Conditional;Ljava/awt/EventFilter;)V+35
j  java.awt.EventDispatchThread.pumpEventsForHierarchy(ILjava/awt/Conditional;Ljava/awt/Component;)V+11
j  java.awt.EventDispatchThread.pumpEvents(ILjava/awt/Conditional;)V+4
j  java.awt.EventDispatchThread.pumpEvents(Ljava/awt/Conditional;)V+3
j  java.awt.EventDispatchThread.run()V+9
v  ~StubRoutines::call_stub

---------------  P R O C E S S  ---------------

Java Threads: ( => current thread )
  0x000000001decc800 JavaThread "Image Fetcher 0" daemon [_thread_blocked, id=6096, stack(0x0000000023290000,0x0000000023390000)]
  0x000000001ded2800 JavaThread "Image Animator 0" daemon [_thread_blocked, id=27468, stack(0x0000000022f90000,0x0000000023090000)]
  0x000000001ded0800 JavaThread "Timer-0" [_thread_blocked, id=20116, stack(0x0000000020440000,0x0000000020540000)]
  0x000000001decc000 JavaThread "TimerQueue" daemon [_thread_blocked, id=9404, stack(0x0000000021880000,0x0000000021980000)]
  0x0000000000dcd800 JavaThread "DestroyJavaVM" [_thread_blocked, id=20832, stack(0x00000000025b0000,0x00000000026b0000)]
=>0x000000001ef3b000 JavaThread "AWT-EventQueue-0" [_thread_in_native, id=26748, stack(0x0000000020340000,0x0000000020440000)]
  0x000000001eede800 JavaThread "AWT-Windows" daemon [_thread_in_native, id=21260, stack(0x000000001f8c0000,0x000000001f9c0000)]
  0x000000001eedb000 JavaThread "AWT-Shutdown" [_thread_blocked, id=18460, stack(0x000000001f7c0000,0x000000001f8c0000)]
  0x000000001ef30000 JavaThread "Java2D Disposer" daemon [_thread_blocked, id=2180, stack(0x000000001f6c0000,0x000000001f7c0000)]
  0x000000001df5f800 JavaThread "Service Thread" daemon [_thread_blocked, id=20268, stack(0x000000001eb80000,0x000000001ec80000)]
  0x000000001decf000 JavaThread "C1 CompilerThread3" daemon [_thread_blocked, id=25848, stack(0x000000001ea80000,0x000000001eb80000)]
  0x000000001debc000 JavaThread "C2 CompilerThread2" daemon [_thread_blocked, id=7032, stack(0x000000001e980000,0x000000001ea80000)]
  0x000000001deb9800 JavaThread "C2 CompilerThread1" daemon [_thread_blocked, id=25864, stack(0x000000001e880000,0x000000001e980000)]
  0x000000001deb6800 JavaThread "C2 CompilerThread0" daemon [_thread_blocked, id=29148, stack(0x000000001e780000,0x000000001e880000)]
  0x000000001deb1000 JavaThread "Attach Listener" daemon [_thread_blocked, id=26812, stack(0x000000001e680000,0x000000001e780000)]
  0x000000001deb0000 JavaThread "Signal Dispatcher" daemon [_thread_blocked, id=9664, stack(0x000000001e580000,0x000000001e680000)]
  0x000000001dea1000 JavaThread "Finalizer" daemon [_thread_blocked, id=28596, stack(0x000000001e380000,0x000000001e480000)]
  0x000000001dea0800 JavaThread "Reference Handler" daemon [_thread_blocked, id=24500, stack(0x000000001e280000,0x000000001e380000)]

Other Threads:
  0x000000001c099800 VMThread [stack: 0x000000001dd80000,0x000000001de80000] [id=4384]
  0x000000001df06000 WatcherThread [stack: 0x000000001ec80000,0x000000001ed80000] [id=28380]

VM state:not at safepoint (normal execution)

VM Mutex/Monitor currently owned by a thread: None

heap address: 0x00000006c3e00000, size: 4034 MB, Compressed Oops mode: Zero based, Oop shift amount: 3
Narrow klass base: 0x0000000000000000, Narrow klass shift: 3
Compressed class space size: 1073741824 Address: 0x00000007c0000000

Heap:
 PSYoungGen      total 75776K, used 46508K [0x000000076bf80000, 0x0000000771400000, 0x00000007c0000000)
  eden space 65024K, 55% used [0x000000076bf80000,0x000000076e26e4d0,0x000000076ff00000)
  from space 10752K, 99% used [0x000000076ff00000,0x000000077097ccd0,0x0000000770980000)
  to   space 10752K, 0% used [0x0000000770980000,0x0000000770980000,0x0000000771400000)
 ParOldGen       total 173568K, used 2994K [0x00000006c3e00000, 0x00000006ce780000, 0x000000076bf80000)
  object space 173568K, 1% used [0x00000006c3e00000,0x00000006c40ec810,0x00000006ce780000)
 Metaspace       used 20490K, capacity 21030K, committed 21120K, reserved 1067008K
  class space    used 2763K, capacity 2909K, committed 2944K, reserved 1048576K

Card table byte_map: [0x0000000011b70000,0x0000000012360000] byte_map_base: 0x000000000e551000

Marking Bits: (ParMarkBitMap*) 0x000000007361be30
 Begin Bits: [0x00000000130b0000, 0x0000000016fb8000)
 End Bits:   [0x0000000016fb8000, 0x000000001aec0000)

Polling page: 0x0000000000860000

CodeCache: size=245760Kb used=6820Kb max_used=6844Kb free=238939Kb
 bounds [0x00000000027b0000, 0x0000000002e70000, 0x00000000117b0000]
 total_blobs=2942 nmethods=2386 adapters=468
 compilation: enabled

Compilation events (10 events):
Event: 11.321 Thread 0x000000001decf000 2423       3       javax.swing.plaf.synth.SynthGraphicsUtils::getPreferredSize (402 bytes)
Event: 11.323 Thread 0x000000001decf000 nmethod 2423 0x0000000002e5e110 code [0x0000000002e5e400, 0x0000000002e5fe58]
Event: 11.324 Thread 0x000000001decf000 2425       1       sun.util.locale.StringTokenIterator::isDone (5 bytes)
Event: 11.324 Thread 0x000000001decf000 nmethod 2425 0x00000000028ce510 code [0x00000000028ce660, 0x00000000028ce770]
Event: 11.325 Thread 0x000000001decf000 2426   !   3       sun.awt.GlobalCursorManager::_updateCursor (165 bytes)
Event: 11.327 Thread 0x000000001decf000 nmethod 2426 0x0000000002e60f50 code [0x0000000002e61240, 0x0000000002e62bd8]
Event: 11.327 Thread 0x000000001decf000 2428       3       java.awt.Component$1::getCursor (5 bytes)
Event: 11.328 Thread 0x000000001decf000 nmethod 2428 0x00000000028c9d90 code [0x00000000028c9f20, 0x00000000028ca468]
Event: 11.328 Thread 0x000000001decf000 2430       3       sun.awt.windows.WObjectPeer::getPeerForTarget (10 bytes)
Event: 11.328 Thread 0x000000001decf000 nmethod 2430 0x0000000002e638d0 code [0x0000000002e63aa0, 0x0000000002e64298]

GC Heap History (2 events):
Event: 2.593 GC heap before
{Heap before GC invocations=1 (full 0):
 PSYoungGen      total 75776K, used 65024K [0x000000076bf80000, 0x0000000771400000, 0x00000007c0000000)
  eden space 65024K, 100% used [0x000000076bf80000,0x000000076ff00000,0x000000076ff00000)
  from space 10752K, 0% used [0x0000000770980000,0x0000000770980000,0x0000000771400000)
  to   space 10752K, 0% used [0x000000076ff00000,0x000000076ff00000,0x0000000770980000)
 ParOldGen       total 173568K, used 0K [0x00000006c3e00000, 0x00000006ce780000, 0x000000076bf80000)
  object space 173568K, 0% used [0x00000006c3e00000,0x00000006c3e00000,0x00000006ce780000)
 Metaspace       used 16672K, capacity 17158K, committed 17280K, reserved 1064960K
  class space    used 2212K, capacity 2349K, committed 2432K, reserved 1048576K
Event: 2.604 GC heap after
Heap after GC invocations=1 (full 0):
 PSYoungGen      total 75776K, used 10739K [0x000000076bf80000, 0x0000000771400000, 0x00000007c0000000)
  eden space 65024K, 0% used [0x000000076bf80000,0x000000076bf80000,0x000000076ff00000)
  from space 10752K, 99% used [0x000000076ff00000,0x000000077097ccd0,0x0000000770980000)
  to   space 10752K, 0% used [0x0000000770980000,0x0000000770980000,0x0000000771400000)
 ParOldGen       total 173568K, used 2994K [0x00000006c3e00000, 0x00000006ce780000, 0x000000076bf80000)
  object space 173568K, 1% used [0x00000006c3e00000,0x00000006c40ec810,0x00000006ce780000)
 Metaspace       used 16672K, capacity 17158K, committed 17280K, reserved 1064960K
  class space    used 2212K, capacity 2349K, committed 2432K, reserved 1048576K
}

Deoptimization events (10 events):
Event: 8.068 Thread 0x000000001ef3b000 Uncommon trap: reason=bimorphic action=maybe_recompile pc=0x00000000029bc94c method=java.util.HashMap.putVal(ILjava/lang/Object;Ljava/lang/Object;ZZ)Ljava/lang/Object; @ 152
Event: 8.068 Thread 0x000000001ef3b000 Uncommon trap: reason=bimorphic action=maybe_recompile pc=0x00000000029bc94c method=java.util.HashMap.putVal(ILjava/lang/Object;Ljava/lang/Object;ZZ)Ljava/lang/Object; @ 152
Event: 8.069 Thread 0x000000001ef3b000 Uncommon trap: reason=bimorphic action=maybe_recompile pc=0x00000000029bdb24 method=java.util.HashMap.putVal(ILjava/lang/Object;Ljava/lang/Object;ZZ)Ljava/lang/Object; @ 152
Event: 10.877 Thread 0x000000001ded0800 Uncommon trap: reason=unstable_if action=reinterpret pc=0x00000000029c6870 method=java.util.HashMap.getNode(ILjava/lang/Object;)Ljava/util/HashMap$Node; @ 84
Event: 10.877 Thread 0x000000001ded0800 Uncommon trap: reason=unstable_if action=reinterpret pc=0x0000000002a01778 method=java.util.HashMap.getNode(ILjava/lang/Object;)Ljava/util/HashMap$Node; @ 84
Event: 10.886 Thread 0x000000001ded2800 Uncommon trap: reason=unstable_if action=reinterpret pc=0x0000000002da9a20 method=sun.awt.image.GifImageDecoder.sendPixels(IIII[BLjava/awt/image/ColorModel;)I @ 136
Event: 10.931 Thread 0x000000001ded0800 Uncommon trap: reason=unstable_if action=reinterpret pc=0x0000000002aba7b8 method=sun.misc.MetaIndex.mayContain(Ljava/lang/String;)Z @ 38
Event: 10.963 Thread 0x000000001ded0800 Uncommon trap: reason=unstable_if action=reinterpret pc=0x0000000002a89414 method=sun.misc.MetaIndex.mayContain(Ljava/lang/String;)Z @ 38
Event: 11.179 Thread 0x000000001ded0800 Uncommon trap: reason=unstable_if action=reinterpret pc=0x0000000002d5a784 method=java.util.HashMap.putVal(ILjava/lang/Object;Ljava/lang/Object;ZZ)Ljava/lang/Object; @ 109
Event: 11.179 Thread 0x000000001ded0800 Uncommon trap: reason=unstable_if action=reinterpret pc=0x0000000002d578c0 method=java.util.HashMap.putVal(ILjava/lang/Object;Ljava/lang/Object;ZZ)Ljava/lang/Object; @ 109

Classes redefined (0 events):
No events

Internal exceptions (10 events):
Event: 0.389 Thread 0x0000000000dcd800 Exception <a 'java/lang/ClassNotFoundException': ToggleButton> (0x000000076c4ee8e0) thrown at [C:\ade\jenkins\workspace\8-2-build-windows-amd64-cygwin\jdk8u241\331\hotspot\src\share\vm\classfile\systemDictionary.cpp, line 210]
Event: 0.390 Thread 0x0000000000dcd800 Exception <a 'java/lang/ClassNotFoundException': javax/swing/JToolBarSeparator> (0x000000076c4eed40) thrown at [C:\ade\jenkins\workspace\8-2-build-windows-amd64-cygwin\jdk8u241\331\hotspot\src\share\vm\classfile\systemDictionary.cpp, line 210]
Event: 0.390 Thread 0x0000000000dcd800 Exception <a 'java/lang/ClassNotFoundException': ToolBarSeparator> (0x000000076c4ef1d8) thrown at [C:\ade\jenkins\workspace\8-2-build-windows-amd64-cygwin\jdk8u241\331\hotspot\src\share\vm\classfile\systemDictionary.cpp, line 210]
Event: 0.390 Thread 0x0000000000dcd800 Exception <a 'java/lang/ClassNotFoundException': ToolTip> (0x000000076c4ef918) thrown at [C:\ade\jenkins\workspace\8-2-build-windows-amd64-cygwin\jdk8u241\331\hotspot\src\share\vm\classfile\systemDictionary.cpp, line 210]
Event: 0.392 Thread 0x0000000000dcd800 Exception <a 'java/lang/ClassNotFoundException': Tree> (0x000000076c4f0538) thrown at [C:\ade\jenkins\workspace\8-2-build-windows-amd64-cygwin\jdk8u241\331\hotspot\src\share\vm\classfile\systemDictionary.cpp, line 210]
Event: 0.392 Thread 0x0000000000dcd800 Exception <a 'java/lang/ClassNotFoundException': Tree> (0x000000076c4f0c78) thrown at [C:\ade\jenkins\workspace\8-2-build-windows-amd64-cygwin\jdk8u241\331\hotspot\src\share\vm\classfile\systemDictionary.cpp, line 210]
Event: 0.392 Thread 0x0000000000dcd800 Exception <a 'java/lang/ClassNotFoundException': javax/swing/JTreeCell> (0x000000076c4f0ff8) thrown at [C:\ade\jenkins\workspace\8-2-build-windows-amd64-cygwin\jdk8u241\331\hotspot\src\share\vm\classfile\systemDictionary.cpp, line 210]
Event: 0.392 Thread 0x0000000000dcd800 Exception <a 'java/lang/ClassNotFoundException': TreeCell> (0x000000076c4f1480) thrown at [C:\ade\jenkins\workspace\8-2-build-windows-amd64-cygwin\jdk8u241\331\hotspot\src\share\vm\classfile\systemDictionary.cpp, line 210]
Event: 0.393 Thread 0x0000000000dcd800 Exception <a 'java/lang/ClassNotFoundException': RootPane> (0x000000076c4f1ee0) thrown at [C:\ade\jenkins\workspace\8-2-build-windows-amd64-cygwin\jdk8u241\331\hotspot\src\share\vm\classfile\systemDictionary.cpp, line 210]
Event: 2.792 Thread 0x000000001efb0000 Exception <a 'java/lang/InterruptedException': sleep interrupted> (0x000000076d3dd358) thrown at [C:\ade\jenkins\workspace\8-2-build-windows-amd64-cygwin\jdk8u241\331\hotspot\src\share\vm\prims\jvm.cpp, line 3288]

Events (10 events):
Event: 11.339 Executing VM operation: RevokeBias
Event: 11.339 Executing VM operation: RevokeBias done
Event: 11.339 Executing VM operation: RevokeBias
Event: 11.339 Executing VM operation: RevokeBias done
Event: 11.339 Executing VM operation: RevokeBias
Event: 11.340 Executing VM operation: RevokeBias done
Event: 11.340 Executing VM operation: RevokeBias
Event: 11.340 Executing VM operation: RevokeBias done
Event: 11.340 Executing VM operation: RevokeBias
Event: 11.340 Executing VM operation: RevokeBias done


Dynamic libraries:
0x00007ff7c3250000 - 0x00007ff7c3287000 	C:\Program Files\Java\jdk1.8.0_241\bin\java.exe
0x00007ffc4c300000 - 0x00007ffc4c4f0000 	C:\Windows\SYSTEM32\ntdll.dll
0x00007ffc4adf0000 - 0x00007ffc4aea2000 	C:\Windows\System32\KERNEL32.DLL
0x00007ffc496f0000 - 0x00007ffc49993000 	C:\Windows\System32\KERNELBASE.dll
0x00007ffc4a3b0000 - 0x00007ffc4a453000 	C:\Windows\System32\ADVAPI32.dll
0x00007ffc4bc20000 - 0x00007ffc4bcbe000 	C:\Windows\System32\msvcrt.dll
0x00007ffc4a460000 - 0x00007ffc4a4f7000 	C:\Windows\System32\sechost.dll
0x00007ffc4b870000 - 0x00007ffc4b990000 	C:\Windows\System32\RPCRT4.dll
0x00007ffc4ba00000 - 0x00007ffc4bb94000 	C:\Windows\System32\USER32.dll
0x00007ffc4a380000 - 0x00007ffc4a3a1000 	C:\Windows\System32\win32u.dll
0x00007ffc4bf00000 - 0x00007ffc4bf26000 	C:\Windows\System32\GDI32.dll
0x00007ffc49450000 - 0x00007ffc495e4000 	C:\Windows\System32\gdi32full.dll
0x00007ffc4a150000 - 0x00007ffc4a1ee000 	C:\Windows\System32\msvcp_win.dll
0x00007ffc495f0000 - 0x00007ffc496ea000 	C:\Windows\System32\ucrtbase.dll
0x00007ffc339a0000 - 0x00007ffc33c25000 	C:\Windows\WinSxS\amd64_microsoft.windows.common-controls_6595b64144ccf1df_6.0.18362.778_none_e6c6b761130d4fb8\COMCTL32.dll
0x00007ffc4a500000 - 0x00007ffc4a836000 	C:\Windows\System32\combase.dll
0x00007ffc4a300000 - 0x00007ffc4a380000 	C:\Windows\System32\bcryptPrimitives.dll
0x00007ffc4bed0000 - 0x00007ffc4befe000 	C:\Windows\System32\IMM32.DLL
0x0000000072d10000 - 0x0000000072de2000 	C:\Program Files\Java\jdk1.8.0_241\jre\bin\msvcr100.dll
0x0000000072df0000 - 0x000000007369c000 	C:\Program Files\Java\jdk1.8.0_241\jre\bin\server\jvm.dll
0x00007ffc4c290000 - 0x00007ffc4c298000 	C:\Windows\System32\PSAPI.DLL
0x00007ffc3cbb0000 - 0x00007ffc3cbd4000 	C:\Windows\SYSTEM32\WINMM.dll
0x00007ffc3f700000 - 0x00007ffc3f70a000 	C:\Windows\SYSTEM32\VERSION.dll
0x00007ffc3cb80000 - 0x00007ffc3cbad000 	C:\Windows\SYSTEM32\winmmbase.dll
0x00007ffc49290000 - 0x00007ffc492da000 	C:\Windows\System32\cfgmgr32.dll
0x00007ffc21d00000 - 0x00007ffc21d09000 	C:\Windows\SYSTEM32\WSOCK32.dll
0x00007ffc4c110000 - 0x00007ffc4c17f000 	C:\Windows\System32\WS2_32.dll
0x00007ffc21cf0000 - 0x00007ffc21cff000 	C:\Program Files\Java\jdk1.8.0_241\jre\bin\verify.dll
0x00007ffc13e30000 - 0x00007ffc13e59000 	C:\Program Files\Java\jdk1.8.0_241\jre\bin\java.dll
0x00007ffc1fe90000 - 0x00007ffc1fea6000 	C:\Program Files\Java\jdk1.8.0_241\jre\bin\zip.dll
0x00007ffc4af70000 - 0x00007ffc4b655000 	C:\Windows\System32\SHELL32.dll
0x00007ffc4c1e0000 - 0x00007ffc4c289000 	C:\Windows\System32\shcore.dll
0x00007ffc499a0000 - 0x00007ffc4a120000 	C:\Windows\System32\windows.storage.dll
0x00007ffc49210000 - 0x00007ffc49233000 	C:\Windows\System32\profapi.dll
0x00007ffc49240000 - 0x00007ffc4928a000 	C:\Windows\System32\powrprof.dll
0x00007ffc491c0000 - 0x00007ffc491d0000 	C:\Windows\System32\UMPDC.dll
0x00007ffc4b9a0000 - 0x00007ffc4b9f2000 	C:\Windows\System32\shlwapi.dll
0x00007ffc491d0000 - 0x00007ffc491e1000 	C:\Windows\System32\kernel.appcore.dll
0x00007ffc492e0000 - 0x00007ffc492f7000 	C:\Windows\System32\cryptsp.dll
0x00007ffbd3f40000 - 0x00007ffbd40da000 	C:\Program Files\Java\jdk1.8.0_241\jre\bin\awt.dll
0x00007ffc4be00000 - 0x00007ffc4bec4000 	C:\Windows\System32\OLEAUT32.dll
0x00007ffc46ee0000 - 0x00007ffc46f6f000 	C:\Windows\SYSTEM32\apphelp.dll
0x00007ffc470a0000 - 0x00007ffc47139000 	C:\Windows\system32\uxtheme.dll
0x00007ffc4a840000 - 0x00007ffc4a976000 	C:\Windows\System32\MSCTF.dll
0x00007ffc4bf30000 - 0x00007ffc4c087000 	C:\Windows\System32\ole32.dll
0x00007ffc47410000 - 0x00007ffc4743d000 	C:\Windows\system32\DWMAPI.DLL
0x00007ffbd9330000 - 0x00007ffbd9379000 	C:\Program Files\Java\jdk1.8.0_241\jre\bin\fontmanager.dll
0x00007ffc0eff0000 - 0x00007ffc0f146000 	C:\Windows\system32\opengl32.dll
0x00007ffc0f6e0000 - 0x00007ffc0f70c000 	C:\Windows\SYSTEM32\GLU32.dll
0x00007ffc47e30000 - 0x00007ffc47e50000 	C:\Windows\SYSTEM32\dxcore.dll
0x00007ffc18290000 - 0x00007ffc182aa000 	C:\Program Files\Java\jdk1.8.0_241\jre\bin\net.dll
0x00007ffc48a30000 - 0x00007ffc48a97000 	C:\Windows\system32\mswsock.dll
0x00007ffc0fc40000 - 0x00007ffc0fc52000 	C:\Program Files\Java\jdk1.8.0_241\jre\bin\nio.dll
0x00007ffbd5390000 - 0x00007ffbd53d2000 	C:\Program Files\Java\jdk1.8.0_241\jre\bin\t2k.dll
0x00007ffc2a4b0000 - 0x00007ffc2a54e000 	C:\Windows\System32\TextInputFramework.dll
0x00007ffc46dd0000 - 0x00007ffc46ea4000 	C:\Windows\System32\CoreMessaging.dll
0x00007ffc29e50000 - 0x00007ffc2a17a000 	C:\Windows\System32\CoreUIComponents.dll
0x00007ffc48220000 - 0x00007ffc48251000 	C:\Windows\SYSTEM32\ntmarta.dll
0x00007ffc45000000 - 0x00007ffc45153000 	C:\Windows\SYSTEM32\wintypes.dll
0x00007ffc35850000 - 0x00007ffc358b5000 	C:\Windows\system32\Oleacc.dll
0x00007ffc3a750000 - 0x00007ffc3a9f6000 	C:\Windows\System32\iertutil.dll
0x00007ffc4aec0000 - 0x00007ffc4af62000 	C:\Windows\System32\clbcatq.dll
0x00007ffc28640000 - 0x00007ffc287ef000 	C:\Windows\SYSTEM32\WindowsCodecs.dll
0x00007ffc0de50000 - 0x00007ffc0de8a000 	C:\Windows\system32\dataexchange.dll
0x00007ffc46780000 - 0x00007ffc4695c000 	C:\Windows\system32\dcomp.dll
0x00007ffc46520000 - 0x00007ffc4677b000 	C:\Windows\system32\d3d11.dll
0x00007ffc47ec0000 - 0x00007ffc47fab000 	C:\Windows\system32\dxgi.dll
0x00007ffc47190000 - 0x00007ffc473ea000 	C:\Windows\system32\twinapi.appcore.dll
0x00007ffc476a0000 - 0x00007ffc476c9000 	C:\Windows\system32\RMCLIENT.dll
0x00007ffc47a70000 - 0x00007ffc47c64000 	C:\Windows\SYSTEM32\dbghelp.dll

VM Arguments:
jvm_args: -Dfile.encoding=UTF-8 
java_command: UI_Pages.HomePages.Home
java_class_path (initial): C:\Users\rohit\OneDrive\Desktop\AED_Project\project_jars\db4o-8.0.184.15484-all-java5.jar;C:\Users\rohit\OneDrive\Desktop\23\AED_AAA_Group\ENCP_Project_AED 5\jcalendar-1.4.jar;C:\Users\rohit\OneDrive\Desktop\AED_Project\project_jars\AbsoluteLayout.jar;C:\Users\rohit\OneDrive\Desktop\23\AED_AAA_Group\ENCP_Project_AED 5\build\classes
Launcher Type: SUN_STANDARD

Environment Variables:
JAVA_HOME=C:\Program Files\Java\jdk1.8.0_241
PATH=C:\Program Files (x86)\Common Files\Oracle\Java\javapath;C:\Windows\system32;C:\Windows;C:\Windows\System32\Wbem;C:\Windows\System32\WindowsPowerShell\v1.0\;C:\Windows\System32\OpenSSH\;C:\Program Files\Java\jdk1.8.0_241\bin;C:\Program Files\Git\cmd;C:\Program Files\Git\mingw64\bin;C:\Program Files\Git\usr\bin;C:\ffmpeg\bin;C:\Program Files\SourceGear\Common\DiffMerge\;C:\Users\rohit\AppData\Local\Microsoft\WindowsApps;C:\Users\rohit\AppData\Local\GitHubDesktop\bin;C:\Program Files\Java\jdk1.8.0_241;
USERNAME=rohit
OS=Windows_NT
PROCESSOR_IDENTIFIER=Intel64 Family 6 Model 142 Stepping 12, GenuineIntel



---------------  S Y S T E M  ---------------

OS: Windows 10.0 , 64 bit Build 18362 (10.0.18362.778)

CPU:total 8 (initial active 8) (4 cores per cpu, 2 threads per core) family 6 model 142 stepping 12, cmov, cx8, fxsr, mmx, sse, sse2, sse3, ssse3, sse4.1, sse4.2, popcnt, avx, avx2, aes, clmul, erms, 3dnowpref, lzcnt, ht, tsc, tscinvbit, bmi1, bmi2, adx

Memory: 4k page, physical 16522324k(6996740k free), swap 40639572k(22296212k free)

vm_info: Java HotSpot(TM) 64-Bit Server VM (25.241-b07) for windows-amd64 JRE (1.8.0_241-b07), built on Dec 11 2019 10:21:40 by "rejava" with MS VC++ 10.0 (VS2010)

time: Thu Apr 23 14:24:01 2020
timezone: Eastern Daylight Time
elapsed time: 11 seconds (0d 0h 0m 11s)

