#
# A fatal error has been detected by the Java Runtime Environment:
#
#  EXCEPTION_ACCESS_VIOLATION (0xc0000005) at pc=0x00007ffbd3fac10b, pid=7656, tid=0x0000000000007310
#
# JRE version: Java(TM) SE Runtime Environment (8.0_241-b07) (build 1.8.0_241-b07)
# Java VM: Java HotSpot(TM) 64-Bit Server VM (25.241-b07 mixed mode windows-amd64 compressed oops)
# Problematic frame:
# C  [awt.dll+0x6c10b]
#
# Failed to write core dump. Minidumps are not enabled by default on client versions of Windows
#
# If you would like to submit a bug report, please visit:
#   http://bugreport.java.com/bugreport/crash.jsp
# The crash happened outside the Java Virtual Machine in native code.
# See problematic frame for where to report the bug.
#

---------------  T H R E A D  ---------------

Current thread (0x000000001fb01000):  JavaThread "AWT-EventQueue-0" [_thread_in_native, id=29456, stack(0x0000000020ed0000,0x0000000020fd0000)]

siginfo: ExceptionCode=0xc0000005, reading address 0xffffffffffffffff

Registers:
RAX=0x6176616a4c3c6d61, RBX=0x000000001fb011f8, RCX=0x000000001fb011f8, RDX=0x000000001ebe4e30
RSP=0x0000000020fcb1d0, RBP=0x0000000020fcb301, RSI=0x0000000020fcb5e8, RDI=0x000000001ebe4e30
R8 =0x0000000000000042, R9 =0x00000006c418d4d0, R10=0x00000000000000e4, R11=0x000000007360da60
R12=0x0000000020fcb5e8, R13=0x0000000020fcb5d0, R14=0x0000000000000000, R15=0x0000000000000000
RIP=0x00007ffbd3fac10b, EFLAGS=0x0000000000010202

Top of Stack: (sp=0x0000000020fcb1d0)
0x0000000020fcb1d0:   0000000020fcb390 0000000073027c76
0x0000000020fcb1e0:   0000000020fcb418 00000000039f237c
0x0000000020fcb1f0:   000000001fb011f8 00007ffbd3f91d8a
0x0000000020fcb200:   00007ffbd4087ac8 0000000020fcb300
0x0000000020fcb210:   0000000020fcb5d8 000000076c07c428
0x0000000020fcb220:   00000007c02c5c28 00000006c4292ba0
0x0000000020fcb230:   0000000020fcb4a0 0000000003a27f74
0x0000000020fcb240:   0000000020fcb3a0 00000000035dceec
0x0000000020fcb250:   0000000020fcb3b8 00000000039f0b54
0x0000000020fcb260:   0000000020fcb5e0 00000006c3e6d078
0x0000000020fcb270:   0000000000000000 00000006c41ab6e8
0x0000000020fcb280:   000000001fb011f8 00000006c411ab98
0x0000000020fcb290:   00007ffbd4087ac8 f26e048600000000
0x0000000020fcb2a0:   00000006c3e65c10 00000006c41aa870
0x0000000020fcb2b0:   00000006c3ed1180 00000006c418d518
0x0000000020fcb2c0:   000000076c07c428 00000006c3ed1078 

Instructions: (pc=0x00007ffbd3fac10b)
0x00007ffbd3fac0eb:   15 20 4d 09 00 e8 47 34 07 00 eb 16 40 84 ed 74
0x00007ffbd3fac0fb:   11 48 8b 40 20 48 85 c0 74 08 48 8b d7 48 8b cb
0x00007ffbd3fac10b:   ff d0 48 8b c7 48 8b 5c 24 30 48 8b 6c 24 38 48
0x00007ffbd3fac11b:   8b 74 24 40 48 83 c4 20 5f c3 cc cc cc 41 b0 01 


Register to memory mapping:

RAX=0x6176616a4c3c6d61 is an unknown value
RBX=0x000000001fb011f8 is an unknown value
RCX=0x000000001fb011f8 is an unknown value
RDX=0x000000001ebe4e30 is an unknown value
RSP=0x0000000020fcb1d0 is pointing into the stack for thread: 0x000000001fb01000
RBP=0x0000000020fcb301 is pointing into the stack for thread: 0x000000001fb01000
RSI=0x0000000020fcb5e8 is pointing into the stack for thread: 0x000000001fb01000
RDI=0x000000001ebe4e30 is an unknown value
R8 =0x0000000000000042 is an unknown value
R9 =0x00000006c418d4d0 is an oop
sun.awt.image.BufImgSurfaceData 
 - klass: 'sun/awt/image/BufImgSurfaceData'
R10=0x00000000000000e4 is an unknown value
R11=0x000000007360da60 is an unknown value
R12=0x0000000020fcb5e8 is pointing into the stack for thread: 0x000000001fb01000
R13=0x0000000020fcb5d0 is pointing into the stack for thread: 0x000000001fb01000
R14=0x0000000000000000 is an unknown value
R15=0x0000000000000000 is an unknown value


Stack: [0x0000000020ed0000,0x0000000020fd0000],  sp=0x0000000020fcb1d0,  free space=1004k
Native frames: (J=compiled Java code, j=interpreted, Vv=VM code, C=native code)
C  [awt.dll+0x6c10b]
C  [awt.dll+0x51d8a]
C  0x0000000003388c67

Java frames: (J=compiled Java code, j=interpreted, Vv=VM code)
j  sun.java2d.loops.MaskBlit.MaskBlit(Lsun/java2d/SurfaceData;Lsun/java2d/SurfaceData;Ljava/awt/Composite;Lsun/java2d/pipe/Region;IIIIII[BII)V+0
J 2442 C1 sun.java2d.loops.Blit$GeneralMaskBlit.Blit(Lsun/java2d/SurfaceData;Lsun/java2d/SurfaceData;Ljava/awt/Composite;Lsun/java2d/pipe/Region;IIIIII)V (28 bytes) @ 0x0000000003a9c6bc [0x0000000003a9c5c0+0xfc]
J 2358 C1 sun.java2d.pipe.DrawImage.blitSurfaceData(Lsun/java2d/SunGraphics2D;Lsun/java2d/pipe/Region;Lsun/java2d/SurfaceData;Lsun/java2d/SurfaceData;Lsun/java2d/loops/SurfaceType;Lsun/java2d/loops/SurfaceType;IIIIIILjava/awt/Color;)V (145 bytes) @ 0x0000000003a5d314 [0x0000000003a5c4e0+0xe34]
J 2357 C1 sun.java2d.pipe.DrawImage.renderImageCopy(Lsun/java2d/SunGraphics2D;Ljava/awt/Image;Ljava/awt/Color;IIIIII)Z (147 bytes) @ 0x0000000003a5b36c [0x0000000003a5ade0+0x58c]
j  sun.java2d.pipe.DrawImage.copyImage(Lsun/java2d/SunGraphics2D;Ljava/awt/Image;IILjava/awt/Color;)Z+45
j  sun.java2d.pipe.DrawImage.copyImage(Lsun/java2d/SunGraphics2D;Ljava/awt/Image;IILjava/awt/Color;Ljava/awt/image/ImageObserver;)Z+15
j  sun.java2d.SunGraphics2D.drawImage(Ljava/awt/Image;IILjava/awt/Color;Ljava/awt/image/ImageObserver;)Z+66
j  sun.awt.image.ImageRepresentation.drawToBufImage(Ljava/awt/Graphics;Lsun/awt/image/ToolkitImage;IILjava/awt/Color;Ljava/awt/image/ImageObserver;)Z+152
j  sun.java2d.pipe.DrawImage.copyImage(Lsun/java2d/SunGraphics2D;Ljava/awt/Image;IILjava/awt/Color;Ljava/awt/image/ImageObserver;)Z+56
j  sun.java2d.pipe.ValidatePipe.copyImage(Lsun/java2d/SunGraphics2D;Ljava/awt/Image;IILjava/awt/Color;Ljava/awt/image/ImageObserver;)Z+21
j  sun.java2d.SunGraphics2D.drawImage(Ljava/awt/Image;IILjava/awt/Color;Ljava/awt/image/ImageObserver;)Z+66
j  sun.java2d.SunGraphics2D.drawImage(Ljava/awt/Image;IILjava/awt/image/ImageObserver;)Z+7
j  javax.swing.ImageIcon.paintIcon(Ljava/awt/Component;Ljava/awt/Graphics;II)V+16
j  sun.swing.plaf.synth.SynthIcon.paintIcon(Ljavax/swing/Icon;Ljavax/swing/plaf/synth/SynthContext;Ljava/awt/Graphics;IIII)V+39
j  javax.swing.plaf.synth.SynthGraphicsUtils.paintText(Ljavax/swing/plaf/synth/SynthContext;Ljava/awt/Graphics;Ljava/lang/String;Ljavax/swing/Icon;IIIIIII)V+327
j  javax.swing.plaf.synth.SynthLabelUI.paint(Ljavax/swing/plaf/synth/SynthContext;Ljava/awt/Graphics;)V+96
j  javax.swing.plaf.synth.SynthLabelUI.update(Ljava/awt/Graphics;Ljavax/swing/JComponent;)V+33
j  javax.swing.JComponent.paintComponent(Ljava/awt/Graphics;)V+26
J 2622 C1 javax.swing.JComponent.paint(Ljava/awt/Graphics;)V (409 bytes) @ 0x0000000003b0368c [0x0000000003b01e00+0x188c]
j  javax.swing.JComponent.paintChildren(Ljava/awt/Graphics;)V+501
J 2622 C1 javax.swing.JComponent.paint(Ljava/awt/Graphics;)V (409 bytes) @ 0x0000000003b03b2c [0x0000000003b01e00+0x1d2c]
j  javax.swing.JComponent.paintChildren(Ljava/awt/Graphics;)V+501
j  javax.swing.JSplitPane.paintChildren(Ljava/awt/Graphics;)V+2
J 2622 C1 javax.swing.JComponent.paint(Ljava/awt/Graphics;)V (409 bytes) @ 0x0000000003b03b2c [0x0000000003b01e00+0x1d2c]
j  javax.swing.JComponent.paintChildren(Ljava/awt/Graphics;)V+501
J 2622 C1 javax.swing.JComponent.paint(Ljava/awt/Graphics;)V (409 bytes) @ 0x0000000003b03b2c [0x0000000003b01e00+0x1d2c]
j  javax.swing.JComponent.paintChildren(Ljava/awt/Graphics;)V+501
J 2622 C1 javax.swing.JComponent.paint(Ljava/awt/Graphics;)V (409 bytes) @ 0x0000000003b03b2c [0x0000000003b01e00+0x1d2c]
j  javax.swing.JLayeredPane.paint(Ljava/awt/Graphics;)V+73
j  javax.swing.JComponent.paintChildren(Ljava/awt/Graphics;)V+501
j  javax.swing.JComponent.paintToOffscreen(Ljava/awt/Graphics;IIIIII)V+72
j  javax.swing.RepaintManager$PaintManager.paintDoubleBuffered(Ljavax/swing/JComponent;Ljava/awt/Image;Ljava/awt/Graphics;IIII)V+163
j  javax.swing.RepaintManager$PaintManager.paint(Ljavax/swing/JComponent;Ljavax/swing/JComponent;Ljava/awt/Graphics;IIII)Z+116
j  javax.swing.RepaintManager.paint(Ljavax/swing/JComponent;Ljavax/swing/JComponent;Ljava/awt/Graphics;IIII)V+51
J 2622 C1 javax.swing.JComponent.paint(Ljava/awt/Graphics;)V (409 bytes) @ 0x0000000003b03d6c [0x0000000003b01e00+0x1f6c]
j  java.awt.GraphicsCallback$PaintCallback.run(Ljava/awt/Component;Ljava/awt/Graphics;)V+2
j  sun.awt.SunGraphicsCallback.runOneComponent(Ljava/awt/Component;Ljava/awt/Rectangle;Ljava/awt/Graphics;Ljava/awt/Shape;I)V+155
j  sun.awt.SunGraphicsCallback.runComponents([Ljava/awt/Component;Ljava/awt/Graphics;I)V+194
j  java.awt.Container.paint(Ljava/awt/Graphics;)V+58
j  java.awt.Window.paint(Ljava/awt/Graphics;)V+68
j  javax.swing.RepaintManager$4.run()Ljava/lang/Void;+142
j  javax.swing.RepaintManager$4.run()Ljava/lang/Object;+1
v  ~StubRoutines::call_stub
J 391  java.security.AccessController.doPrivileged(Ljava/security/PrivilegedAction;Ljava/security/AccessControlContext;)Ljava/lang/Object; (0 bytes) @ 0x000000000355e7a6 [0x000000000355e740+0x66]
J 1786 C1 java.security.ProtectionDomain$JavaSecurityAccessImpl.doIntersectionPrivilege(Ljava/security/PrivilegedAction;Ljava/security/AccessControlContext;Ljava/security/AccessControlContext;)Ljava/lang/Object; (22 bytes) @ 0x00000000038a14bc [0x00000000038a1040+0x47c]
j  javax.swing.RepaintManager.paintDirtyRegions(Ljava/util/Map;)V+154
j  javax.swing.RepaintManager.paintDirtyRegions()V+46
j  javax.swing.RepaintManager.prePaintDirtyRegions()V+73
j  javax.swing.RepaintManager.access$1200(Ljavax/swing/RepaintManager;)V+1
j  javax.swing.RepaintManager$ProcessingRunnable.run()V+37
J 2150 C1 java.awt.event.InvocationEvent.dispatch()V (69 bytes) @ 0x00000000039e18d4 [0x00000000039e16c0+0x214]
J 1874 C1 java.awt.EventQueue.dispatchEventImpl(Ljava/awt/AWTEvent;Ljava/lang/Object;)V (149 bytes) @ 0x00000000038d4384 [0x00000000038d2880+0x1b04]
J 1872 C1 java.awt.EventQueue$3.run()Ljava/lang/Void; (60 bytes) @ 0x00000000038d201c [0x00000000038d1e00+0x21c]
J 1871 C1 java.awt.EventQueue$3.run()Ljava/lang/Object; (5 bytes) @ 0x00000000038cf60c [0x00000000038cf580+0x8c]
v  ~StubRoutines::call_stub
J 391  java.security.AccessController.doPrivileged(Ljava/security/PrivilegedAction;Ljava/security/AccessControlContext;)Ljava/lang/Object; (0 bytes) @ 0x000000000355e7a6 [0x000000000355e740+0x66]
J 1822 C1 java.awt.EventQueue.dispatchEvent(Ljava/awt/AWTEvent;)V (80 bytes) @ 0x00000000038b386c [0x00000000038b2ec0+0x9ac]
J 1826 C1 java.awt.EventDispatchThread.pumpOneEventForFilters(I)V (190 bytes) @ 0x00000000038baa1c [0x00000000038b98c0+0x115c]
j  java.awt.EventDispatchThread.pumpEventsForFilter(ILjava/awt/Conditional;Ljava/awt/EventFilter;)V+35
j  java.awt.EventDispatchThread.pumpEventsForHierarchy(ILjava/awt/Conditional;Ljava/awt/Component;)V+11
j  java.awt.EventDispatchThread.pumpEvents(ILjava/awt/Conditional;)V+4
j  java.awt.EventDispatchThread.pumpEvents(Ljava/awt/Conditional;)V+3
j  java.awt.EventDispatchThread.run()V+9
v  ~StubRoutines::call_stub

---------------  P R O C E S S  ---------------

Java Threads: ( => current thread )
  0x000000001ec37800 JavaThread "Image Fetcher 0" daemon [_thread_blocked, id=27828, stack(0x0000000023ec0000,0x0000000023fc0000)]
  0x000000001ec34800 JavaThread "Image Animator 0" daemon [_thread_blocked, id=6112, stack(0x0000000023bc0000,0x0000000023cc0000)]
  0x000000001ec33000 JavaThread "Timer-0" [_thread_blocked, id=27508, stack(0x0000000020fd0000,0x00000000210d0000)]
  0x000000001ec33800 JavaThread "TimerQueue" daemon [_thread_blocked, id=24684, stack(0x0000000022410000,0x0000000022510000)]
  0x0000000000ffd800 JavaThread "DestroyJavaVM" [_thread_blocked, id=14480, stack(0x0000000003170000,0x0000000003270000)]
=>0x000000001fb01000 JavaThread "AWT-EventQueue-0" [_thread_in_native, id=29456, stack(0x0000000020ed0000,0x0000000020fd0000)]
  0x000000001faf5800 JavaThread "AWT-Windows" daemon [_thread_in_native, id=9428, stack(0x0000000020470000,0x0000000020570000)]
  0x000000001faf2000 JavaThread "AWT-Shutdown" [_thread_blocked, id=23852, stack(0x0000000020370000,0x0000000020470000)]
  0x000000001faed000 JavaThread "Java2D Disposer" daemon [_thread_blocked, id=19132, stack(0x0000000020270000,0x0000000020370000)]
  0x000000001eafc800 JavaThread "Service Thread" daemon [_thread_blocked, id=24680, stack(0x000000001f730000,0x000000001f830000)]
  0x000000001ea72000 JavaThread "C1 CompilerThread3" daemon [_thread_blocked, id=26984, stack(0x000000001f630000,0x000000001f730000)]
  0x000000001ea6a800 JavaThread "C2 CompilerThread2" daemon [_thread_blocked, id=21860, stack(0x000000001f530000,0x000000001f630000)]
  0x000000001ea69800 JavaThread "C2 CompilerThread1" daemon [_thread_blocked, id=21196, stack(0x000000001f430000,0x000000001f530000)]
  0x000000001ea63000 JavaThread "C2 CompilerThread0" daemon [_thread_blocked, id=7648, stack(0x000000001f330000,0x000000001f430000)]
  0x000000001ea61000 JavaThread "Attach Listener" daemon [_thread_blocked, id=12228, stack(0x000000001f230000,0x000000001f330000)]
  0x000000001ea60000 JavaThread "Signal Dispatcher" daemon [_thread_blocked, id=19512, stack(0x000000001f130000,0x000000001f230000)]
  0x000000001ea50800 JavaThread "Finalizer" daemon [_thread_blocked, id=29444, stack(0x000000001ef30000,0x000000001f030000)]
  0x0000000003368800 JavaThread "Reference Handler" daemon [_thread_blocked, id=12468, stack(0x000000001ee30000,0x000000001ef30000)]

Other Threads:
  0x000000001cc59800 VMThread [stack: 0x000000001e930000,0x000000001ea30000] [id=22468]
  0x000000001eb27800 WatcherThread [stack: 0x000000001f830000,0x000000001f930000] [id=17772]

VM state:not at safepoint (normal execution)

VM Mutex/Monitor currently owned by a thread: None

heap address: 0x00000006c3e00000, size: 4034 MB, Compressed Oops mode: Zero based, Oop shift amount: 3
Narrow klass base: 0x0000000000000000, Narrow klass shift: 3
Compressed class space size: 1073741824 Address: 0x00000007c0000000

Heap:
 PSYoungGen      total 75776K, used 5275K [0x000000076bf80000, 0x0000000771400000, 0x00000007c0000000)
  eden space 65024K, 8% used [0x000000076bf80000,0x000000076c4a6d60,0x000000076ff00000)
  from space 10752K, 0% used [0x000000076ff00000,0x000000076ff00000,0x0000000770980000)
  to   space 10752K, 0% used [0x0000000770980000,0x0000000770980000,0x0000000771400000)
 ParOldGen       total 77312K, used 8315K [0x00000006c3e00000, 0x00000006c8980000, 0x000000076bf80000)
  object space 77312K, 10% used [0x00000006c3e00000,0x00000006c461ee58,0x00000006c8980000)
 Metaspace       used 20716K, capacity 21286K, committed 22272K, reserved 1069056K
  class space    used 2763K, capacity 2909K, committed 3072K, reserved 1048576K

Card table byte_map: [0x0000000012730000,0x0000000012f20000] byte_map_base: 0x000000000f111000

Marking Bits: (ParMarkBitMap*) 0x000000007361be30
 Begin Bits: [0x0000000013c70000, 0x0000000017b78000)
 End Bits:   [0x0000000017b78000, 0x000000001ba80000)

Polling page: 0x00000000030a0000

CodeCache: size=245760Kb used=7374Kb max_used=7730Kb free=238385Kb
 bounds [0x0000000003370000, 0x0000000003b10000, 0x0000000012370000]
 total_blobs=3052 nmethods=2494 adapters=470
 compilation: enabled

Compilation events (10 events):
Event: 17.281 Thread 0x000000001ea72000 nmethod 2712 0x00000000036d0810 code [0x00000000036d0a20, 0x00000000036d1508]
Event: 17.281 Thread 0x000000001ea72000 2710       3       java.awt.Container::invalidateParent (18 bytes)
Event: 17.281 Thread 0x000000001ea72000 nmethod 2710 0x000000000358d310 code [0x000000000358d4a0, 0x000000000358d9e8]
Event: 17.282 Thread 0x000000001ea72000 2714       1       java.awt.image.ColorModel::getPixelSize (5 bytes)
Event: 17.282 Thread 0x000000001ea72000 nmethod 2714 0x00000000036143d0 code [0x0000000003614520, 0x0000000003614630]
Event: 17.282 Thread 0x000000001ea72000 2715       1       sun.awt.windows.WObjectPeer::getStateLock (5 bytes)
Event: 17.282 Thread 0x000000001ea72000 nmethod 2715 0x000000000365fc10 code [0x000000000365fd60, 0x000000000365fe70]
Event: 17.283 Thread 0x000000001ea72000 2716  s    3       sun.java2d.loops.GraphicsPrimitiveMgr::locatePrim (96 bytes)
Event: 17.283 Thread 0x000000001ea72000 nmethod 2716 0x00000000035dc6d0 code [0x00000000035dc8c0, 0x00000000035dd608]
Event: 17.285 Thread 0x000000001ea72000 2717   !   3       javax.swing.JComponent::paintComponent (44 bytes)

GC Heap History (8 events):
Event: 3.695 GC heap before
{Heap before GC invocations=1 (full 0):
 PSYoungGen      total 75776K, used 65024K [0x000000076bf80000, 0x0000000771400000, 0x00000007c0000000)
  eden space 65024K, 100% used [0x000000076bf80000,0x000000076ff00000,0x000000076ff00000)
  from space 10752K, 0% used [0x0000000770980000,0x0000000770980000,0x0000000771400000)
  to   space 10752K, 0% used [0x000000076ff00000,0x000000076ff00000,0x0000000770980000)
 ParOldGen       total 173568K, used 0K [0x00000006c3e00000, 0x00000006ce780000, 0x000000076bf80000)
  object space 173568K, 0% used [0x00000006c3e00000,0x00000006c3e00000,0x00000006ce780000)
 Metaspace       used 16650K, capacity 17158K, committed 17280K, reserved 1064960K
  class space    used 2212K, capacity 2349K, committed 2432K, reserved 1048576K
Event: 3.702 GC heap after
Heap after GC invocations=1 (full 0):
 PSYoungGen      total 75776K, used 10747K [0x000000076bf80000, 0x0000000771400000, 0x00000007c0000000)
  eden space 65024K, 0% used [0x000000076bf80000,0x000000076bf80000,0x000000076ff00000)
  from space 10752K, 99% used [0x000000076ff00000,0x000000077097ee80,0x0000000770980000)
  to   space 10752K, 0% used [0x0000000770980000,0x0000000770980000,0x0000000771400000)
 ParOldGen       total 173568K, used 2964K [0x00000006c3e00000, 0x00000006ce780000, 0x000000076bf80000)
  object space 173568K, 1% used [0x00000006c3e00000,0x00000006c40e53b8,0x00000006ce780000)
 Metaspace       used 16650K, capacity 17158K, committed 17280K, reserved 1064960K
  class space    used 2212K, capacity 2349K, committed 2432K, reserved 1048576K
}
Event: 10.112 GC heap before
{Heap before GC invocations=2 (full 0):
 PSYoungGen      total 75776K, used 75771K [0x000000076bf80000, 0x0000000771400000, 0x00000007c0000000)
  eden space 65024K, 100% used [0x000000076bf80000,0x000000076ff00000,0x000000076ff00000)
  from space 10752K, 99% used [0x000000076ff00000,0x000000077097ee80,0x0000000770980000)
  to   space 10752K, 0% used [0x0000000770980000,0x0000000770980000,0x0000000771400000)
 ParOldGen       total 173568K, used 2964K [0x00000006c3e00000, 0x00000006ce780000, 0x000000076bf80000)
  object space 173568K, 1% used [0x00000006c3e00000,0x00000006c40e53b8,0x00000006ce780000)
 Metaspace       used 18696K, capacity 19478K, committed 19584K, reserved 1067008K
  class space    used 2475K, capacity 2671K, committed 2688K, reserved 1048576K
Event: 10.130 GC heap after
Heap after GC invocations=2 (full 0):
 PSYoungGen      total 75776K, used 8456K [0x000000076bf80000, 0x0000000771400000, 0x00000007c0000000)
  eden space 65024K, 0% used [0x000000076bf80000,0x000000076bf80000,0x000000076ff00000)
  from space 10752K, 78% used [0x0000000770980000,0x00000007711c21c0,0x0000000771400000)
  to   space 10752K, 0% used [0x000000076ff00000,0x000000076ff00000,0x0000000770980000)
 ParOldGen       total 173568K, used 2972K [0x00000006c3e00000, 0x00000006ce780000, 0x000000076bf80000)
  object space 173568K, 1% used [0x00000006c3e00000,0x00000006c40e73b8,0x00000006ce780000)
 Metaspace       used 18696K, capacity 19478K, committed 19584K, reserved 1067008K
  class space    used 2475K, capacity 2671K, committed 2688K, reserved 1048576K
}
Event: 16.892 GC heap before
{Heap before GC invocations=3 (full 0):
 PSYoungGen      total 75776K, used 14605K [0x000000076bf80000, 0x0000000771400000, 0x00000007c0000000)
  eden space 65024K, 9% used [0x000000076bf80000,0x000000076c581458,0x000000076ff00000)
  from space 10752K, 78% used [0x0000000770980000,0x00000007711c21c0,0x0000000771400000)
  to   space 10752K, 0% used [0x000000076ff00000,0x000000076ff00000,0x0000000770980000)
 ParOldGen       total 173568K, used 2972K [0x00000006c3e00000, 0x00000006ce780000, 0x000000076bf80000)
  object space 173568K, 1% used [0x00000006c3e00000,0x00000006c40e73b8,0x00000006ce780000)
 Metaspace       used 20372K, capacity 21154K, committed 21296K, reserved 1067008K
  class space    used 2669K, capacity 2865K, committed 2944K, reserved 1048576K
Event: 16.904 GC heap after
Heap after GC invocations=3 (full 0):
 PSYoungGen      total 75776K, used 8142K [0x000000076bf80000, 0x0000000771400000, 0x00000007c0000000)
  eden space 65024K, 0% used [0x000000076bf80000,0x000000076bf80000,0x000000076ff00000)
  from space 10752K, 75% used [0x000000076ff00000,0x00000007706f3a00,0x0000000770980000)
  to   space 10752K, 0% used [0x0000000770980000,0x0000000770980000,0x0000000771400000)
 ParOldGen       total 173568K, used 2980K [0x00000006c3e00000, 0x00000006ce780000, 0x000000076bf80000)
  object space 173568K, 1% used [0x00000006c3e00000,0x00000006c40e93b8,0x00000006ce780000)
 Metaspace       used 20372K, capacity 21154K, committed 21296K, reserved 1067008K
  class space    used 2669K, capacity 2865K, committed 2944K, reserved 1048576K
}
Event: 16.904 GC heap before
{Heap before GC invocations=4 (full 1):
 PSYoungGen      total 75776K, used 8142K [0x000000076bf80000, 0x0000000771400000, 0x00000007c0000000)
  eden space 65024K, 0% used [0x000000076bf80000,0x000000076bf80000,0x000000076ff00000)
  from space 10752K, 75% used [0x000000076ff00000,0x00000007706f3a00,0x0000000770980000)
  to   space 10752K, 0% used [0x0000000770980000,0x0000000770980000,0x0000000771400000)
 ParOldGen       total 173568K, used 2980K [0x00000006c3e00000, 0x00000006ce780000, 0x000000076bf80000)
  object space 173568K, 1% used [0x00000006c3e00000,0x00000006c40e93b8,0x00000006ce780000)
 Metaspace       used 20372K, capacity 21154K, committed 21296K, reserved 1067008K
  class space    used 2669K, capacity 2865K, committed 2944K, reserved 1048576K
Event: 16.992 GC heap after
Heap after GC invocations=4 (full 1):
 PSYoungGen      total 75776K, used 0K [0x000000076bf80000, 0x0000000771400000, 0x00000007c0000000)
  eden space 65024K, 0% used [0x000000076bf80000,0x000000076bf80000,0x000000076ff00000)
  from space 10752K, 0% used [0x000000076ff00000,0x000000076ff00000,0x0000000770980000)
  to   space 10752K, 0% used [0x0000000770980000,0x0000000770980000,0x0000000771400000)
 ParOldGen       total 77312K, used 8315K [0x00000006c3e00000, 0x00000006c8980000, 0x000000076bf80000)
  object space 77312K, 10% used [0x00000006c3e00000,0x00000006c461ee58,0x00000006c8980000)
 Metaspace       used 19896K, capacity 20392K, committed 21296K, reserved 1067008K
  class space    used 2598K, capacity 2738K, committed 2944K, reserved 1048576K
}

Deoptimization events (10 events):
Event: 13.882 Thread 0x000000001fb01000 Uncommon trap: reason=unstable_if action=reinterpret pc=0x000000000394c384 method=java.lang.Long.valueOf(J)Ljava/lang/Long; @ 5
Event: 16.669 Thread 0x000000001ec33000 Uncommon trap: reason=unstable_if action=reinterpret pc=0x000000000392e3e8 method=java.lang.Class.argumentTypesToString([Ljava/lang/Class;)Ljava/lang/String; @ 28
Event: 16.679 Thread 0x000000001ec33000 Uncommon trap: reason=unstable_if action=reinterpret pc=0x00000000035849b8 method=java.util.HashMap.getNode(ILjava/lang/Object;)Ljava/util/HashMap$Node; @ 84
Event: 16.679 Thread 0x000000001ec33000 Uncommon trap: reason=unstable_if action=reinterpret pc=0x00000000035bd4c0 method=java.util.HashMap.getNode(ILjava/lang/Object;)Ljava/util/HashMap$Node; @ 84
Event: 16.699 Thread 0x000000001ec34800 Uncommon trap: reason=unstable_if action=reinterpret pc=0x0000000003a89d60 method=sun.awt.image.GifImageDecoder.sendPixels(IIII[BLjava/awt/image/ColorModel;)I @ 136
Event: 16.729 Thread 0x000000001ec33000 Uncommon trap: reason=unstable_if action=reinterpret pc=0x000000000365e938 method=sun.misc.MetaIndex.mayContain(Ljava/lang/String;)Z @ 38
Event: 16.756 Thread 0x000000001ec33000 Uncommon trap: reason=unstable_if action=reinterpret pc=0x000000000362ba14 method=sun.misc.MetaIndex.mayContain(Ljava/lang/String;)Z @ 38
Event: 17.014 Thread 0x000000001ec33000 Uncommon trap: reason=unstable_if action=reinterpret pc=0x0000000003903364 method=java.lang.Class.argumentTypesToString([Ljava/lang/Class;)Ljava/lang/String; @ 28
Event: 17.167 Thread 0x000000001ec33000 Uncommon trap: reason=unstable_if action=reinterpret pc=0x0000000003a55a4c method=java.util.HashMap.putVal(ILjava/lang/Object;Ljava/lang/Object;ZZ)Ljava/lang/Object; @ 109
Event: 17.167 Thread 0x000000001ec33000 Uncommon trap: reason=unstable_if action=reinterpret pc=0x0000000003a530d0 method=java.util.HashMap.putVal(ILjava/lang/Object;Ljava/lang/Object;ZZ)Ljava/lang/Object; @ 109

Classes redefined (0 events):
No events

Internal exceptions (10 events):
Event: 0.298 Thread 0x0000000000ffd800 Exception <a 'java/lang/ClassNotFoundException': javax/swing/JToolBarSeparator> (0x000000076c4eed40) thrown at [C:\ade\jenkins\workspace\8-2-build-windows-amd64-cygwin\jdk8u241\331\hotspot\src\share\vm\classfile\systemDictionary.cpp, line 210]
Event: 0.298 Thread 0x0000000000ffd800 Exception <a 'java/lang/ClassNotFoundException': ToolBarSeparator> (0x000000076c4ef1d8) thrown at [C:\ade\jenkins\workspace\8-2-build-windows-amd64-cygwin\jdk8u241\331\hotspot\src\share\vm\classfile\systemDictionary.cpp, line 210]
Event: 0.298 Thread 0x0000000000ffd800 Exception <a 'java/lang/ClassNotFoundException': ToolTip> (0x000000076c4ef918) thrown at [C:\ade\jenkins\workspace\8-2-build-windows-amd64-cygwin\jdk8u241\331\hotspot\src\share\vm\classfile\systemDictionary.cpp, line 210]
Event: 0.299 Thread 0x0000000000ffd800 Exception <a 'java/lang/ClassNotFoundException': Tree> (0x000000076c4f0538) thrown at [C:\ade\jenkins\workspace\8-2-build-windows-amd64-cygwin\jdk8u241\331\hotspot\src\share\vm\classfile\systemDictionary.cpp, line 210]
Event: 0.299 Thread 0x0000000000ffd800 Exception <a 'java/lang/ClassNotFoundException': Tree> (0x000000076c4f0c78) thrown at [C:\ade\jenkins\workspace\8-2-build-windows-amd64-cygwin\jdk8u241\331\hotspot\src\share\vm\classfile\systemDictionary.cpp, line 210]
Event: 0.299 Thread 0x0000000000ffd800 Exception <a 'java/lang/ClassNotFoundException': javax/swing/JTreeCell> (0x000000076c4f0ff8) thrown at [C:\ade\jenkins\workspace\8-2-build-windows-amd64-cygwin\jdk8u241\331\hotspot\src\share\vm\classfile\systemDictionary.cpp, line 210]
Event: 0.300 Thread 0x0000000000ffd800 Exception <a 'java/lang/ClassNotFoundException': TreeCell> (0x000000076c4f1480) thrown at [C:\ade\jenkins\workspace\8-2-build-windows-amd64-cygwin\jdk8u241\331\hotspot\src\share\vm\classfile\systemDictionary.cpp, line 210]
Event: 0.300 Thread 0x0000000000ffd800 Exception <a 'java/lang/ClassNotFoundException': RootPane> (0x000000076c4f1ee0) thrown at [C:\ade\jenkins\workspace\8-2-build-windows-amd64-cygwin\jdk8u241\331\hotspot\src\share\vm\classfile\systemDictionary.cpp, line 210]
Event: 3.881 Thread 0x000000001fb76800 Exception <a 'java/lang/InterruptedException': sleep interrupted> (0x000000076d2b21c8) thrown at [C:\ade\jenkins\workspace\8-2-build-windows-amd64-cygwin\jdk8u241\331\hotspot\src\share\vm\prims\jvm.cpp, line 3288]
Event: 7.262 Thread 0x000000001fb76800 Exception <a 'java/lang/InterruptedException': sleep interrupted> (0x000000076d2c1880) thrown at [C:\ade\jenkins\workspace\8-2-build-windows-amd64-cygwin\jdk8u241\331\hotspot\src\share\vm\prims\jvm.cpp, line 3288]

Events (10 events):
Event: 17.285 Executing VM operation: RevokeBias
Event: 17.285 Executing VM operation: RevokeBias done
Event: 17.285 Executing VM operation: RevokeBias
Event: 17.285 Executing VM operation: RevokeBias done
Event: 17.285 Executing VM operation: RevokeBias
Event: 17.285 Executing VM operation: RevokeBias done
Event: 17.285 Executing VM operation: RevokeBias
Event: 17.285 Executing VM operation: RevokeBias done
Event: 17.285 Executing VM operation: RevokeBias
Event: 17.285 Executing VM operation: RevokeBias done


Dynamic libraries:
0x00007ff7c3250000 - 0x00007ff7c3287000 	C:\Program Files\Java\jdk1.8.0_241\bin\java.exe
0x00007ffc4c300000 - 0x00007ffc4c4f0000 	C:\Windows\SYSTEM32\ntdll.dll
0x00007ffc4adf0000 - 0x00007ffc4aea2000 	C:\Windows\System32\KERNEL32.DLL
0x00007ffc496f0000 - 0x00007ffc49993000 	C:\Windows\System32\KERNELBASE.dll
0x00007ffc4a3b0000 - 0x00007ffc4a453000 	C:\Windows\System32\ADVAPI32.dll
0x00007ffc4bc20000 - 0x00007ffc4bcbe000 	C:\Windows\System32\msvcrt.dll
0x00007ffc4a460000 - 0x00007ffc4a4f7000 	C:\Windows\System32\sechost.dll
0x00007ffc4b870000 - 0x00007ffc4b990000 	C:\Windows\System32\RPCRT4.dll
0x00007ffc4ba00000 - 0x00007ffc4bb94000 	C:\Windows\System32\USER32.dll
0x00007ffc4a380000 - 0x00007ffc4a3a1000 	C:\Windows\System32\win32u.dll
0x00007ffc4bf00000 - 0x00007ffc4bf26000 	C:\Windows\System32\GDI32.dll
0x00007ffc49450000 - 0x00007ffc495e4000 	C:\Windows\System32\gdi32full.dll
0x00007ffc4a150000 - 0x00007ffc4a1ee000 	C:\Windows\System32\msvcp_win.dll
0x00007ffc495f0000 - 0x00007ffc496ea000 	C:\Windows\System32\ucrtbase.dll
0x00007ffc339a0000 - 0x00007ffc33c25000 	C:\Windows\WinSxS\amd64_microsoft.windows.common-controls_6595b64144ccf1df_6.0.18362.778_none_e6c6b761130d4fb8\COMCTL32.dll
0x00007ffc4a500000 - 0x00007ffc4a836000 	C:\Windows\System32\combase.dll
0x00007ffc4a300000 - 0x00007ffc4a380000 	C:\Windows\System32\bcryptPrimitives.dll
0x00007ffc4bed0000 - 0x00007ffc4befe000 	C:\Windows\System32\IMM32.DLL
0x0000000072d10000 - 0x0000000072de2000 	C:\Program Files\Java\jdk1.8.0_241\jre\bin\msvcr100.dll
0x0000000072df0000 - 0x000000007369c000 	C:\Program Files\Java\jdk1.8.0_241\jre\bin\server\jvm.dll
0x00007ffc4c290000 - 0x00007ffc4c298000 	C:\Windows\System32\PSAPI.DLL
0x00007ffc3f700000 - 0x00007ffc3f70a000 	C:\Windows\SYSTEM32\VERSION.dll
0x00007ffc3cbb0000 - 0x00007ffc3cbd4000 	C:\Windows\SYSTEM32\WINMM.dll
0x00007ffc3cb80000 - 0x00007ffc3cbad000 	C:\Windows\SYSTEM32\winmmbase.dll
0x00007ffc49290000 - 0x00007ffc492da000 	C:\Windows\System32\cfgmgr32.dll
0x00007ffc21d00000 - 0x00007ffc21d09000 	C:\Windows\SYSTEM32\WSOCK32.dll
0x00007ffc4c110000 - 0x00007ffc4c17f000 	C:\Windows\System32\WS2_32.dll
0x00007ffc21cf0000 - 0x00007ffc21cff000 	C:\Program Files\Java\jdk1.8.0_241\jre\bin\verify.dll
0x00007ffc13e30000 - 0x00007ffc13e59000 	C:\Program Files\Java\jdk1.8.0_241\jre\bin\java.dll
0x00007ffc1fe90000 - 0x00007ffc1fea6000 	C:\Program Files\Java\jdk1.8.0_241\jre\bin\zip.dll
0x00007ffc4af70000 - 0x00007ffc4b655000 	C:\Windows\System32\SHELL32.dll
0x00007ffc4c1e0000 - 0x00007ffc4c289000 	C:\Windows\System32\shcore.dll
0x00007ffc499a0000 - 0x00007ffc4a120000 	C:\Windows\System32\windows.storage.dll
0x00007ffc49210000 - 0x00007ffc49233000 	C:\Windows\System32\profapi.dll
0x00007ffc49240000 - 0x00007ffc4928a000 	C:\Windows\System32\powrprof.dll
0x00007ffc491c0000 - 0x00007ffc491d0000 	C:\Windows\System32\UMPDC.dll
0x00007ffc4b9a0000 - 0x00007ffc4b9f2000 	C:\Windows\System32\shlwapi.dll
0x00007ffc491d0000 - 0x00007ffc491e1000 	C:\Windows\System32\kernel.appcore.dll
0x00007ffc492e0000 - 0x00007ffc492f7000 	C:\Windows\System32\cryptsp.dll
0x00007ffbd3f40000 - 0x00007ffbd40da000 	C:\Program Files\Java\jdk1.8.0_241\jre\bin\awt.dll
0x00007ffc4be00000 - 0x00007ffc4bec4000 	C:\Windows\System32\OLEAUT32.dll
0x00007ffc46ee0000 - 0x00007ffc46f6f000 	C:\Windows\SYSTEM32\apphelp.dll
0x00007ffc470a0000 - 0x00007ffc47139000 	C:\Windows\system32\uxtheme.dll
0x00007ffc4a840000 - 0x00007ffc4a976000 	C:\Windows\System32\MSCTF.dll
0x00007ffc4bf30000 - 0x00007ffc4c087000 	C:\Windows\System32\ole32.dll
0x00007ffc47410000 - 0x00007ffc4743d000 	C:\Windows\system32\DWMAPI.DLL
0x00007ffbd9330000 - 0x00007ffbd9379000 	C:\Program Files\Java\jdk1.8.0_241\jre\bin\fontmanager.dll
0x00007ffc0eff0000 - 0x00007ffc0f146000 	C:\Windows\system32\opengl32.dll
0x00007ffc0f6e0000 - 0x00007ffc0f70c000 	C:\Windows\SYSTEM32\GLU32.dll
0x00007ffc47e30000 - 0x00007ffc47e50000 	C:\Windows\SYSTEM32\dxcore.dll
0x00007ffc18290000 - 0x00007ffc182aa000 	C:\Program Files\Java\jdk1.8.0_241\jre\bin\net.dll
0x00007ffc48a30000 - 0x00007ffc48a97000 	C:\Windows\system32\mswsock.dll
0x00007ffc0fc40000 - 0x00007ffc0fc52000 	C:\Program Files\Java\jdk1.8.0_241\jre\bin\nio.dll
0x00007ffbd5390000 - 0x00007ffbd53d2000 	C:\Program Files\Java\jdk1.8.0_241\jre\bin\t2k.dll
0x00007ffc2a4b0000 - 0x00007ffc2a54e000 	C:\Windows\System32\TextInputFramework.dll
0x00007ffc46dd0000 - 0x00007ffc46ea4000 	C:\Windows\System32\CoreMessaging.dll
0x00007ffc29e50000 - 0x00007ffc2a17a000 	C:\Windows\System32\CoreUIComponents.dll
0x00007ffc45000000 - 0x00007ffc45153000 	C:\Windows\SYSTEM32\wintypes.dll
0x00007ffc48220000 - 0x00007ffc48251000 	C:\Windows\SYSTEM32\ntmarta.dll
0x00007ffc35850000 - 0x00007ffc358b5000 	C:\Windows\system32\Oleacc.dll
0x00007ffc3a750000 - 0x00007ffc3a9f6000 	C:\Windows\System32\iertutil.dll
0x00007ffc29de0000 - 0x00007ffc29e45000 	C:\Windows\system32\Ninput.dll
0x00007ffc4aec0000 - 0x00007ffc4af62000 	C:\Windows\System32\clbcatq.dll
0x00007ffc28640000 - 0x00007ffc287ef000 	C:\Windows\SYSTEM32\WindowsCodecs.dll
0x00007ffc0de50000 - 0x00007ffc0de8a000 	C:\Windows\system32\dataexchange.dll
0x00007ffc46780000 - 0x00007ffc4695c000 	C:\Windows\system32\dcomp.dll
0x00007ffc46520000 - 0x00007ffc4677b000 	C:\Windows\system32\d3d11.dll
0x00007ffc47ec0000 - 0x00007ffc47fab000 	C:\Windows\system32\dxgi.dll
0x00007ffc47190000 - 0x00007ffc473ea000 	C:\Windows\system32\twinapi.appcore.dll
0x00007ffc476a0000 - 0x00007ffc476c9000 	C:\Windows\system32\RMCLIENT.dll
0x00007ffc47a70000 - 0x00007ffc47c64000 	C:\Windows\SYSTEM32\dbghelp.dll

VM Arguments:
jvm_args: -Dfile.encoding=UTF-8 
java_command: UI_Pages.HomePages.Home
java_class_path (initial): C:\Users\rohit\OneDrive\Desktop\AED_Project\project_jars\db4o-8.0.184.15484-all-java5.jar;C:\Users\rohit\OneDrive\Desktop\23\AED_AAA_Group\ENCP_Project_AED 5\jcalendar-1.4.jar;C:\Users\rohit\OneDrive\Desktop\AED_Project\project_jars\AbsoluteLayout.jar;C:\Users\rohit\OneDrive\Desktop\23\AED_AAA_Group\ENCP_Project_AED 5\build\classes
Launcher Type: SUN_STANDARD

Environment Variables:
JAVA_HOME=C:\Program Files\Java\jdk1.8.0_241
PATH=C:\Program Files (x86)\Common Files\Oracle\Java\javapath;C:\Windows\system32;C:\Windows;C:\Windows\System32\Wbem;C:\Windows\System32\WindowsPowerShell\v1.0\;C:\Windows\System32\OpenSSH\;C:\Program Files\Java\jdk1.8.0_241\bin;C:\Program Files\Git\cmd;C:\Program Files\Git\mingw64\bin;C:\Program Files\Git\usr\bin;C:\ffmpeg\bin;C:\Program Files\SourceGear\Common\DiffMerge\;C:\Users\rohit\AppData\Local\Microsoft\WindowsApps;C:\Users\rohit\AppData\Local\GitHubDesktop\bin;C:\Program Files\Java\jdk1.8.0_241;
USERNAME=rohit
OS=Windows_NT
PROCESSOR_IDENTIFIER=Intel64 Family 6 Model 142 Stepping 12, GenuineIntel



---------------  S Y S T E M  ---------------

OS: Windows 10.0 , 64 bit Build 18362 (10.0.18362.778)

CPU:total 8 (initial active 8) (4 cores per cpu, 2 threads per core) family 6 model 142 stepping 12, cmov, cx8, fxsr, mmx, sse, sse2, sse3, ssse3, sse4.1, sse4.2, popcnt, avx, avx2, aes, clmul, erms, 3dnowpref, lzcnt, ht, tsc, tscinvbit, bmi1, bmi2, adx

Memory: 4k page, physical 16522324k(6789740k free), swap 40639572k(22369820k free)

vm_info: Java HotSpot(TM) 64-Bit Server VM (25.241-b07) for windows-amd64 JRE (1.8.0_241-b07), built on Dec 11 2019 10:21:40 by "rejava" with MS VC++ 10.0 (VS2010)

time: Thu Apr 23 14:26:08 2020
timezone: Eastern Daylight Time
elapsed time: 17 seconds (0d 0h 0m 17s)

