#
# A fatal error has been detected by the Java Runtime Environment:
#
#  EXCEPTION_ACCESS_VIOLATION (0xc0000005) at pc=0x00007ffbd3fac0fc, pid=26784, tid=0x00000000000070f4
#
# JRE version: Java(TM) SE Runtime Environment (8.0_241-b07) (build 1.8.0_241-b07)
# Java VM: Java HotSpot(TM) 64-Bit Server VM (25.241-b07 mixed mode windows-amd64 compressed oops)
# Problematic frame:
# C  [awt.dll+0x6c0fc]
#
# Failed to write core dump. Minidumps are not enabled by default on client versions of Windows
#
# If you would like to submit a bug report, please visit:
#   http://bugreport.java.com/bugreport/crash.jsp
# The crash happened outside the Java Virtual Machine in native code.
# See problematic frame for where to report the bug.
#

---------------  T H R E A D  ---------------

Current thread (0x000000001ed11000):  JavaThread "AWT-EventQueue-0" [_thread_in_native, id=28916, stack(0x0000000020150000,0x0000000020250000)]

siginfo: ExceptionCode=0xc0000005, reading address 0x000000002213f860

Registers:
RAX=0x000000002213f840, RBX=0x000000001ed111f8, RCX=0x000000001ed111f8, RDX=0x000000002024b660
RSP=0x000000002024b250, RBP=0x000000002024b301, RSI=0x000000002024b660, RDI=0x000000002213f840
R8 =0x0000000000000042, R9 =0x000000076d14fa88, R10=0x00000000000000a0, R11=0x000000007360da60
R12=0x000000002024b660, R13=0x000000002024b648, R14=0x0000000000000000, R15=0x0000000000000000
RIP=0x00007ffbd3fac0fc, EFLAGS=0x0000000000010202

Top of Stack: (sp=0x000000002024b250)
0x000000002024b250:   000000002024b410 0000000073027c76
0x000000002024b260:   000000002024b370 000000000279be44
0x000000002024b270:   000000001ed111f8 00007ffbd3f91d8a
0x000000002024b280:   00007ffbd4087ac8 000000002024b380
0x000000002024b290:   000000002024b650 000000002024b2b0
0x000000002024b2a0:   000000002024b2f8 000000000259835d
0x000000002024b2b0:   000000076d942988 000000002024b2b8
0x000000002024b2c0:   0000002856c33209 000000076ff08b20
0x000000002024b2d0:   0000000020466738 000000076d942988
0x000000002024b2e0:   000000002024b658 00000007700a26d8
0x000000002024b2f0:   0000000000000000 000000076ff09780
0x000000002024b300:   000000001ed111f8 00000000025980e0
0x000000002024b310:   00007ffbd4087ac8 00000007700a25f0
0x000000002024b320:   0000000000000000 0000000000000000
0x000000002024b330:   000000002024b320 0000000020438a57
0x000000002024b340:   000000002024b3c0 00000000204391c8 

Instructions: (pc=0x00007ffbd3fac0fc)
0x00007ffbd3fac0dc:   00 4c 8d 05 44 4d 09 00 ff 50 70 eb 24 48 8d 15
0x00007ffbd3fac0ec:   20 4d 09 00 e8 47 34 07 00 eb 16 40 84 ed 74 11
0x00007ffbd3fac0fc:   48 8b 40 20 48 85 c0 74 08 48 8b d7 48 8b cb ff
0x00007ffbd3fac10c:   d0 48 8b c7 48 8b 5c 24 30 48 8b 6c 24 38 48 8b 


Register to memory mapping:

RAX=0x000000002213f840 is an unknown value
RBX=0x000000001ed111f8 is an unknown value
RCX=0x000000001ed111f8 is an unknown value
RDX=0x000000002024b660 is pointing into the stack for thread: 0x000000001ed11000
RSP=0x000000002024b250 is pointing into the stack for thread: 0x000000001ed11000
RBP=0x000000002024b301 is pointing into the stack for thread: 0x000000001ed11000
RSI=0x000000002024b660 is pointing into the stack for thread: 0x000000001ed11000
RDI=0x000000002213f840 is an unknown value
R8 =0x0000000000000042 is an unknown value
R9 =0x000000076d14fa88 is an oop
sun.awt.image.BufImgSurfaceData 
 - klass: 'sun/awt/image/BufImgSurfaceData'
R10=0x00000000000000a0 is an unknown value
R11=0x000000007360da60 is an unknown value
R12=0x000000002024b660 is pointing into the stack for thread: 0x000000001ed11000
R13=0x000000002024b648 is pointing into the stack for thread: 0x000000001ed11000
R14=0x0000000000000000 is an unknown value
R15=0x0000000000000000 is an unknown value


Stack: [0x0000000020150000,0x0000000020250000],  sp=0x000000002024b250,  free space=1004k
Native frames: (J=compiled Java code, j=interpreted, Vv=VM code, C=native code)
C  [awt.dll+0x6c0fc]
C  [awt.dll+0x51d8a]
C  0x00000000025a8c67

Java frames: (J=compiled Java code, j=interpreted, Vv=VM code)
j  sun.java2d.loops.MaskBlit.MaskBlit(Lsun/java2d/SurfaceData;Lsun/java2d/SurfaceData;Ljava/awt/Composite;Lsun/java2d/pipe/Region;IIIIII[BII)V+0
j  sun.java2d.loops.Blit$GeneralMaskBlit.Blit(Lsun/java2d/SurfaceData;Lsun/java2d/SurfaceData;Ljava/awt/Composite;Lsun/java2d/pipe/Region;IIIIII)V+24
j  sun.java2d.pipe.DrawImage.blitSurfaceData(Lsun/java2d/SunGraphics2D;Lsun/java2d/pipe/Region;Lsun/java2d/SurfaceData;Lsun/java2d/SurfaceData;Lsun/java2d/loops/SurfaceType;Lsun/java2d/loops/SurfaceType;IIIIIILjava/awt/Color;)V+97
j  sun.java2d.pipe.DrawImage.renderImageCopy(Lsun/java2d/SunGraphics2D;Ljava/awt/Image;Ljava/awt/Color;IIIIII)Z+75
j  sun.java2d.pipe.DrawImage.copyImage(Lsun/java2d/SunGraphics2D;Ljava/awt/Image;IILjava/awt/Color;)Z+45
j  sun.java2d.pipe.DrawImage.copyImage(Lsun/java2d/SunGraphics2D;Ljava/awt/Image;IILjava/awt/Color;Ljava/awt/image/ImageObserver;)Z+15
j  sun.java2d.SunGraphics2D.drawImage(Ljava/awt/Image;IILjava/awt/Color;Ljava/awt/image/ImageObserver;)Z+66
j  sun.awt.image.ImageRepresentation.drawToBufImage(Ljava/awt/Graphics;Lsun/awt/image/ToolkitImage;IILjava/awt/Color;Ljava/awt/image/ImageObserver;)Z+152
j  sun.java2d.pipe.DrawImage.copyImage(Lsun/java2d/SunGraphics2D;Ljava/awt/Image;IILjava/awt/Color;Ljava/awt/image/ImageObserver;)Z+56
j  sun.java2d.pipe.ValidatePipe.copyImage(Lsun/java2d/SunGraphics2D;Ljava/awt/Image;IILjava/awt/Color;Ljava/awt/image/ImageObserver;)Z+21
j  sun.java2d.SunGraphics2D.drawImage(Ljava/awt/Image;IILjava/awt/Color;Ljava/awt/image/ImageObserver;)Z+66
j  sun.java2d.SunGraphics2D.drawImage(Ljava/awt/Image;IILjava/awt/image/ImageObserver;)Z+7
j  javax.swing.ImageIcon.paintIcon(Ljava/awt/Component;Ljava/awt/Graphics;II)V+16
j  sun.swing.plaf.synth.SynthIcon.paintIcon(Ljavax/swing/Icon;Ljavax/swing/plaf/synth/SynthContext;Ljava/awt/Graphics;IIII)V+39
j  javax.swing.plaf.synth.SynthGraphicsUtils.paintText(Ljavax/swing/plaf/synth/SynthContext;Ljava/awt/Graphics;Ljava/lang/String;Ljavax/swing/Icon;IIIIIII)V+327
j  javax.swing.plaf.synth.SynthLabelUI.paint(Ljavax/swing/plaf/synth/SynthContext;Ljava/awt/Graphics;)V+96
j  javax.swing.plaf.synth.SynthLabelUI.update(Ljava/awt/Graphics;Ljavax/swing/JComponent;)V+33
j  javax.swing.JComponent.paintComponent(Ljava/awt/Graphics;)V+26
j  javax.swing.JComponent.paint(Ljava/awt/Graphics;)V+286
j  javax.swing.JComponent.paintChildren(Ljava/awt/Graphics;)V+501
j  javax.swing.JComponent.paint(Ljava/awt/Graphics;)V+318
j  javax.swing.JComponent.paintChildren(Ljava/awt/Graphics;)V+501
j  javax.swing.JSplitPane.paintChildren(Ljava/awt/Graphics;)V+2
j  javax.swing.JComponent.paint(Ljava/awt/Graphics;)V+318
j  javax.swing.JComponent.paintChildren(Ljava/awt/Graphics;)V+501
j  javax.swing.JComponent.paint(Ljava/awt/Graphics;)V+318
j  javax.swing.JComponent.paintChildren(Ljava/awt/Graphics;)V+501
j  javax.swing.JComponent.paint(Ljava/awt/Graphics;)V+318
j  javax.swing.JLayeredPane.paint(Ljava/awt/Graphics;)V+73
j  javax.swing.JComponent.paintChildren(Ljava/awt/Graphics;)V+501
j  javax.swing.JComponent.paintToOffscreen(Ljava/awt/Graphics;IIIIII)V+72
j  javax.swing.RepaintManager$PaintManager.paintDoubleBuffered(Ljavax/swing/JComponent;Ljava/awt/Image;Ljava/awt/Graphics;IIII)V+163
j  javax.swing.RepaintManager$PaintManager.paint(Ljavax/swing/JComponent;Ljavax/swing/JComponent;Ljava/awt/Graphics;IIII)Z+116
j  javax.swing.RepaintManager.paint(Ljavax/swing/JComponent;Ljavax/swing/JComponent;Ljava/awt/Graphics;IIII)V+51
j  javax.swing.JComponent.paint(Ljava/awt/Graphics;)V+221
j  java.awt.GraphicsCallback$PaintCallback.run(Ljava/awt/Component;Ljava/awt/Graphics;)V+2
j  sun.awt.SunGraphicsCallback.runOneComponent(Ljava/awt/Component;Ljava/awt/Rectangle;Ljava/awt/Graphics;Ljava/awt/Shape;I)V+155
j  sun.awt.SunGraphicsCallback.runComponents([Ljava/awt/Component;Ljava/awt/Graphics;I)V+194
j  java.awt.Container.paint(Ljava/awt/Graphics;)V+58
j  java.awt.Window.paint(Ljava/awt/Graphics;)V+68
j  javax.swing.RepaintManager$4.run()Ljava/lang/Void;+142
j  javax.swing.RepaintManager$4.run()Ljava/lang/Object;+1
v  ~StubRoutines::call_stub
J 400  java.security.AccessController.doPrivileged(Ljava/security/PrivilegedAction;Ljava/security/AccessControlContext;)Ljava/lang/Object; (0 bytes) @ 0x0000000002780826 [0x00000000027807c0+0x66]
J 1884 C1 java.security.ProtectionDomain$JavaSecurityAccessImpl.doIntersectionPrivilege(Ljava/security/PrivilegedAction;Ljava/security/AccessControlContext;Ljava/security/AccessControlContext;)Ljava/lang/Object; (22 bytes) @ 0x0000000002b0e3bc [0x0000000002b0df40+0x47c]
j  javax.swing.RepaintManager.paintDirtyRegions(Ljava/util/Map;)V+154
j  javax.swing.RepaintManager.paintDirtyRegions()V+46
j  javax.swing.RepaintManager.prePaintDirtyRegions()V+73
j  javax.swing.RepaintManager.access$1200(Ljavax/swing/RepaintManager;)V+1
j  javax.swing.RepaintManager$ProcessingRunnable.run()V+37
j  java.awt.event.InvocationEvent.dispatch()V+47
J 2117 C1 java.awt.EventQueue.dispatchEventImpl(Ljava/awt/AWTEvent;Ljava/lang/Object;)V (149 bytes) @ 0x0000000002b85104 [0x0000000002b83600+0x1b04]
J 2115 C1 java.awt.EventQueue$3.run()Ljava/lang/Void; (60 bytes) @ 0x0000000002b829dc [0x0000000002b827c0+0x21c]
J 2114 C1 java.awt.EventQueue$3.run()Ljava/lang/Object; (5 bytes) @ 0x0000000002b8244c [0x0000000002b823c0+0x8c]
v  ~StubRoutines::call_stub
J 400  java.security.AccessController.doPrivileged(Ljava/security/PrivilegedAction;Ljava/security/AccessControlContext;)Ljava/lang/Object; (0 bytes) @ 0x0000000002780826 [0x00000000027807c0+0x66]
J 2070 C1 java.awt.EventQueue.dispatchEvent(Ljava/awt/AWTEvent;)V (80 bytes) @ 0x0000000002b65dac [0x0000000002b65400+0x9ac]
J 2078 C1 java.awt.EventDispatchThread.pumpOneEventForFilters(I)V (190 bytes) @ 0x0000000002b6b69c [0x0000000002b6a540+0x115c]
j  java.awt.EventDispatchThread.pumpEventsForFilter(ILjava/awt/Conditional;Ljava/awt/EventFilter;)V+35
j  java.awt.EventDispatchThread.pumpEventsForHierarchy(ILjava/awt/Conditional;Ljava/awt/Component;)V+11
j  java.awt.EventDispatchThread.pumpEvents(ILjava/awt/Conditional;)V+4
j  java.awt.EventDispatchThread.pumpEvents(Ljava/awt/Conditional;)V+3
j  java.awt.EventDispatchThread.run()V+9
v  ~StubRoutines::call_stub

---------------  P R O C E S S  ---------------

Java Threads: ( => current thread )
  0x000000001efe6000 JavaThread "Image Fetcher 0" daemon [_thread_blocked, id=26820, stack(0x00000000230c0000,0x00000000231c0000)]
  0x000000001efe7800 JavaThread "Timer-0" [_thread_blocked, id=25900, stack(0x0000000022dc0000,0x0000000022ec0000)]
  0x000000001efe5800 JavaThread "TimerQueue" daemon [_thread_blocked, id=22984, stack(0x0000000021690000,0x0000000021790000)]
  0x000000001ed89800 JavaThread "Image Animator 3" daemon [_thread_blocked, id=17000, stack(0x0000000020250000,0x0000000020350000)]
  0x000000000235d800 JavaThread "DestroyJavaVM" [_thread_blocked, id=27092, stack(0x0000000002390000,0x0000000002490000)]
=>0x000000001ed11000 JavaThread "AWT-EventQueue-0" [_thread_in_native, id=28916, stack(0x0000000020150000,0x0000000020250000)]
  0x000000001ecbc800 JavaThread "AWT-Windows" daemon [_thread_in_native, id=3324, stack(0x000000001f680000,0x000000001f780000)]
  0x000000001ecb4800 JavaThread "AWT-Shutdown" [_thread_blocked, id=25616, stack(0x000000001f580000,0x000000001f680000)]
  0x000000001ed0e000 JavaThread "Java2D Disposer" daemon [_thread_blocked, id=23164, stack(0x000000001f480000,0x000000001f580000)]
  0x000000001dc91800 JavaThread "Service Thread" daemon [_thread_blocked, id=28216, stack(0x000000001e940000,0x000000001ea40000)]
  0x000000001dc7c800 JavaThread "C1 CompilerThread3" daemon [_thread_blocked, id=23580, stack(0x000000001e840000,0x000000001e940000)]
  0x000000001be8e800 JavaThread "C2 CompilerThread2" daemon [_thread_blocked, id=24176, stack(0x000000001e740000,0x000000001e840000)]
  0x000000001be8d800 JavaThread "C2 CompilerThread1" daemon [_thread_blocked, id=17752, stack(0x000000001e640000,0x000000001e740000)]
  0x000000001be8b000 JavaThread "C2 CompilerThread0" daemon [_thread_blocked, id=23064, stack(0x000000001e540000,0x000000001e640000)]
  0x000000001dc75800 JavaThread "Attach Listener" daemon [_thread_blocked, id=20636, stack(0x000000001e440000,0x000000001e540000)]
  0x000000001dc74800 JavaThread "Signal Dispatcher" daemon [_thread_blocked, id=4064, stack(0x000000001e340000,0x000000001e440000)]
  0x000000000258e800 JavaThread "Finalizer" daemon [_thread_blocked, id=232, stack(0x000000001e140000,0x000000001e240000)]
  0x0000000002587800 JavaThread "Reference Handler" daemon [_thread_blocked, id=20744, stack(0x000000001e040000,0x000000001e140000)]

Other Threads:
  0x000000001be79800 VMThread [stack: 0x000000001db40000,0x000000001dc40000] [id=21608]
  0x000000001dd34000 WatcherThread [stack: 0x000000001ea40000,0x000000001eb40000] [id=29184]

VM state:not at safepoint (normal execution)

VM Mutex/Monitor currently owned by a thread: None

heap address: 0x00000006c3e00000, size: 4034 MB, Compressed Oops mode: Zero based, Oop shift amount: 3
Narrow klass base: 0x0000000000000000, Narrow klass shift: 3
Compressed class space size: 1073741824 Address: 0x00000007c0000000

Heap:
 PSYoungGen      total 75776K, used 41281K [0x000000076bf80000, 0x0000000771400000, 0x00000007c0000000)
  eden space 65024K, 46% used [0x000000076bf80000,0x000000076dd531a0,0x000000076ff00000)
  from space 10752K, 99% used [0x000000076ff00000,0x000000077097d3c0,0x0000000770980000)
  to   space 10752K, 0% used [0x0000000770980000,0x0000000770980000,0x0000000771400000)
 ParOldGen       total 173568K, used 2956K [0x00000006c3e00000, 0x00000006ce780000, 0x000000076bf80000)
  object space 173568K, 1% used [0x00000006c3e00000,0x00000006c40e3018,0x00000006ce780000)
 Metaspace       used 20509K, capacity 21030K, committed 21120K, reserved 1067008K
  class space    used 2764K, capacity 2909K, committed 2944K, reserved 1048576K

Card table byte_map: [0x0000000011950000,0x0000000012140000] byte_map_base: 0x000000000e331000

Marking Bits: (ParMarkBitMap*) 0x000000007361be30
 Begin Bits: [0x0000000012e90000, 0x0000000016d98000)
 End Bits:   [0x0000000016d98000, 0x000000001aca0000)

Polling page: 0x00000000005b0000

CodeCache: size=245760Kb used=7034Kb max_used=7034Kb free=238726Kb
 bounds [0x0000000002590000, 0x0000000002c80000, 0x0000000011590000]
 total_blobs=3001 nmethods=2445 adapters=468
 compilation: enabled

Compilation events (10 events):
Event: 7.415 Thread 0x000000001dc7c800 2461       3       javax.swing.GroupLayout$ComponentSpring::calculatePreferredSize (45 bytes)
Event: 7.416 Thread 0x000000001dc7c800 nmethod 2461 0x0000000002c6fc50 code [0x0000000002c6ffc0, 0x0000000002c71a78]
Event: 7.416 Thread 0x000000001dc7c800 2465       3       java.awt.Container::validateTree (153 bytes)
Event: 7.417 Thread 0x000000001dc7c800 nmethod 2465 0x0000000002c72d90 code [0x0000000002c73040, 0x0000000002c74938]
Event: 7.418 Thread 0x000000001dc7c800 2463       3       javax.swing.GroupLayout$ComponentSpring::calculateMaximumSize (29 bytes)
Event: 7.418 Thread 0x000000001be8d800 nmethod 2464 0x000000000270ce90 code [0x000000000270d000, 0x000000000270d2e8]
Event: 7.418 Thread 0x000000001dc7c800 nmethod 2463 0x0000000002c74f50 code [0x0000000002c751c0, 0x0000000002c75fb8]
Event: 7.418 Thread 0x000000001dc7c800 2466       3       javax.swing.plaf.synth.SynthGraphicsUtils::getPreferredSize (402 bytes)
Event: 7.420 Thread 0x000000001dc7c800 nmethod 2466 0x0000000002c76810 code [0x0000000002c76b00, 0x0000000002c78558]
Event: 7.420 Thread 0x000000001dc7c800 2467       3       javax.swing.plaf.synth.SynthPanelUI::getContext (10 bytes)

GC Heap History (2 events):
Event: 1.474 GC heap before
{Heap before GC invocations=1 (full 0):
 PSYoungGen      total 75776K, used 65024K [0x000000076bf80000, 0x0000000771400000, 0x00000007c0000000)
  eden space 65024K, 100% used [0x000000076bf80000,0x000000076ff00000,0x000000076ff00000)
  from space 10752K, 0% used [0x0000000770980000,0x0000000770980000,0x0000000771400000)
  to   space 10752K, 0% used [0x000000076ff00000,0x000000076ff00000,0x0000000770980000)
 ParOldGen       total 173568K, used 0K [0x00000006c3e00000, 0x00000006ce780000, 0x000000076bf80000)
  object space 173568K, 0% used [0x00000006c3e00000,0x00000006c3e00000,0x00000006ce780000)
 Metaspace       used 16642K, capacity 17156K, committed 17280K, reserved 1064960K
  class space    used 2211K, capacity 2348K, committed 2432K, reserved 1048576K
Event: 1.480 GC heap after
Heap after GC invocations=1 (full 0):
 PSYoungGen      total 75776K, used 10740K [0x000000076bf80000, 0x0000000771400000, 0x00000007c0000000)
  eden space 65024K, 0% used [0x000000076bf80000,0x000000076bf80000,0x000000076ff00000)
  from space 10752K, 99% used [0x000000076ff00000,0x000000077097d3c0,0x0000000770980000)
  to   space 10752K, 0% used [0x0000000770980000,0x0000000770980000,0x0000000771400000)
 ParOldGen       total 173568K, used 2956K [0x00000006c3e00000, 0x00000006ce780000, 0x000000076bf80000)
  object space 173568K, 1% used [0x00000006c3e00000,0x00000006c40e3018,0x00000006ce780000)
 Metaspace       used 16642K, capacity 17156K, committed 17280K, reserved 1064960K
  class space    used 2211K, capacity 2348K, committed 2432K, reserved 1048576K
}

Deoptimization events (10 events):
Event: 4.503 Thread 0x000000001ed11000 Uncommon trap: reason=bimorphic action=maybe_recompile pc=0x0000000002795588 method=java.util.HashMap.putVal(ILjava/lang/Object;Ljava/lang/Object;ZZ)Ljava/lang/Object; @ 152
Event: 4.503 Thread 0x000000001ed11000 Uncommon trap: reason=bimorphic action=maybe_recompile pc=0x0000000002795588 method=java.util.HashMap.putVal(ILjava/lang/Object;Ljava/lang/Object;ZZ)Ljava/lang/Object; @ 152
Event: 4.504 Thread 0x000000001ed11000 Uncommon trap: reason=bimorphic action=maybe_recompile pc=0x00000000027921a4 method=java.util.HashMap.putVal(ILjava/lang/Object;Ljava/lang/Object;ZZ)Ljava/lang/Object; @ 152
Event: 7.264 Thread 0x000000001ed89800 Uncommon trap: reason=unstable_if action=reinterpret pc=0x0000000002bb2760 method=sun.awt.image.GifImageDecoder.sendPixels(IIII[BLjava/awt/image/ColorModel;)I @ 136
Event: 7.303 Thread 0x000000001efe7800 Uncommon trap: reason=unstable_if action=reinterpret pc=0x00000000027a1e78 method=java.util.HashMap.getNode(ILjava/lang/Object;)Ljava/util/HashMap$Node; @ 84
Event: 7.303 Thread 0x000000001efe7800 Uncommon trap: reason=unstable_if action=reinterpret pc=0x00000000027c9cc0 method=java.util.HashMap.getNode(ILjava/lang/Object;)Ljava/util/HashMap$Node; @ 84
Event: 7.325 Thread 0x000000001efe7800 Uncommon trap: reason=unstable_if action=reinterpret pc=0x0000000002877338 method=sun.misc.MetaIndex.mayContain(Ljava/lang/String;)Z @ 38
Event: 7.332 Thread 0x000000001efe7800 Uncommon trap: reason=unstable_if action=reinterpret pc=0x000000000284a5d4 method=sun.misc.MetaIndex.mayContain(Ljava/lang/String;)Z @ 38
Event: 7.396 Thread 0x000000001efe7800 Uncommon trap: reason=unstable_if action=reinterpret pc=0x0000000002b5b94c method=java.util.HashMap.putVal(ILjava/lang/Object;Ljava/lang/Object;ZZ)Ljava/lang/Object; @ 109
Event: 7.396 Thread 0x000000001efe7800 Uncommon trap: reason=unstable_if action=reinterpret pc=0x0000000002b5e890 method=java.util.HashMap.putVal(ILjava/lang/Object;Ljava/lang/Object;ZZ)Ljava/lang/Object; @ 109

Classes redefined (0 events):
No events

Internal exceptions (10 events):
Event: 0.167 Thread 0x000000000235d800 Exception <a 'java/lang/ClassNotFoundException': ToggleButton> (0x000000076c4ee8e0) thrown at [C:\ade\jenkins\workspace\8-2-build-windows-amd64-cygwin\jdk8u241\331\hotspot\src\share\vm\classfile\systemDictionary.cpp, line 210]
Event: 0.167 Thread 0x000000000235d800 Exception <a 'java/lang/ClassNotFoundException': javax/swing/JToolBarSeparator> (0x000000076c4eed40) thrown at [C:\ade\jenkins\workspace\8-2-build-windows-amd64-cygwin\jdk8u241\331\hotspot\src\share\vm\classfile\systemDictionary.cpp, line 210]
Event: 0.167 Thread 0x000000000235d800 Exception <a 'java/lang/ClassNotFoundException': ToolBarSeparator> (0x000000076c4ef1d8) thrown at [C:\ade\jenkins\workspace\8-2-build-windows-amd64-cygwin\jdk8u241\331\hotspot\src\share\vm\classfile\systemDictionary.cpp, line 210]
Event: 0.167 Thread 0x000000000235d800 Exception <a 'java/lang/ClassNotFoundException': ToolTip> (0x000000076c4ef918) thrown at [C:\ade\jenkins\workspace\8-2-build-windows-amd64-cygwin\jdk8u241\331\hotspot\src\share\vm\classfile\systemDictionary.cpp, line 210]
Event: 0.168 Thread 0x000000000235d800 Exception <a 'java/lang/ClassNotFoundException': Tree> (0x000000076c4f0538) thrown at [C:\ade\jenkins\workspace\8-2-build-windows-amd64-cygwin\jdk8u241\331\hotspot\src\share\vm\classfile\systemDictionary.cpp, line 210]
Event: 0.168 Thread 0x000000000235d800 Exception <a 'java/lang/ClassNotFoundException': Tree> (0x000000076c4f0c78) thrown at [C:\ade\jenkins\workspace\8-2-build-windows-amd64-cygwin\jdk8u241\331\hotspot\src\share\vm\classfile\systemDictionary.cpp, line 210]
Event: 0.168 Thread 0x000000000235d800 Exception <a 'java/lang/ClassNotFoundException': javax/swing/JTreeCell> (0x000000076c4f0ff8) thrown at [C:\ade\jenkins\workspace\8-2-build-windows-amd64-cygwin\jdk8u241\331\hotspot\src\share\vm\classfile\systemDictionary.cpp, line 210]
Event: 0.168 Thread 0x000000000235d800 Exception <a 'java/lang/ClassNotFoundException': TreeCell> (0x000000076c4f1480) thrown at [C:\ade\jenkins\workspace\8-2-build-windows-amd64-cygwin\jdk8u241\331\hotspot\src\share\vm\classfile\systemDictionary.cpp, line 210]
Event: 0.168 Thread 0x000000000235d800 Exception <a 'java/lang/ClassNotFoundException': RootPane> (0x000000076c4f1ee0) thrown at [C:\ade\jenkins\workspace\8-2-build-windows-amd64-cygwin\jdk8u241\331\hotspot\src\share\vm\classfile\systemDictionary.cpp, line 210]
Event: 1.599 Thread 0x000000001ed89800 Exception <a 'java/lang/InterruptedException': sleep interrupted> (0x000000076d46fc80) thrown at [C:\ade\jenkins\workspace\8-2-build-windows-amd64-cygwin\jdk8u241\331\hotspot\src\share\vm\prims\jvm.cpp, line 3288]

Events (10 events):
Event: 7.419 Executing VM operation: RevokeBias
Event: 7.419 Executing VM operation: RevokeBias done
Event: 7.419 Executing VM operation: RevokeBias
Event: 7.419 Executing VM operation: RevokeBias done
Event: 7.419 Executing VM operation: RevokeBias
Event: 7.419 Executing VM operation: RevokeBias done
Event: 7.419 Executing VM operation: RevokeBias
Event: 7.419 Executing VM operation: RevokeBias done
Event: 7.419 Executing VM operation: RevokeBias
Event: 7.419 Executing VM operation: RevokeBias done


Dynamic libraries:
0x00007ff7c3250000 - 0x00007ff7c3287000 	C:\Program Files\Java\jdk1.8.0_241\bin\java.exe
0x00007ffc4c300000 - 0x00007ffc4c4f0000 	C:\Windows\SYSTEM32\ntdll.dll
0x00007ffc4adf0000 - 0x00007ffc4aea2000 	C:\Windows\System32\KERNEL32.DLL
0x00007ffc496f0000 - 0x00007ffc49993000 	C:\Windows\System32\KERNELBASE.dll
0x00007ffc4a3b0000 - 0x00007ffc4a453000 	C:\Windows\System32\ADVAPI32.dll
0x00007ffc4bc20000 - 0x00007ffc4bcbe000 	C:\Windows\System32\msvcrt.dll
0x00007ffc4a460000 - 0x00007ffc4a4f7000 	C:\Windows\System32\sechost.dll
0x00007ffc4b870000 - 0x00007ffc4b990000 	C:\Windows\System32\RPCRT4.dll
0x00007ffc4ba00000 - 0x00007ffc4bb94000 	C:\Windows\System32\USER32.dll
0x00007ffc4a380000 - 0x00007ffc4a3a1000 	C:\Windows\System32\win32u.dll
0x00007ffc4bf00000 - 0x00007ffc4bf26000 	C:\Windows\System32\GDI32.dll
0x00007ffc49450000 - 0x00007ffc495e4000 	C:\Windows\System32\gdi32full.dll
0x00007ffc4a150000 - 0x00007ffc4a1ee000 	C:\Windows\System32\msvcp_win.dll
0x00007ffc495f0000 - 0x00007ffc496ea000 	C:\Windows\System32\ucrtbase.dll
0x00007ffc339a0000 - 0x00007ffc33c25000 	C:\Windows\WinSxS\amd64_microsoft.windows.common-controls_6595b64144ccf1df_6.0.18362.778_none_e6c6b761130d4fb8\COMCTL32.dll
0x00007ffc4a500000 - 0x00007ffc4a836000 	C:\Windows\System32\combase.dll
0x00007ffc4a300000 - 0x00007ffc4a380000 	C:\Windows\System32\bcryptPrimitives.dll
0x00007ffc4bed0000 - 0x00007ffc4befe000 	C:\Windows\System32\IMM32.DLL
0x0000000072d10000 - 0x0000000072de2000 	C:\Program Files\Java\jdk1.8.0_241\jre\bin\msvcr100.dll
0x0000000072df0000 - 0x000000007369c000 	C:\Program Files\Java\jdk1.8.0_241\jre\bin\server\jvm.dll
0x00007ffc4c290000 - 0x00007ffc4c298000 	C:\Windows\System32\PSAPI.DLL
0x00007ffc3cbb0000 - 0x00007ffc3cbd4000 	C:\Windows\SYSTEM32\WINMM.dll
0x00007ffc3f700000 - 0x00007ffc3f70a000 	C:\Windows\SYSTEM32\VERSION.dll
0x00007ffc3cb80000 - 0x00007ffc3cbad000 	C:\Windows\SYSTEM32\winmmbase.dll
0x00007ffc49290000 - 0x00007ffc492da000 	C:\Windows\System32\cfgmgr32.dll
0x00007ffc21d00000 - 0x00007ffc21d09000 	C:\Windows\SYSTEM32\WSOCK32.dll
0x00007ffc4c110000 - 0x00007ffc4c17f000 	C:\Windows\System32\WS2_32.dll
0x00007ffc21cf0000 - 0x00007ffc21cff000 	C:\Program Files\Java\jdk1.8.0_241\jre\bin\verify.dll
0x00007ffc13e30000 - 0x00007ffc13e59000 	C:\Program Files\Java\jdk1.8.0_241\jre\bin\java.dll
0x00007ffc1fe90000 - 0x00007ffc1fea6000 	C:\Program Files\Java\jdk1.8.0_241\jre\bin\zip.dll
0x00007ffc4af70000 - 0x00007ffc4b655000 	C:\Windows\System32\SHELL32.dll
0x00007ffc4c1e0000 - 0x00007ffc4c289000 	C:\Windows\System32\shcore.dll
0x00007ffc499a0000 - 0x00007ffc4a120000 	C:\Windows\System32\windows.storage.dll
0x00007ffc49210000 - 0x00007ffc49233000 	C:\Windows\System32\profapi.dll
0x00007ffc49240000 - 0x00007ffc4928a000 	C:\Windows\System32\powrprof.dll
0x00007ffc491c0000 - 0x00007ffc491d0000 	C:\Windows\System32\UMPDC.dll
0x00007ffc4b9a0000 - 0x00007ffc4b9f2000 	C:\Windows\System32\shlwapi.dll
0x00007ffc491d0000 - 0x00007ffc491e1000 	C:\Windows\System32\kernel.appcore.dll
0x00007ffc492e0000 - 0x00007ffc492f7000 	C:\Windows\System32\cryptsp.dll
0x00007ffbd3f40000 - 0x00007ffbd40da000 	C:\Program Files\Java\jdk1.8.0_241\jre\bin\awt.dll
0x00007ffc4be00000 - 0x00007ffc4bec4000 	C:\Windows\System32\OLEAUT32.dll
0x00007ffc46ee0000 - 0x00007ffc46f6f000 	C:\Windows\SYSTEM32\apphelp.dll
0x00007ffc470a0000 - 0x00007ffc47139000 	C:\Windows\system32\uxtheme.dll
0x00007ffc4a840000 - 0x00007ffc4a976000 	C:\Windows\System32\MSCTF.dll
0x00007ffc4bf30000 - 0x00007ffc4c087000 	C:\Windows\System32\ole32.dll
0x00007ffc47410000 - 0x00007ffc4743d000 	C:\Windows\system32\DWMAPI.DLL
0x00007ffbd9330000 - 0x00007ffbd9379000 	C:\Program Files\Java\jdk1.8.0_241\jre\bin\fontmanager.dll
0x00007ffc0eff0000 - 0x00007ffc0f146000 	C:\Windows\system32\opengl32.dll
0x00007ffc0f6e0000 - 0x00007ffc0f70c000 	C:\Windows\SYSTEM32\GLU32.dll
0x00007ffc47e30000 - 0x00007ffc47e50000 	C:\Windows\SYSTEM32\dxcore.dll
0x00007ffc18290000 - 0x00007ffc182aa000 	C:\Program Files\Java\jdk1.8.0_241\jre\bin\net.dll
0x00007ffc48a30000 - 0x00007ffc48a97000 	C:\Windows\system32\mswsock.dll
0x00007ffc0fc40000 - 0x00007ffc0fc52000 	C:\Program Files\Java\jdk1.8.0_241\jre\bin\nio.dll
0x00007ffbd5390000 - 0x00007ffbd53d2000 	C:\Program Files\Java\jdk1.8.0_241\jre\bin\t2k.dll
0x00007ffc2a4b0000 - 0x00007ffc2a54e000 	C:\Windows\System32\TextInputFramework.dll
0x00007ffc29e50000 - 0x00007ffc2a17a000 	C:\Windows\System32\CoreUIComponents.dll
0x00007ffc46dd0000 - 0x00007ffc46ea4000 	C:\Windows\System32\CoreMessaging.dll
0x00007ffc45000000 - 0x00007ffc45153000 	C:\Windows\SYSTEM32\wintypes.dll
0x00007ffc48220000 - 0x00007ffc48251000 	C:\Windows\SYSTEM32\ntmarta.dll
0x00007ffc35850000 - 0x00007ffc358b5000 	C:\Windows\system32\Oleacc.dll
0x00007ffc3a750000 - 0x00007ffc3a9f6000 	C:\Windows\System32\iertutil.dll
0x00007ffc4aec0000 - 0x00007ffc4af62000 	C:\Windows\System32\clbcatq.dll
0x00007ffc28640000 - 0x00007ffc287ef000 	C:\Windows\SYSTEM32\WindowsCodecs.dll
0x00007ffc0de50000 - 0x00007ffc0de8a000 	C:\Windows\system32\dataexchange.dll
0x00007ffc46780000 - 0x00007ffc4695c000 	C:\Windows\system32\dcomp.dll
0x00007ffc46520000 - 0x00007ffc4677b000 	C:\Windows\system32\d3d11.dll
0x00007ffc47ec0000 - 0x00007ffc47fab000 	C:\Windows\system32\dxgi.dll
0x00007ffc47190000 - 0x00007ffc473ea000 	C:\Windows\system32\twinapi.appcore.dll
0x00007ffc476a0000 - 0x00007ffc476c9000 	C:\Windows\system32\RMCLIENT.dll
0x00007ffc47a70000 - 0x00007ffc47c64000 	C:\Windows\SYSTEM32\dbghelp.dll

VM Arguments:
jvm_args: -Dfile.encoding=UTF-8 
java_command: UI_Pages.HomePages.Home
java_class_path (initial): C:\Users\rohit\OneDrive\Desktop\AED_Project\project_jars\db4o-8.0.184.15484-all-java5.jar;C:\Users\rohit\OneDrive\Desktop\23\AED_AAA_Group\ENCP_Project_AED 5\jcalendar-1.4.jar;C:\Users\rohit\OneDrive\Desktop\AED_Project\project_jars\AbsoluteLayout.jar;C:\Users\rohit\OneDrive\Desktop\23\AED_AAA_Group\ENCP_Project_AED 5\build\classes
Launcher Type: SUN_STANDARD

Environment Variables:
JAVA_HOME=C:\Program Files\Java\jdk1.8.0_241
PATH=C:\Program Files (x86)\Common Files\Oracle\Java\javapath;C:\Windows\system32;C:\Windows;C:\Windows\System32\Wbem;C:\Windows\System32\WindowsPowerShell\v1.0\;C:\Windows\System32\OpenSSH\;C:\Program Files\Java\jdk1.8.0_241\bin;C:\Program Files\Git\cmd;C:\Program Files\Git\mingw64\bin;C:\Program Files\Git\usr\bin;C:\ffmpeg\bin;C:\Program Files\SourceGear\Common\DiffMerge\;C:\Users\rohit\AppData\Local\Microsoft\WindowsApps;C:\Users\rohit\AppData\Local\GitHubDesktop\bin;C:\Program Files\Java\jdk1.8.0_241;
USERNAME=rohit
OS=Windows_NT
PROCESSOR_IDENTIFIER=Intel64 Family 6 Model 142 Stepping 12, GenuineIntel



---------------  S Y S T E M  ---------------

OS: Windows 10.0 , 64 bit Build 18362 (10.0.18362.778)

CPU:total 8 (initial active 8) (4 cores per cpu, 2 threads per core) family 6 model 142 stepping 12, cmov, cx8, fxsr, mmx, sse, sse2, sse3, ssse3, sse4.1, sse4.2, popcnt, avx, avx2, aes, clmul, erms, 3dnowpref, lzcnt, ht, tsc, tscinvbit, bmi1, bmi2, adx

Memory: 4k page, physical 16522324k(7150072k free), swap 40639572k(22240592k free)

vm_info: Java HotSpot(TM) 64-Bit Server VM (25.241-b07) for windows-amd64 JRE (1.8.0_241-b07), built on Dec 11 2019 10:21:40 by "rejava" with MS VC++ 10.0 (VS2010)

time: Thu Apr 23 15:11:32 2020
timezone: Eastern Daylight Time
elapsed time: 7 seconds (0d 0h 0m 7s)

