#
# A fatal error has been detected by the Java Runtime Environment:
#
#  EXCEPTION_ACCESS_VIOLATION (0xc0000005) at pc=0x00007ffbd3fac0fc, pid=25088, tid=0x0000000000005bdc
#
# JRE version: Java(TM) SE Runtime Environment (8.0_241-b07) (build 1.8.0_241-b07)
# Java VM: Java HotSpot(TM) 64-Bit Server VM (25.241-b07 mixed mode windows-amd64 compressed oops)
# Problematic frame:
# C  [awt.dll+0x6c0fc]
#
# Failed to write core dump. Minidumps are not enabled by default on client versions of Windows
#
# If you would like to submit a bug report, please visit:
#   http://bugreport.java.com/bugreport/crash.jsp
# The crash happened outside the Java Virtual Machine in native code.
# See problematic frame for where to report the bug.
#

---------------  T H R E A D  ---------------

Current thread (0x000000001eff2800):  JavaThread "AWT-EventQueue-0" [_thread_in_native, id=23516, stack(0x0000000020410000,0x0000000020510000)]

siginfo: ExceptionCode=0xc0000005, reading address 0x000000001ebe4e50

Registers:
RAX=0x000000001ebe4e30, RBX=0x000000001eff29f8, RCX=0x000000001eff29f8, RDX=0x000000002050b5f0
RSP=0x000000002050b2b0, RBP=0x000000002050b301, RSI=0x000000002050b5f0, RDI=0x000000001ebe4e30
R8 =0x0000000000000042, R9 =0x00000006c41600d0, R10=0x00000000000000fa, R11=0x000000007360da60
R12=0x000000002050b5f0, R13=0x000000002050b608, R14=0x0000000000000000, R15=0x0000000000000000
RIP=0x00007ffbd3fac0fc, EFLAGS=0x0000000000010202

Top of Stack: (sp=0x000000002050b2b0)
0x000000002050b2b0:   000000002050b3c0 0000000002a80cc4
0x000000002050b2c0:   000000002050b300 00000000207281d8
0x000000002050b2d0:   000000001eff29f8 00007ffbd3f91d8a
0x000000002050b2e0:   00007ffbd4087ac8 000000002050b3e0
0x000000002050b2f0:   000000002050b600 000000000287835d
0x000000002050b300:   000000076c09a8f8 000000002050b308
0x000000002050b310:   0000007bdcc93019 00000006c403e5c0
0x000000002050b320:   00000000207281d8 000000076c09a8f8
0x000000002050b330:   000000002050b3c0 00000006c4566600
0x000000002050b340:   000000002050b5f8 00000006c3fb2498
0x000000002050b350:   0000000000000000 00000000028780e0
0x000000002050b360:   000000001eff29f8 00000006c4077fc0
0x000000002050b370:   00007ffbd4087ac8 0000000000000000
0x000000002050b380:   000000002050b370 00000000206fa777
0x000000002050b390:   000000002050b410 00000000206faee8
0x000000002050b3a0:   0000000000000000 00000000206fa7b8 

Instructions: (pc=0x00007ffbd3fac0fc)
0x00007ffbd3fac0dc:   00 4c 8d 05 44 4d 09 00 ff 50 70 eb 24 48 8d 15
0x00007ffbd3fac0ec:   20 4d 09 00 e8 47 34 07 00 eb 16 40 84 ed 74 11
0x00007ffbd3fac0fc:   48 8b 40 20 48 85 c0 74 08 48 8b d7 48 8b cb ff
0x00007ffbd3fac10c:   d0 48 8b c7 48 8b 5c 24 30 48 8b 6c 24 38 48 8b 


Register to memory mapping:

RAX=0x000000001ebe4e30 is pointing into the stack for thread: 0x000000001df67800
RBX=0x000000001eff29f8 is an unknown value
RCX=0x000000001eff29f8 is an unknown value
RDX=0x000000002050b5f0 is pointing into the stack for thread: 0x000000001eff2800
RSP=0x000000002050b2b0 is pointing into the stack for thread: 0x000000001eff2800
RBP=0x000000002050b301 is pointing into the stack for thread: 0x000000001eff2800
RSI=0x000000002050b5f0 is pointing into the stack for thread: 0x000000001eff2800
RDI=0x000000001ebe4e30 is pointing into the stack for thread: 0x000000001df67800
R8 =0x0000000000000042 is an unknown value
R9 =0x00000006c41600d0 is an oop
sun.awt.image.BufImgSurfaceData 
 - klass: 'sun/awt/image/BufImgSurfaceData'
R10=0x00000000000000fa is an unknown value
R11=0x000000007360da60 is an unknown value
R12=0x000000002050b5f0 is pointing into the stack for thread: 0x000000001eff2800
R13=0x000000002050b608 is pointing into the stack for thread: 0x000000001eff2800
R14=0x0000000000000000 is an unknown value
R15=0x0000000000000000 is an unknown value


Stack: [0x0000000020410000,0x0000000020510000],  sp=0x000000002050b2b0,  free space=1004k
Native frames: (J=compiled Java code, j=interpreted, Vv=VM code, C=native code)
C  [awt.dll+0x6c0fc]
C  [awt.dll+0x51d8a]
C  0x0000000002faf81c

Java frames: (J=compiled Java code, j=interpreted, Vv=VM code)
J 2480  sun.java2d.loops.MaskBlit.MaskBlit(Lsun/java2d/SurfaceData;Lsun/java2d/SurfaceData;Ljava/awt/Composite;Lsun/java2d/pipe/Region;IIIIII[BII)V (0 bytes) @ 0x0000000002faf796 [0x0000000002faf680+0x116]
J 2479 C1 sun.java2d.loops.Blit$GeneralMaskBlit.Blit(Lsun/java2d/SurfaceData;Lsun/java2d/SurfaceData;Ljava/awt/Composite;Lsun/java2d/pipe/Region;IIIIII)V (28 bytes) @ 0x0000000002fbbdfc [0x0000000002fbbd00+0xfc]
j  sun.java2d.pipe.DrawImage.blitSurfaceData(Lsun/java2d/SunGraphics2D;Lsun/java2d/pipe/Region;Lsun/java2d/SurfaceData;Lsun/java2d/SurfaceData;Lsun/java2d/loops/SurfaceType;Lsun/java2d/loops/SurfaceType;IIIIIILjava/awt/Color;)V+97
J 2394 C1 sun.java2d.pipe.DrawImage.renderImageCopy(Lsun/java2d/SunGraphics2D;Ljava/awt/Image;Ljava/awt/Color;IIIIII)Z (147 bytes) @ 0x0000000002f765ec [0x0000000002f76060+0x58c]
j  sun.java2d.pipe.DrawImage.copyImage(Lsun/java2d/SunGraphics2D;Ljava/awt/Image;IILjava/awt/Color;)Z+45
j  sun.java2d.pipe.DrawImage.copyImage(Lsun/java2d/SunGraphics2D;Ljava/awt/Image;IILjava/awt/Color;Ljava/awt/image/ImageObserver;)Z+15
j  sun.java2d.SunGraphics2D.drawImage(Ljava/awt/Image;IILjava/awt/Color;Ljava/awt/image/ImageObserver;)Z+66
j  sun.awt.image.ImageRepresentation.drawToBufImage(Ljava/awt/Graphics;Lsun/awt/image/ToolkitImage;IILjava/awt/Color;Ljava/awt/image/ImageObserver;)Z+152
j  sun.java2d.pipe.DrawImage.copyImage(Lsun/java2d/SunGraphics2D;Ljava/awt/Image;IILjava/awt/Color;Ljava/awt/image/ImageObserver;)Z+56
j  sun.java2d.pipe.ValidatePipe.copyImage(Lsun/java2d/SunGraphics2D;Ljava/awt/Image;IILjava/awt/Color;Ljava/awt/image/ImageObserver;)Z+21
j  sun.java2d.SunGraphics2D.drawImage(Ljava/awt/Image;IILjava/awt/Color;Ljava/awt/image/ImageObserver;)Z+66
j  sun.java2d.SunGraphics2D.drawImage(Ljava/awt/Image;IILjava/awt/image/ImageObserver;)Z+7
j  javax.swing.ImageIcon.paintIcon(Ljava/awt/Component;Ljava/awt/Graphics;II)V+16
j  sun.swing.plaf.synth.SynthIcon.paintIcon(Ljavax/swing/Icon;Ljavax/swing/plaf/synth/SynthContext;Ljava/awt/Graphics;IIII)V+39
j  javax.swing.plaf.synth.SynthGraphicsUtils.paintText(Ljavax/swing/plaf/synth/SynthContext;Ljava/awt/Graphics;Ljava/lang/String;Ljavax/swing/Icon;IIIIIII)V+327
j  javax.swing.plaf.synth.SynthLabelUI.paint(Ljavax/swing/plaf/synth/SynthContext;Ljava/awt/Graphics;)V+96
j  javax.swing.plaf.synth.SynthLabelUI.update(Ljava/awt/Graphics;Ljavax/swing/JComponent;)V+33
j  javax.swing.JComponent.paintComponent(Ljava/awt/Graphics;)V+26
j  javax.swing.JComponent.paint(Ljava/awt/Graphics;)V+286
j  javax.swing.JComponent.paintChildren(Ljava/awt/Graphics;)V+501
j  javax.swing.JComponent.paint(Ljava/awt/Graphics;)V+318
j  javax.swing.JComponent.paintChildren(Ljava/awt/Graphics;)V+501
j  javax.swing.JSplitPane.paintChildren(Ljava/awt/Graphics;)V+2
j  javax.swing.JComponent.paint(Ljava/awt/Graphics;)V+318
j  javax.swing.JComponent.paintChildren(Ljava/awt/Graphics;)V+501
j  javax.swing.JComponent.paint(Ljava/awt/Graphics;)V+318
j  javax.swing.JComponent.paintChildren(Ljava/awt/Graphics;)V+501
j  javax.swing.JComponent.paint(Ljava/awt/Graphics;)V+318
j  javax.swing.JLayeredPane.paint(Ljava/awt/Graphics;)V+73
j  javax.swing.JComponent.paintChildren(Ljava/awt/Graphics;)V+501
j  javax.swing.JComponent.paintToOffscreen(Ljava/awt/Graphics;IIIIII)V+72
j  javax.swing.RepaintManager$PaintManager.paintDoubleBuffered(Ljavax/swing/JComponent;Ljava/awt/Image;Ljava/awt/Graphics;IIII)V+163
j  javax.swing.RepaintManager$PaintManager.paint(Ljavax/swing/JComponent;Ljavax/swing/JComponent;Ljava/awt/Graphics;IIII)Z+116
j  javax.swing.RepaintManager.paint(Ljavax/swing/JComponent;Ljavax/swing/JComponent;Ljava/awt/Graphics;IIII)V+51
j  javax.swing.JComponent.paint(Ljava/awt/Graphics;)V+221
j  java.awt.GraphicsCallback$PaintCallback.run(Ljava/awt/Component;Ljava/awt/Graphics;)V+2
j  sun.awt.SunGraphicsCallback.runOneComponent(Ljava/awt/Component;Ljava/awt/Rectangle;Ljava/awt/Graphics;Ljava/awt/Shape;I)V+155
j  sun.awt.SunGraphicsCallback.runComponents([Ljava/awt/Component;Ljava/awt/Graphics;I)V+194
j  java.awt.Container.paint(Ljava/awt/Graphics;)V+58
j  java.awt.Window.paint(Ljava/awt/Graphics;)V+68
j  javax.swing.RepaintManager$4.run()Ljava/lang/Void;+142
j  javax.swing.RepaintManager$4.run()Ljava/lang/Object;+1
v  ~StubRoutines::call_stub
J 401  java.security.AccessController.doPrivileged(Ljava/security/PrivilegedAction;Ljava/security/AccessControlContext;)Ljava/lang/Object; (0 bytes) @ 0x0000000002a62766 [0x0000000002a62700+0x66]
J 1809 C1 java.security.ProtectionDomain$JavaSecurityAccessImpl.doIntersectionPrivilege(Ljava/security/PrivilegedAction;Ljava/security/AccessControlContext;Ljava/security/AccessControlContext;)Ljava/lang/Object; (22 bytes) @ 0x0000000002db7bfc [0x0000000002db7780+0x47c]
j  javax.swing.RepaintManager.paintDirtyRegions(Ljava/util/Map;)V+154
j  javax.swing.RepaintManager.paintDirtyRegions()V+46
j  javax.swing.RepaintManager.prePaintDirtyRegions()V+73
j  javax.swing.RepaintManager.access$1200(Ljavax/swing/RepaintManager;)V+1
j  javax.swing.RepaintManager$ProcessingRunnable.run()V+37
J 1958 C1 java.awt.event.InvocationEvent.dispatch()V (69 bytes) @ 0x0000000002e3aed4 [0x0000000002e3acc0+0x214]
J 1917 C1 java.awt.EventQueue.dispatchEventImpl(Ljava/awt/AWTEvent;Ljava/lang/Object;)V (149 bytes) @ 0x0000000002df54c4 [0x0000000002df39c0+0x1b04]
J 1915 C1 java.awt.EventQueue$3.run()Ljava/lang/Void; (60 bytes) @ 0x0000000002df2d9c [0x0000000002df2b80+0x21c]
J 1914 C1 java.awt.EventQueue$3.run()Ljava/lang/Object; (5 bytes) @ 0x0000000002df280c [0x0000000002df2780+0x8c]
v  ~StubRoutines::call_stub
J 401  java.security.AccessController.doPrivileged(Ljava/security/PrivilegedAction;Ljava/security/AccessControlContext;)Ljava/lang/Object; (0 bytes) @ 0x0000000002a62766 [0x0000000002a62700+0x66]
J 1854 C1 java.awt.EventQueue.dispatchEvent(Ljava/awt/AWTEvent;)V (80 bytes) @ 0x0000000002dccbac [0x0000000002dcc200+0x9ac]
J 1860 C1 java.awt.EventDispatchThread.pumpOneEventForFilters(I)V (190 bytes) @ 0x0000000002dd249c [0x0000000002dd1340+0x115c]
j  java.awt.EventDispatchThread.pumpEventsForFilter(ILjava/awt/Conditional;Ljava/awt/EventFilter;)V+35
j  java.awt.EventDispatchThread.pumpEventsForHierarchy(ILjava/awt/Conditional;Ljava/awt/Component;)V+11
j  java.awt.EventDispatchThread.pumpEvents(ILjava/awt/Conditional;)V+4
j  java.awt.EventDispatchThread.pumpEvents(Ljava/awt/Conditional;)V+3
j  java.awt.EventDispatchThread.run()V+9
v  ~StubRoutines::call_stub

---------------  P R O C E S S  ---------------

Java Threads: ( => current thread )
  0x000000001f339800 JavaThread "Image Fetcher 0" daemon [_thread_blocked, id=20400, stack(0x00000000233d0000,0x00000000234d0000)]
  0x000000001f339000 JavaThread "Image Animator 0" daemon [_thread_blocked, id=17020, stack(0x00000000232d0000,0x00000000233d0000)]
  0x000000001f33c000 JavaThread "Timer-0" [_thread_blocked, id=18452, stack(0x0000000020510000,0x0000000020610000)]
  0x000000001f33c800 JavaThread "TimerQueue" daemon [_thread_blocked, id=18892, stack(0x0000000021950000,0x0000000021a50000)]
  0x0000000000e0d800 JavaThread "DestroyJavaVM" [_thread_blocked, id=26704, stack(0x0000000002640000,0x0000000002740000)]
=>0x000000001eff2800 JavaThread "AWT-EventQueue-0" [_thread_in_native, id=23516, stack(0x0000000020410000,0x0000000020510000)]
  0x000000001efe9000 JavaThread "AWT-Windows" daemon [_thread_in_native, id=12212, stack(0x000000001f960000,0x000000001fa60000)]
  0x000000001efe6800 JavaThread "AWT-Shutdown" [_thread_blocked, id=22092, stack(0x000000001f860000,0x000000001f960000)]
  0x000000001efe5800 JavaThread "Java2D Disposer" daemon [_thread_blocked, id=14704, stack(0x000000001f760000,0x000000001f860000)]
  0x000000001df7e000 JavaThread "Service Thread" daemon [_thread_blocked, id=24992, stack(0x000000001ec20000,0x000000001ed20000)]
  0x000000001df67800 JavaThread "C1 CompilerThread3" daemon [_thread_blocked, id=20280, stack(0x000000001eb20000,0x000000001ec20000)]
  0x000000001df60800 JavaThread "C2 CompilerThread2" daemon [_thread_blocked, id=5640, stack(0x000000001ea20000,0x000000001eb20000)]
  0x000000001c16d800 JavaThread "C2 CompilerThread1" daemon [_thread_blocked, id=28304, stack(0x000000001e920000,0x000000001ea20000)]
  0x000000001c16b000 JavaThread "C2 CompilerThread0" daemon [_thread_blocked, id=28692, stack(0x000000001e820000,0x000000001e920000)]
  0x000000001df55800 JavaThread "Attach Listener" daemon [_thread_blocked, id=4196, stack(0x000000001e720000,0x000000001e820000)]
  0x000000001df54800 JavaThread "Signal Dispatcher" daemon [_thread_blocked, id=28700, stack(0x000000001e620000,0x000000001e720000)]
  0x000000000286e800 JavaThread "Finalizer" daemon [_thread_blocked, id=1608, stack(0x000000001e420000,0x000000001e520000)]
  0x0000000002867800 JavaThread "Reference Handler" daemon [_thread_blocked, id=19828, stack(0x000000001e320000,0x000000001e420000)]

Other Threads:
  0x000000001c159800 VMThread [stack: 0x000000001de20000,0x000000001df20000] [id=13112]
  0x000000001df82000 WatcherThread [stack: 0x000000001ed20000,0x000000001ee20000] [id=1780]

VM state:not at safepoint (normal execution)

VM Mutex/Monitor currently owned by a thread: None

heap address: 0x00000006c3e00000, size: 4034 MB, Compressed Oops mode: Zero based, Oop shift amount: 3
Narrow klass base: 0x0000000000000000, Narrow klass shift: 3
Compressed class space size: 1073741824 Address: 0x00000007c0000000

Heap:
 PSYoungGen      total 75776K, used 5346K [0x000000076bf80000, 0x0000000771400000, 0x00000007c0000000)
  eden space 65024K, 8% used [0x000000076bf80000,0x000000076c4b8ae0,0x000000076ff00000)
  from space 10752K, 0% used [0x000000076ff00000,0x000000076ff00000,0x0000000770980000)
  to   space 10752K, 0% used [0x0000000770980000,0x0000000770980000,0x0000000771400000)
 ParOldGen       total 77312K, used 8391K [0x00000006c3e00000, 0x00000006c8980000, 0x000000076bf80000)
  object space 77312K, 10% used [0x00000006c3e00000,0x00000006c4631ff8,0x00000006c8980000)
 Metaspace       used 20741K, capacity 21222K, committed 22016K, reserved 1069056K
  class space    used 2772K, capacity 2909K, committed 3072K, reserved 1048576K

Card table byte_map: [0x0000000011c30000,0x0000000012420000] byte_map_base: 0x000000000e611000

Marking Bits: (ParMarkBitMap*) 0x000000007361be30
 Begin Bits: [0x0000000013170000, 0x0000000017078000)
 End Bits:   [0x0000000017078000, 0x000000001af80000)

Polling page: 0x0000000000e10000

CodeCache: size=245760Kb used=7777Kb max_used=8096Kb free=237982Kb
 bounds [0x0000000002870000, 0x0000000003060000, 0x0000000011870000]
 total_blobs=3182 nmethods=2626 adapters=468
 compilation: enabled

Compilation events (10 events):
Event: 40.466 Thread 0x000000001df67800 nmethod 2750 0x000000000305eed0 code [0x000000000305f060, 0x000000000305f7e8]
Event: 40.466 Thread 0x000000001df67800 2758       3       sun.font.FontDesignMetrics::stringWidth (154 bytes)
Event: 40.467 Thread 0x000000001df67800 nmethod 2758 0x0000000002988650 code [0x0000000002988900, 0x00000000029899c8]
Event: 40.468 Thread 0x000000001df67800 2752       3       java.awt.Component::invalidateParent (15 bytes)
Event: 40.468 Thread 0x000000001df67800 nmethod 2752 0x000000000298ca90 code [0x000000000298cc20, 0x000000000298d108]
Event: 40.468 Thread 0x000000001df67800 2753       3       java.awt.Container::invalidate (29 bytes)
Event: 40.468 Thread 0x000000001df67800 nmethod 2753 0x0000000002a7f6d0 code [0x0000000002a7f860, 0x0000000002a7fd18]
Event: 40.469 Thread 0x000000001c16b000 nmethod 2756 0x00000000029f2b90 code [0x00000000029f2d00, 0x00000000029f2fc8]
Event: 40.471 Thread 0x000000001df67800 2759   !   3       javax.swing.text.SegmentCache::releaseSegment (43 bytes)
Event: 40.471 Thread 0x000000001df67800 nmethod 2759 0x0000000002abfb50 code [0x0000000002abfcc0, 0x0000000002ac01c8]

GC Heap History (8 events):
Event: 3.493 GC heap before
{Heap before GC invocations=1 (full 0):
 PSYoungGen      total 75776K, used 65024K [0x000000076bf80000, 0x0000000771400000, 0x00000007c0000000)
  eden space 65024K, 100% used [0x000000076bf80000,0x000000076ff00000,0x000000076ff00000)
  from space 10752K, 0% used [0x0000000770980000,0x0000000770980000,0x0000000771400000)
  to   space 10752K, 0% used [0x000000076ff00000,0x000000076ff00000,0x0000000770980000)
 ParOldGen       total 173568K, used 0K [0x00000006c3e00000, 0x00000006ce780000, 0x000000076bf80000)
  object space 173568K, 0% used [0x00000006c3e00000,0x00000006c3e00000,0x00000006ce780000)
 Metaspace       used 16611K, capacity 17162K, committed 17280K, reserved 1064960K
  class space    used 2199K, capacity 2349K, committed 2432K, reserved 1048576K
Event: 3.501 GC heap after
Heap after GC invocations=1 (full 0):
 PSYoungGen      total 75776K, used 10739K [0x000000076bf80000, 0x0000000771400000, 0x00000007c0000000)
  eden space 65024K, 0% used [0x000000076bf80000,0x000000076bf80000,0x000000076ff00000)
  from space 10752K, 99% used [0x000000076ff00000,0x000000077097ccd0,0x0000000770980000)
  to   space 10752K, 0% used [0x0000000770980000,0x0000000770980000,0x0000000771400000)
 ParOldGen       total 173568K, used 3022K [0x00000006c3e00000, 0x00000006ce780000, 0x000000076bf80000)
  object space 173568K, 1% used [0x00000006c3e00000,0x00000006c40f3bf0,0x00000006ce780000)
 Metaspace       used 16611K, capacity 17162K, committed 17280K, reserved 1064960K
  class space    used 2199K, capacity 2349K, committed 2432K, reserved 1048576K
}
Event: 33.620 GC heap before
{Heap before GC invocations=2 (full 0):
 PSYoungGen      total 75776K, used 75763K [0x000000076bf80000, 0x0000000771400000, 0x00000007c0000000)
  eden space 65024K, 100% used [0x000000076bf80000,0x000000076ff00000,0x000000076ff00000)
  from space 10752K, 99% used [0x000000076ff00000,0x000000077097ccd0,0x0000000770980000)
  to   space 10752K, 0% used [0x0000000770980000,0x0000000770980000,0x0000000771400000)
 ParOldGen       total 173568K, used 3022K [0x00000006c3e00000, 0x00000006ce780000, 0x000000076bf80000)
  object space 173568K, 1% used [0x00000006c3e00000,0x00000006c40f3bf0,0x00000006ce780000)
 Metaspace       used 18691K, capacity 19414K, committed 19584K, reserved 1067008K
  class space    used 2485K, capacity 2671K, committed 2688K, reserved 1048576K
Event: 33.633 GC heap after
Heap after GC invocations=2 (full 0):
 PSYoungGen      total 75776K, used 10728K [0x000000076bf80000, 0x0000000771400000, 0x00000007c0000000)
  eden space 65024K, 0% used [0x000000076bf80000,0x000000076bf80000,0x000000076ff00000)
  from space 10752K, 99% used [0x0000000770980000,0x00000007713fa3c0,0x0000000771400000)
  to   space 10752K, 0% used [0x000000076ff00000,0x000000076ff00000,0x0000000770980000)
 ParOldGen       total 173568K, used 4877K [0x00000006c3e00000, 0x00000006ce780000, 0x000000076bf80000)
  object space 173568K, 2% used [0x00000006c3e00000,0x00000006c42c3408,0x00000006ce780000)
 Metaspace       used 18691K, capacity 19414K, committed 19584K, reserved 1067008K
  class space    used 2485K, capacity 2671K, committed 2688K, reserved 1048576K
}
Event: 40.310 GC heap before
{Heap before GC invocations=3 (full 0):
 PSYoungGen      total 75776K, used 17446K [0x000000076bf80000, 0x0000000771400000, 0x00000007c0000000)
  eden space 65024K, 10% used [0x000000076bf80000,0x000000076c60f700,0x000000076ff00000)
  from space 10752K, 99% used [0x0000000770980000,0x00000007713fa3c0,0x0000000771400000)
  to   space 10752K, 0% used [0x000000076ff00000,0x000000076ff00000,0x0000000770980000)
 ParOldGen       total 173568K, used 4877K [0x00000006c3e00000, 0x00000006ce780000, 0x000000076bf80000)
  object space 173568K, 2% used [0x00000006c3e00000,0x00000006c42c3408,0x00000006ce780000)
 Metaspace       used 20408K, capacity 21154K, committed 21296K, reserved 1067008K
  class space    used 2676K, capacity 2865K, committed 2944K, reserved 1048576K
Event: 40.316 GC heap after
Heap after GC invocations=3 (full 0):
 PSYoungGen      total 75776K, used 7470K [0x000000076bf80000, 0x0000000771400000, 0x00000007c0000000)
  eden space 65024K, 0% used [0x000000076bf80000,0x000000076bf80000,0x000000076ff00000)
  from space 10752K, 69% used [0x000000076ff00000,0x000000077064ba00,0x0000000770980000)
  to   space 10752K, 0% used [0x0000000770980000,0x0000000770980000,0x0000000771400000)
 ParOldGen       total 173568K, used 4885K [0x00000006c3e00000, 0x00000006ce780000, 0x000000076bf80000)
  object space 173568K, 2% used [0x00000006c3e00000,0x00000006c42c5408,0x00000006ce780000)
 Metaspace       used 20408K, capacity 21154K, committed 21296K, reserved 1067008K
  class space    used 2676K, capacity 2865K, committed 2944K, reserved 1048576K
}
Event: 40.316 GC heap before
{Heap before GC invocations=4 (full 1):
 PSYoungGen      total 75776K, used 7470K [0x000000076bf80000, 0x0000000771400000, 0x00000007c0000000)
  eden space 65024K, 0% used [0x000000076bf80000,0x000000076bf80000,0x000000076ff00000)
  from space 10752K, 69% used [0x000000076ff00000,0x000000077064ba00,0x0000000770980000)
  to   space 10752K, 0% used [0x0000000770980000,0x0000000770980000,0x0000000771400000)
 ParOldGen       total 173568K, used 4885K [0x00000006c3e00000, 0x00000006ce780000, 0x000000076bf80000)
  object space 173568K, 2% used [0x00000006c3e00000,0x00000006c42c5408,0x00000006ce780000)
 Metaspace       used 20408K, capacity 21154K, committed 21296K, reserved 1067008K
  class space    used 2676K, capacity 2865K, committed 2944K, reserved 1048576K
Event: 40.346 GC heap after
Heap after GC invocations=4 (full 1):
 PSYoungGen      total 75776K, used 0K [0x000000076bf80000, 0x0000000771400000, 0x00000007c0000000)
  eden space 65024K, 0% used [0x000000076bf80000,0x000000076bf80000,0x000000076ff00000)
  from space 10752K, 0% used [0x000000076ff00000,0x000000076ff00000,0x0000000770980000)
  to   space 10752K, 0% used [0x0000000770980000,0x0000000770980000,0x0000000771400000)
 ParOldGen       total 77312K, used 8391K [0x00000006c3e00000, 0x00000006c8980000, 0x000000076bf80000)
  object space 77312K, 10% used [0x00000006c3e00000,0x00000006c4631ff8,0x00000006c8980000)
 Metaspace       used 19932K, capacity 20392K, committed 21296K, reserved 1067008K
  class space    used 2606K, capacity 2738K, committed 2944K, reserved 1048576K
}

Deoptimization events (10 events):
Event: 36.780 Thread 0x000000001eff2800 Uncommon trap: reason=unstable_if action=reinterpret pc=0x0000000002ec5184 method=java.lang.Long.valueOf(J)Ljava/lang/Long; @ 5
Event: 40.129 Thread 0x000000001f33c000 Uncommon trap: reason=unstable_if action=reinterpret pc=0x0000000002a99078 method=java.util.HashMap.getNode(ILjava/lang/Object;)Ljava/util/HashMap$Node; @ 84
Event: 40.129 Thread 0x000000001f33c000 Uncommon trap: reason=unstable_if action=reinterpret pc=0x0000000002ab27c0 method=java.util.HashMap.getNode(ILjava/lang/Object;)Ljava/util/HashMap$Node; @ 84
Event: 40.179 Thread 0x000000001f33c000 Uncommon trap: reason=unstable_if action=reinterpret pc=0x0000000002b5e4f8 method=sun.misc.MetaIndex.mayContain(Ljava/lang/String;)Z @ 38
Event: 40.207 Thread 0x000000001f33c000 Uncommon trap: reason=unstable_if action=reinterpret pc=0x0000000002b35294 method=sun.misc.MetaIndex.mayContain(Ljava/lang/String;)Z @ 38
Event: 40.378 Thread 0x000000001f33c000 Uncommon trap: reason=bimorphic action=maybe_recompile pc=0x0000000003015c6c method=java.util.Hashtable.put(Ljava/lang/Object;Ljava/lang/Object;)Ljava/lang/Object; @ 60
Event: 40.378 Thread 0x000000001f33c000 Uncommon trap: reason=bimorphic action=maybe_recompile pc=0x0000000003015c6c method=java.util.Hashtable.put(Ljava/lang/Object;Ljava/lang/Object;)Ljava/lang/Object; @ 60
Event: 40.378 Thread 0x000000001f33c000 Uncommon trap: reason=bimorphic action=maybe_recompile pc=0x0000000003015c6c method=java.util.Hashtable.put(Ljava/lang/Object;Ljava/lang/Object;)Ljava/lang/Object; @ 60
Event: 40.412 Thread 0x000000001f33c000 Uncommon trap: reason=unstable_if action=reinterpret pc=0x0000000002f6d144 method=java.util.HashMap.putVal(ILjava/lang/Object;Ljava/lang/Object;ZZ)Ljava/lang/Object; @ 109
Event: 40.412 Thread 0x000000001f33c000 Uncommon trap: reason=unstable_if action=reinterpret pc=0x0000000002f660d0 method=java.util.HashMap.putVal(ILjava/lang/Object;Ljava/lang/Object;ZZ)Ljava/lang/Object; @ 109

Classes redefined (0 events):
No events

Internal exceptions (10 events):
Event: 0.298 Thread 0x0000000000e0d800 Exception <a 'java/lang/ClassNotFoundException': javax/swing/JToolBarSeparator> (0x000000076c4ef088) thrown at [C:\ade\jenkins\workspace\8-2-build-windows-amd64-cygwin\jdk8u241\331\hotspot\src\share\vm\classfile\systemDictionary.cpp, line 210]
Event: 0.298 Thread 0x0000000000e0d800 Exception <a 'java/lang/ClassNotFoundException': ToolBarSeparator> (0x000000076c4ef520) thrown at [C:\ade\jenkins\workspace\8-2-build-windows-amd64-cygwin\jdk8u241\331\hotspot\src\share\vm\classfile\systemDictionary.cpp, line 210]
Event: 0.298 Thread 0x0000000000e0d800 Exception <a 'java/lang/ClassNotFoundException': ToolTip> (0x000000076c4efc60) thrown at [C:\ade\jenkins\workspace\8-2-build-windows-amd64-cygwin\jdk8u241\331\hotspot\src\share\vm\classfile\systemDictionary.cpp, line 210]
Event: 0.299 Thread 0x0000000000e0d800 Exception <a 'java/lang/ClassNotFoundException': Tree> (0x000000076c4f0880) thrown at [C:\ade\jenkins\workspace\8-2-build-windows-amd64-cygwin\jdk8u241\331\hotspot\src\share\vm\classfile\systemDictionary.cpp, line 210]
Event: 0.300 Thread 0x0000000000e0d800 Exception <a 'java/lang/ClassNotFoundException': Tree> (0x000000076c4f0fc0) thrown at [C:\ade\jenkins\workspace\8-2-build-windows-amd64-cygwin\jdk8u241\331\hotspot\src\share\vm\classfile\systemDictionary.cpp, line 210]
Event: 0.300 Thread 0x0000000000e0d800 Exception <a 'java/lang/ClassNotFoundException': javax/swing/JTreeCell> (0x000000076c4f1340) thrown at [C:\ade\jenkins\workspace\8-2-build-windows-amd64-cygwin\jdk8u241\331\hotspot\src\share\vm\classfile\systemDictionary.cpp, line 210]
Event: 0.300 Thread 0x0000000000e0d800 Exception <a 'java/lang/ClassNotFoundException': TreeCell> (0x000000076c4f17c8) thrown at [C:\ade\jenkins\workspace\8-2-build-windows-amd64-cygwin\jdk8u241\331\hotspot\src\share\vm\classfile\systemDictionary.cpp, line 210]
Event: 0.300 Thread 0x0000000000e0d800 Exception <a 'java/lang/ClassNotFoundException': RootPane> (0x000000076c4f2228) thrown at [C:\ade\jenkins\workspace\8-2-build-windows-amd64-cygwin\jdk8u241\331\hotspot\src\share\vm\classfile\systemDictionary.cpp, line 210]
Event: 3.711 Thread 0x000000001f06b000 Exception <a 'java/lang/InterruptedException': sleep interrupted> (0x000000076d20e898) thrown at [C:\ade\jenkins\workspace\8-2-build-windows-amd64-cygwin\jdk8u241\331\hotspot\src\share\vm\prims\jvm.cpp, line 3288]
Event: 33.638 Thread 0x000000001f33a800 Exception <a 'java/lang/InterruptedException': sleep interrupted> (0x000000076bf94408) thrown at [C:\ade\jenkins\workspace\8-2-build-windows-amd64-cygwin\jdk8u241\331\hotspot\src\share\vm\prims\jvm.cpp, line 3288]

Events (10 events):
Event: 40.471 Thread 0x000000001df67800 flushing nmethod 0x0000000002ba1010
Event: 40.471 Thread 0x000000001df67800 flushing nmethod 0x0000000002ba5bd0
Event: 40.471 Thread 0x000000001df67800 flushing nmethod 0x0000000002ba9010
Event: 40.471 Thread 0x000000001df67800 flushing nmethod 0x0000000002bac890
Event: 40.471 Thread 0x000000001df67800 flushing nmethod 0x0000000002bad110
Event: 40.471 Thread 0x000000001df67800 flushing nmethod 0x0000000002bae9d0
Event: 40.471 Thread 0x000000001df67800 flushing nmethod 0x0000000002bb2550
Event: 40.471 Thread 0x000000001df67800 flushing nmethod 0x0000000002bb89d0
Event: 40.471 Thread 0x000000001df67800 flushing nmethod 0x0000000002bb9710
Event: 40.471 Thread 0x000000001df67800 flushing nmethod 0x0000000002bbc3d0


Dynamic libraries:
0x00007ff7c3250000 - 0x00007ff7c3287000 	C:\Program Files\Java\jdk1.8.0_241\bin\java.exe
0x00007ffc4c300000 - 0x00007ffc4c4f0000 	C:\Windows\SYSTEM32\ntdll.dll
0x00007ffc4adf0000 - 0x00007ffc4aea2000 	C:\Windows\System32\KERNEL32.DLL
0x00007ffc496f0000 - 0x00007ffc49993000 	C:\Windows\System32\KERNELBASE.dll
0x00007ffc4a3b0000 - 0x00007ffc4a453000 	C:\Windows\System32\ADVAPI32.dll
0x00007ffc4bc20000 - 0x00007ffc4bcbe000 	C:\Windows\System32\msvcrt.dll
0x00007ffc4a460000 - 0x00007ffc4a4f7000 	C:\Windows\System32\sechost.dll
0x00007ffc4b870000 - 0x00007ffc4b990000 	C:\Windows\System32\RPCRT4.dll
0x00007ffc4ba00000 - 0x00007ffc4bb94000 	C:\Windows\System32\USER32.dll
0x00007ffc4a380000 - 0x00007ffc4a3a1000 	C:\Windows\System32\win32u.dll
0x00007ffc4bf00000 - 0x00007ffc4bf26000 	C:\Windows\System32\GDI32.dll
0x00007ffc49450000 - 0x00007ffc495e4000 	C:\Windows\System32\gdi32full.dll
0x00007ffc4a150000 - 0x00007ffc4a1ee000 	C:\Windows\System32\msvcp_win.dll
0x00007ffc495f0000 - 0x00007ffc496ea000 	C:\Windows\System32\ucrtbase.dll
0x00007ffc339a0000 - 0x00007ffc33c25000 	C:\Windows\WinSxS\amd64_microsoft.windows.common-controls_6595b64144ccf1df_6.0.18362.778_none_e6c6b761130d4fb8\COMCTL32.dll
0x00007ffc4a500000 - 0x00007ffc4a836000 	C:\Windows\System32\combase.dll
0x00007ffc4a300000 - 0x00007ffc4a380000 	C:\Windows\System32\bcryptPrimitives.dll
0x00007ffc4bed0000 - 0x00007ffc4befe000 	C:\Windows\System32\IMM32.DLL
0x0000000072d10000 - 0x0000000072de2000 	C:\Program Files\Java\jdk1.8.0_241\jre\bin\msvcr100.dll
0x0000000072df0000 - 0x000000007369c000 	C:\Program Files\Java\jdk1.8.0_241\jre\bin\server\jvm.dll
0x00007ffc4c290000 - 0x00007ffc4c298000 	C:\Windows\System32\PSAPI.DLL
0x00007ffc3cbb0000 - 0x00007ffc3cbd4000 	C:\Windows\SYSTEM32\WINMM.dll
0x00007ffc3f700000 - 0x00007ffc3f70a000 	C:\Windows\SYSTEM32\VERSION.dll
0x00007ffc3cb80000 - 0x00007ffc3cbad000 	C:\Windows\SYSTEM32\WINMMBASE.dll
0x00007ffc49290000 - 0x00007ffc492da000 	C:\Windows\System32\cfgmgr32.dll
0x00007ffc21d00000 - 0x00007ffc21d09000 	C:\Windows\SYSTEM32\WSOCK32.dll
0x00007ffc4c110000 - 0x00007ffc4c17f000 	C:\Windows\System32\WS2_32.dll
0x00007ffc21cf0000 - 0x00007ffc21cff000 	C:\Program Files\Java\jdk1.8.0_241\jre\bin\verify.dll
0x00007ffc13e30000 - 0x00007ffc13e59000 	C:\Program Files\Java\jdk1.8.0_241\jre\bin\java.dll
0x00007ffc1fe90000 - 0x00007ffc1fea6000 	C:\Program Files\Java\jdk1.8.0_241\jre\bin\zip.dll
0x00007ffc4af70000 - 0x00007ffc4b655000 	C:\Windows\System32\SHELL32.dll
0x00007ffc4c1e0000 - 0x00007ffc4c289000 	C:\Windows\System32\shcore.dll
0x00007ffc499a0000 - 0x00007ffc4a120000 	C:\Windows\System32\windows.storage.dll
0x00007ffc49210000 - 0x00007ffc49233000 	C:\Windows\System32\profapi.dll
0x00007ffc49240000 - 0x00007ffc4928a000 	C:\Windows\System32\powrprof.dll
0x00007ffc491c0000 - 0x00007ffc491d0000 	C:\Windows\System32\UMPDC.dll
0x00007ffc4b9a0000 - 0x00007ffc4b9f2000 	C:\Windows\System32\shlwapi.dll
0x00007ffc491d0000 - 0x00007ffc491e1000 	C:\Windows\System32\kernel.appcore.dll
0x00007ffc492e0000 - 0x00007ffc492f7000 	C:\Windows\System32\cryptsp.dll
0x00007ffbd3f40000 - 0x00007ffbd40da000 	C:\Program Files\Java\jdk1.8.0_241\jre\bin\awt.dll
0x00007ffc4be00000 - 0x00007ffc4bec4000 	C:\Windows\System32\OLEAUT32.dll
0x00007ffc46ee0000 - 0x00007ffc46f6f000 	C:\Windows\SYSTEM32\apphelp.dll
0x00007ffc470a0000 - 0x00007ffc47139000 	C:\Windows\system32\uxtheme.dll
0x00007ffc4a840000 - 0x00007ffc4a976000 	C:\Windows\System32\MSCTF.dll
0x00007ffc4bf30000 - 0x00007ffc4c087000 	C:\Windows\System32\ole32.dll
0x00007ffc47410000 - 0x00007ffc4743d000 	C:\Windows\system32\DWMAPI.DLL
0x00007ffbd9330000 - 0x00007ffbd9379000 	C:\Program Files\Java\jdk1.8.0_241\jre\bin\fontmanager.dll
0x00007ffc0eff0000 - 0x00007ffc0f146000 	C:\Windows\system32\opengl32.dll
0x00007ffc0f6e0000 - 0x00007ffc0f70c000 	C:\Windows\SYSTEM32\GLU32.dll
0x00007ffc47e30000 - 0x00007ffc47e50000 	C:\Windows\SYSTEM32\dxcore.dll
0x00007ffc18290000 - 0x00007ffc182aa000 	C:\Program Files\Java\jdk1.8.0_241\jre\bin\net.dll
0x00007ffc48a30000 - 0x00007ffc48a97000 	C:\Windows\system32\mswsock.dll
0x00007ffc0fc40000 - 0x00007ffc0fc52000 	C:\Program Files\Java\jdk1.8.0_241\jre\bin\nio.dll
0x00007ffbd5390000 - 0x00007ffbd53d2000 	C:\Program Files\Java\jdk1.8.0_241\jre\bin\t2k.dll
0x00007ffc2a4b0000 - 0x00007ffc2a54e000 	C:\Windows\System32\TextInputFramework.dll
0x00007ffc29e50000 - 0x00007ffc2a17a000 	C:\Windows\System32\CoreUIComponents.dll
0x00007ffc46dd0000 - 0x00007ffc46ea4000 	C:\Windows\System32\CoreMessaging.dll
0x00007ffc48220000 - 0x00007ffc48251000 	C:\Windows\SYSTEM32\ntmarta.dll
0x00007ffc45000000 - 0x00007ffc45153000 	C:\Windows\SYSTEM32\wintypes.dll
0x00007ffc35850000 - 0x00007ffc358b5000 	C:\Windows\system32\Oleacc.dll
0x00007ffc3a750000 - 0x00007ffc3a9f6000 	C:\Windows\System32\iertutil.dll
0x00007ffc4aec0000 - 0x00007ffc4af62000 	C:\Windows\System32\clbcatq.dll
0x00007ffc28640000 - 0x00007ffc287ef000 	C:\Windows\SYSTEM32\WindowsCodecs.dll
0x00007ffc0de50000 - 0x00007ffc0de8a000 	C:\Windows\system32\dataexchange.dll
0x00007ffc46780000 - 0x00007ffc4695c000 	C:\Windows\system32\dcomp.dll
0x00007ffc46520000 - 0x00007ffc4677b000 	C:\Windows\system32\d3d11.dll
0x00007ffc47ec0000 - 0x00007ffc47fab000 	C:\Windows\system32\dxgi.dll
0x00007ffc47190000 - 0x00007ffc473ea000 	C:\Windows\system32\twinapi.appcore.dll
0x00007ffc476a0000 - 0x00007ffc476c9000 	C:\Windows\system32\RMCLIENT.dll
0x00007ffc47a70000 - 0x00007ffc47c64000 	C:\Windows\SYSTEM32\dbghelp.dll

VM Arguments:
jvm_args: -Dfile.encoding=UTF-8 
java_command: UI_Pages.HomePages.Home
java_class_path (initial): C:\Users\rohit\OneDrive\Desktop\AED_Project\project_jars\db4o-8.0.184.15484-all-java5.jar;C:\Users\rohit\OneDrive\Desktop\23\AED_AAA_Group\ENCP_Project_AED 5\jcalendar-1.4.jar;C:\Users\rohit\OneDrive\Desktop\AED_Project\project_jars\AbsoluteLayout.jar;C:\Users\rohit\OneDrive\Desktop\23\AED_AAA_Group\ENCP_Project_AED 5\build\classes
Launcher Type: SUN_STANDARD

Environment Variables:
JAVA_HOME=C:\Program Files\Java\jdk1.8.0_241
PATH=C:\Program Files (x86)\Common Files\Oracle\Java\javapath;C:\Windows\system32;C:\Windows;C:\Windows\System32\Wbem;C:\Windows\System32\WindowsPowerShell\v1.0\;C:\Windows\System32\OpenSSH\;C:\Program Files\Java\jdk1.8.0_241\bin;C:\Program Files\Git\cmd;C:\Program Files\Git\mingw64\bin;C:\Program Files\Git\usr\bin;C:\ffmpeg\bin;C:\Program Files\SourceGear\Common\DiffMerge\;C:\Users\rohit\AppData\Local\Microsoft\WindowsApps;C:\Users\rohit\AppData\Local\GitHubDesktop\bin;C:\Program Files\Java\jdk1.8.0_241;
USERNAME=rohit
OS=Windows_NT
PROCESSOR_IDENTIFIER=Intel64 Family 6 Model 142 Stepping 12, GenuineIntel



---------------  S Y S T E M  ---------------

OS: Windows 10.0 , 64 bit Build 18362 (10.0.18362.778)

CPU:total 8 (initial active 8) (4 cores per cpu, 2 threads per core) family 6 model 142 stepping 12, cmov, cx8, fxsr, mmx, sse, sse2, sse3, ssse3, sse4.1, sse4.2, popcnt, avx, avx2, aes, clmul, erms, 3dnowpref, lzcnt, ht, tsc, tscinvbit, bmi1, bmi2, adx

Memory: 4k page, physical 16522324k(6961376k free), swap 40639572k(22369484k free)

vm_info: Java HotSpot(TM) 64-Bit Server VM (25.241-b07) for windows-amd64 JRE (1.8.0_241-b07), built on Dec 11 2019 10:21:40 by "rejava" with MS VC++ 10.0 (VS2010)

time: Thu Apr 23 14:23:41 2020
timezone: Eastern Daylight Time
elapsed time: 40 seconds (0d 0h 0m 40s)

